[2021-06-17 15:23:10.378] [jointLog] [info] setting maxHashResizeThreads to 24
[2021-06-17 15:23:10.378] [jointLog] [info] Fragment incompatibility prior below threshold.  Incompatible fragments will be ignored.
[2021-06-17 15:23:10.378] [jointLog] [info] Usage of --validateMappings implies use of minScoreFraction. Since not explicitly specified, it is being set to 0.65
[2021-06-17 15:23:10.378] [jointLog] [info] Setting consensusSlack to selective-alignment default of 0.35.
[2021-06-17 15:23:10.378] [jointLog] [info] parsing read library format
[2021-06-17 15:23:10.378] [jointLog] [info] There is 1 library.
[2021-06-17 15:23:10.429] [jointLog] [info] Loading pufferfish index
[2021-06-17 15:23:10.429] [jointLog] [info] Loading dense pufferfish index.
[2021-06-17 15:23:10.436] [jointLog] [info] done
[2021-06-17 15:23:10.436] [jointLog] [info] Index contained 1,293 targets
[2021-06-17 15:23:10.437] [jointLog] [info] Number of decoys : 0
[2021-06-17 15:23:17.232] [jointLog] [info] Automatically detected most likely library type as ISR

[2021-06-17 15:26:29.308] [jointLog] [info] Thread saw mini-batch with a maximum of 0.22% zero probability fragments
[2021-06-17 15:26:29.309] [jointLog] [info] Thread saw mini-batch with a maximum of 0.20% zero probability fragments
[2021-06-17 15:26:29.309] [jointLog] [info] Thread saw mini-batch with a maximum of 0.20% zero probability fragments
[2021-06-17 15:26:29.317] [jointLog] [info] Thread saw mini-batch with a maximum of 0.22% zero probability fragments
[2021-06-17 15:26:29.322] [jointLog] [info] Thread saw mini-batch with a maximum of 0.26% zero probability fragments
[2021-06-17 15:26:29.323] [jointLog] [info] Thread saw mini-batch with a maximum of 0.26% zero probability fragments
[2021-06-17 15:26:29.335] [jointLog] [info] Thread saw mini-batch with a maximum of 0.24% zero probability fragments
[2021-06-17 15:26:29.341] [jointLog] [info] Thread saw mini-batch with a maximum of 0.20% zero probability fragments
[2021-06-17 15:26:29.349] [jointLog] [info] Thread saw mini-batch with a maximum of 0.22% zero probability fragments
[2021-06-17 15:26:29.351] [jointLog] [info] Thread saw mini-batch with a maximum of 0.24% zero probability fragments
[2021-06-17 15:26:29.369] [jointLog] [info] Thread saw mini-batch with a maximum of 0.24% zero probability fragments
[2021-06-17 15:26:29.385] [jointLog] [info] Thread saw mini-batch with a maximum of 0.24% zero probability fragments
[2021-06-17 15:26:29.386] [jointLog] [info] Thread saw mini-batch with a maximum of 0.18% zero probability fragments
[2021-06-17 15:26:29.397] [jointLog] [info] Thread saw mini-batch with a maximum of 0.22% zero probability fragments
[2021-06-17 15:26:29.405] [jointLog] [info] Thread saw mini-batch with a maximum of 0.22% zero probability fragments
[2021-06-17 15:26:29.407] [jointLog] [info] Thread saw mini-batch with a maximum of 0.22% zero probability fragments
[2021-06-17 15:26:29.418] [jointLog] [info] Thread saw mini-batch with a maximum of 0.22% zero probability fragments
[2021-06-17 15:26:29.427] [jointLog] [info] Thread saw mini-batch with a maximum of 0.20% zero probability fragments
[2021-06-17 15:26:29.427] [jointLog] [info] Thread saw mini-batch with a maximum of 0.22% zero probability fragments
[2021-06-17 15:26:29.428] [jointLog] [info] Thread saw mini-batch with a maximum of 0.18% zero probability fragments
[2021-06-17 15:26:29.432] [jointLog] [info] Thread saw mini-batch with a maximum of 0.24% zero probability fragments
[2021-06-17 15:26:29.436] [jointLog] [info] Thread saw mini-batch with a maximum of 0.22% zero probability fragments
[2021-06-17 15:26:29.438] [jointLog] [info] Thread saw mini-batch with a maximum of 0.24% zero probability fragments
[2021-06-17 15:26:29.530] [jointLog] [info] Thread saw mini-batch with a maximum of 0.22% zero probability fragments
[2021-06-17 15:26:29.709] [jointLog] [info] Computed 3,869 rich equivalence classes for further processing
[2021-06-17 15:26:29.709] [jointLog] [info] Counted 2,362,858 total reads in the equivalence classes 
[2021-06-17 15:26:29.714] [jointLog] [info] Number of mappings discarded because of alignment score : 809,874
[2021-06-17 15:26:29.714] [jointLog] [info] Number of fragments entirely discarded because of alignment score : 653,940
[2021-06-17 15:26:29.714] [jointLog] [info] Number of fragments discarded because they are best-mapped to decoys : 0
[2021-06-17 15:26:29.714] [jointLog] [warning] Only 2362858 fragments were mapped, but the number of burn-in fragments was set to 5000000.
The effective lengths have been computed using the observed mappings.

[2021-06-17 15:26:29.714] [jointLog] [info] Mapping rate = 2.85442%

[2021-06-17 15:26:29.714] [jointLog] [info] finished quantifyLibrary()
[2021-06-17 15:26:29.715] [jointLog] [info] Starting optimizer
[2021-06-17 15:26:29.724] [jointLog] [info] Marked 0 weighted equivalence classes as degenerate
[2021-06-17 15:26:29.725] [jointLog] [info] iteration = 0 | max rel diff. = 25858.8
[2021-06-17 15:26:29.765] [jointLog] [info] iteration = 100 | max rel diff. = 0.0319196
[2021-06-17 15:26:29.786] [jointLog] [info] iteration = 153 | max rel diff. = 0.000817261
[2021-06-17 15:26:29.786] [jointLog] [info] Finished optimizer
[2021-06-17 15:26:29.786] [jointLog] [info] writing output 

[2021-06-17 15:26:29.792] [jointLog] [info] Starting Bootstrapping
[2021-06-17 15:26:29.793] [jointLog] [info] Will draw 50 bootstrap samples
[2021-06-17 15:26:29.793] [jointLog] [info] Optimizing over 3,869 equivalence classes
[2021-06-17 15:26:29.793] [jointLog] [info] Marked 0 weighted equivalence classes as degenerate
[2021-06-17 15:26:29.710] [fileLog] [info] 
At end of round 0
==================
Observed 82779026 total fragments (82779026 in most recent round)

[2021-06-17 15:26:30.063] [jointLog] [info] wrote 1 bootstraps
[2021-06-17 15:26:30.064] [jointLog] [info] wrote 2 bootstraps
[2021-06-17 15:26:30.066] [jointLog] [info] wrote 3 bootstraps
[2021-06-17 15:26:30.068] [jointLog] [info] wrote 4 bootstraps
[2021-06-17 15:26:30.068] [jointLog] [info] wrote 5 bootstraps
[2021-06-17 15:26:30.070] [jointLog] [info] wrote 6 bootstraps
[2021-06-17 15:26:30.074] [jointLog] [info] wrote 7 bootstraps
[2021-06-17 15:26:30.078] [jointLog] [info] wrote 8 bootstraps
[2021-06-17 15:26:30.079] [jointLog] [info] wrote 9 bootstraps
[2021-06-17 15:26:30.083] [jointLog] [info] wrote 10 bootstraps
[2021-06-17 15:26:30.086] [jointLog] [info] wrote 11 bootstraps
[2021-06-17 15:26:30.092] [jointLog] [info] wrote 12 bootstraps
[2021-06-17 15:26:30.095] [jointLog] [info] wrote 13 bootstraps
[2021-06-17 15:26:30.096] [jointLog] [info] wrote 14 bootstraps
[2021-06-17 15:26:30.098] [jointLog] [info] wrote 15 bootstraps
[2021-06-17 15:26:30.107] [jointLog] [info] wrote 16 bootstraps
[2021-06-17 15:26:30.138] [jointLog] [info] wrote 17 bootstraps
[2021-06-17 15:26:30.143] [jointLog] [info] wrote 18 bootstraps
[2021-06-17 15:26:30.146] [jointLog] [info] wrote 19 bootstraps
[2021-06-17 15:26:30.151] [jointLog] [info] wrote 20 bootstraps
[2021-06-17 15:26:30.152] [jointLog] [info] wrote 21 bootstraps
[2021-06-17 15:26:30.154] [jointLog] [info] wrote 22 bootstraps
[2021-06-17 15:26:30.155] [jointLog] [info] wrote 23 bootstraps
[2021-06-17 15:26:30.330] [jointLog] [info] wrote 24 bootstraps
[2021-06-17 15:26:30.333] [jointLog] [info] wrote 25 bootstraps
[2021-06-17 15:26:30.335] [jointLog] [info] wrote 26 bootstraps
[2021-06-17 15:26:30.335] [jointLog] [info] wrote 27 bootstraps
[2021-06-17 15:26:30.337] [jointLog] [info] wrote 28 bootstraps
[2021-06-17 15:26:30.345] [jointLog] [info] wrote 29 bootstraps
[2021-06-17 15:26:30.346] [jointLog] [info] wrote 30 bootstraps
[2021-06-17 15:26:30.347] [jointLog] [info] wrote 31 bootstraps
[2021-06-17 15:26:30.348] [jointLog] [info] wrote 32 bootstraps
[2021-06-17 15:26:30.355] [jointLog] [info] wrote 33 bootstraps
[2021-06-17 15:26:30.359] [jointLog] [info] wrote 34 bootstraps
[2021-06-17 15:26:30.370] [jointLog] [info] wrote 35 bootstraps
[2021-06-17 15:26:30.374] [jointLog] [info] wrote 36 bootstraps
[2021-06-17 15:26:30.376] [jointLog] [info] wrote 37 bootstraps
[2021-06-17 15:26:30.378] [jointLog] [info] wrote 38 bootstraps
[2021-06-17 15:26:30.390] [jointLog] [info] wrote 39 bootstraps
[2021-06-17 15:26:30.416] [jointLog] [info] wrote 40 bootstraps
[2021-06-17 15:26:30.417] [jointLog] [info] wrote 41 bootstraps
[2021-06-17 15:26:30.421] [jointLog] [info] wrote 42 bootstraps
[2021-06-17 15:26:30.424] [jointLog] [info] wrote 43 bootstraps
[2021-06-17 15:26:30.433] [jointLog] [info] wrote 44 bootstraps
[2021-06-17 15:26:30.442] [jointLog] [info] wrote 45 bootstraps
[2021-06-17 15:26:30.452] [jointLog] [info] wrote 46 bootstraps
[2021-06-17 15:26:30.586] [jointLog] [info] wrote 47 bootstraps
[2021-06-17 15:26:30.593] [jointLog] [info] wrote 48 bootstraps
[2021-06-17 15:26:30.597] [jointLog] [info] wrote 49 bootstraps
[2021-06-17 15:26:30.598] [jointLog] [info] wrote 50 bootstraps
[2021-06-17 15:26:30.601] [jointLog] [info] Finished Bootstrapping
