[2018-10-25 11:50:07.667] [jointLog] [info] Fragment incompatibility prior below threshold.  Incompatible fragments will be ignored.
[2018-10-25 11:50:07.667] [jointLog] [info] parsing read library format
[2018-10-25 11:50:07.668] [jointLog] [info] There is 1 library.
[2018-10-25 11:50:07.756] [jointLog] [info] Loading Quasi index
[2018-10-25 11:50:07.762] [jointLog] [info] Loading 32-bit quasi index
[2018-10-25 11:50:17.163] [jointLog] [info] done
[2018-10-25 11:50:17.163] [jointLog] [info] Index contained 101,973 targets
[2018-10-25 11:50:19.235] [jointLog] [info] Automatically detected most likely library type as ISR
[2018-10-25 12:00:47.998] [fileLog] [info] 
At end of round 0
==================
Observed 46482746 total fragments (46482746 in most recent round)

[2018-10-25 12:00:47.739] [jointLog] [info] Thread saw mini-batch with a maximum of 3.42% zero probability fragments
[2018-10-25 12:00:47.739] [jointLog] [info] Thread saw mini-batch with a maximum of 3.42% zero probability fragments
[2018-10-25 12:00:47.774] [jointLog] [info] Thread saw mini-batch with a maximum of 3.42% zero probability fragments
[2018-10-25 12:00:47.802] [jointLog] [info] Thread saw mini-batch with a maximum of 3.66% zero probability fragments
[2018-10-25 12:00:47.867] [jointLog] [info] Thread saw mini-batch with a maximum of 3.44% zero probability fragments
[2018-10-25 12:00:47.888] [jointLog] [info] Thread saw mini-batch with a maximum of 3.40% zero probability fragments
[2018-10-25 12:00:47.997] [jointLog] [info] Computed 54,518 rich equivalence classes for further processing
[2018-10-25 12:00:47.997] [jointLog] [info] Counted 29,224,248 total reads in the equivalence classes 
[2018-10-25 12:00:48.001] [jointLog] [info] Mapping rate = 62.8712%

[2018-10-25 12:00:48.001] [jointLog] [info] finished quantifyLibrary()
[2018-10-25 12:00:48.011] [jointLog] [info] Starting optimizer
[2018-10-25 12:00:48.064] [jointLog] [info] Marked 0 weighted equivalence classes as degenerate
[2018-10-25 12:00:48.069] [jointLog] [info] iteration = 0 | max rel diff. = 10948.6
[2018-10-25 12:00:48.553] [jointLog] [info] iteration = 100 | max rel diff. = 18.2928
[2018-10-25 12:00:49.036] [jointLog] [info] iteration = 200 | max rel diff. = 0.498109
[2018-10-25 12:00:49.520] [jointLog] [info] iteration = 300 | max rel diff. = 0.21781
[2018-10-25 12:00:50.004] [jointLog] [info] iteration = 400 | max rel diff. = 0.182122
[2018-10-25 12:00:50.490] [jointLog] [info] iteration = 500 | max rel diff. = 0.0548128
[2018-10-25 12:00:50.924] [jointLog] [info] iteration = 590 | max rel diff. = 0.00979171
[2018-10-25 12:00:50.927] [jointLog] [info] Finished optimizer
[2018-10-25 12:00:50.927] [jointLog] [info] writing output 

[2018-10-25 12:00:51.291] [jointLog] [info] Starting Bootstrapping
[2018-10-25 12:00:51.311] [jointLog] [info] Will draw 50 bootstrap samples
[2018-10-25 12:00:51.311] [jointLog] [info] Optimizing over 54,518 equivalence classes
[2018-10-25 12:00:51.317] [jointLog] [info] Marked 0 weighted equivalence classes as degenerate
[2018-10-25 12:01:04.743] [jointLog] [info] wrote 1 bootstraps
[2018-10-25 12:01:06.197] [jointLog] [info] wrote 2 bootstraps
[2018-10-25 12:01:06.252] [jointLog] [info] wrote 3 bootstraps
[2018-10-25 12:01:09.020] [jointLog] [info] wrote 4 bootstraps
[2018-10-25 12:01:12.645] [jointLog] [info] wrote 5 bootstraps
[2018-10-25 12:01:19.806] [jointLog] [info] wrote 6 bootstraps
[2018-10-25 12:01:20.717] [jointLog] [info] wrote 7 bootstraps
[2018-10-25 12:01:21.314] [jointLog] [info] wrote 8 bootstraps
[2018-10-25 12:01:25.511] [jointLog] [info] wrote 9 bootstraps
[2018-10-25 12:01:25.787] [jointLog] [info] wrote 10 bootstraps
[2018-10-25 12:01:36.726] [jointLog] [info] wrote 11 bootstraps
[2018-10-25 12:01:37.522] [jointLog] [info] wrote 12 bootstraps
[2018-10-25 12:01:39.705] [jointLog] [info] wrote 13 bootstraps
[2018-10-25 12:01:41.764] [jointLog] [info] wrote 14 bootstraps
[2018-10-25 12:01:44.214] [jointLog] [info] wrote 15 bootstraps
[2018-10-25 12:01:50.114] [jointLog] [info] wrote 16 bootstraps
[2018-10-25 12:01:57.143] [jointLog] [info] wrote 17 bootstraps
[2018-10-25 12:02:00.322] [jointLog] [info] wrote 18 bootstraps
[2018-10-25 12:02:00.486] [jointLog] [info] wrote 19 bootstraps
[2018-10-25 12:02:00.973] [jointLog] [info] wrote 20 bootstraps
[2018-10-25 12:02:02.284] [jointLog] [info] wrote 21 bootstraps
[2018-10-25 12:02:11.477] [jointLog] [info] wrote 22 bootstraps
[2018-10-25 12:02:13.600] [jointLog] [info] wrote 23 bootstraps
[2018-10-25 12:02:17.103] [jointLog] [info] wrote 24 bootstraps
[2018-10-25 12:02:19.207] [jointLog] [info] wrote 25 bootstraps
[2018-10-25 12:02:21.575] [jointLog] [info] wrote 26 bootstraps
[2018-10-25 12:02:27.855] [jointLog] [info] wrote 27 bootstraps
[2018-10-25 12:02:29.695] [jointLog] [info] wrote 28 bootstraps
[2018-10-25 12:02:30.200] [jointLog] [info] wrote 29 bootstraps
[2018-10-25 12:02:36.377] [jointLog] [info] wrote 30 bootstraps
[2018-10-25 12:02:38.696] [jointLog] [info] wrote 31 bootstraps
[2018-10-25 12:02:39.633] [jointLog] [info] wrote 32 bootstraps
[2018-10-25 12:02:43.244] [jointLog] [info] wrote 33 bootstraps
[2018-10-25 12:02:48.677] [jointLog] [info] wrote 34 bootstraps
[2018-10-25 12:02:56.805] [jointLog] [info] wrote 35 bootstraps
[2018-10-25 12:02:57.796] [jointLog] [info] wrote 36 bootstraps
[2018-10-25 12:02:58.081] [jointLog] [info] wrote 37 bootstraps
[2018-10-25 12:03:05.327] [jointLog] [info] wrote 38 bootstraps
[2018-10-25 12:03:05.402] [jointLog] [info] wrote 39 bootstraps
[2018-10-25 12:03:10.784] [jointLog] [info] wrote 40 bootstraps
[2018-10-25 12:03:14.568] [jointLog] [info] wrote 41 bootstraps
[2018-10-25 12:03:18.921] [jointLog] [info] wrote 42 bootstraps
[2018-10-25 12:03:21.239] [jointLog] [info] wrote 43 bootstraps
[2018-10-25 12:03:23.012] [jointLog] [info] wrote 44 bootstraps
[2018-10-25 12:03:29.078] [jointLog] [info] wrote 45 bootstraps
[2018-10-25 12:03:29.718] [jointLog] [info] wrote 46 bootstraps
[2018-10-25 12:03:32.103] [jointLog] [info] wrote 47 bootstraps
[2018-10-25 12:03:32.640] [jointLog] [info] wrote 48 bootstraps
[2018-10-25 12:03:41.443] [jointLog] [info] wrote 49 bootstraps
[2018-10-25 12:03:44.625] [jointLog] [info] wrote 50 bootstraps
[2018-10-25 12:03:44.633] [jointLog] [info] Finished Bootstrapping
