[2018-10-25 14:33:07.741] [jointLog] [info] Fragment incompatibility prior below threshold.  Incompatible fragments will be ignored.
[2018-10-25 14:33:07.741] [jointLog] [info] parsing read library format
[2018-10-25 14:33:07.741] [jointLog] [info] There is 1 library.
[2018-10-25 14:33:07.780] [jointLog] [info] Loading Quasi index
[2018-10-25 14:33:07.782] [jointLog] [info] Loading 32-bit quasi index
[2018-10-25 14:33:16.690] [jointLog] [info] done
[2018-10-25 14:33:16.690] [jointLog] [info] Index contained 101,973 targets
[2018-10-25 14:33:17.917] [jointLog] [info] Automatically detected most likely library type as ISR
[2018-10-25 14:44:38.353] [jointLog] [info] Thread saw mini-batch with a maximum of 5.74% zero probability fragments
[2018-10-25 14:44:38.357] [jointLog] [info] Thread saw mini-batch with a maximum of 5.80% zero probability fragments
[2018-10-25 14:44:38.397] [jointLog] [info] Thread saw mini-batch with a maximum of 5.62% zero probability fragments
[2018-10-25 14:44:38.418] [jointLog] [info] Thread saw mini-batch with a maximum of 5.76% zero probability fragments
[2018-10-25 14:44:38.455] [jointLog] [info] Thread saw mini-batch with a maximum of 5.68% zero probability fragments
[2018-10-25 14:44:38.475] [jointLog] [info] Thread saw mini-batch with a maximum of 5.74% zero probability fragments
[2018-10-25 14:44:38.559] [jointLog] [info] Computed 52,445 rich equivalence classes for further processing
[2018-10-25 14:44:38.559] [jointLog] [info] Counted 26,380,725 total reads in the equivalence classes 
[2018-10-25 14:44:38.563] [jointLog] [info] Mapping rate = 58.526%

[2018-10-25 14:44:38.563] [jointLog] [info] finished quantifyLibrary()
[2018-10-25 14:44:38.591] [jointLog] [info] Starting optimizer
[2018-10-25 14:44:38.641] [jointLog] [info] Marked 0 weighted equivalence classes as degenerate
[2018-10-25 14:44:38.647] [jointLog] [info] iteration = 0 | max rel diff. = 6284.02
[2018-10-25 14:44:38.560] [fileLog] [info] 
At end of round 0
==================
Observed 45075226 total fragments (45075226 in most recent round)

[2018-10-25 14:44:39.122] [jointLog] [info] iteration = 100 | max rel diff. = 6.26861
[2018-10-25 14:44:39.595] [jointLog] [info] iteration = 200 | max rel diff. = 9.41153
[2018-10-25 14:44:40.069] [jointLog] [info] iteration = 300 | max rel diff. = 1.07406
[2018-10-25 14:44:40.550] [jointLog] [info] iteration = 400 | max rel diff. = 0.182503
[2018-10-25 14:44:41.025] [jointLog] [info] iteration = 500 | max rel diff. = 0.271306
[2018-10-25 14:44:41.421] [jointLog] [info] iteration = 584 | max rel diff. = 0.00957217
[2018-10-25 14:44:41.430] [jointLog] [info] Finished optimizer
[2018-10-25 14:44:41.430] [jointLog] [info] writing output 

[2018-10-25 14:44:41.884] [jointLog] [info] Starting Bootstrapping
[2018-10-25 14:44:41.897] [jointLog] [info] Will draw 50 bootstrap samples
[2018-10-25 14:44:41.897] [jointLog] [info] Optimizing over 52,445 equivalence classes
[2018-10-25 14:44:41.902] [jointLog] [info] Marked 0 weighted equivalence classes as degenerate
[2018-10-25 14:44:55.752] [jointLog] [info] wrote 1 bootstraps
[2018-10-25 14:44:56.226] [jointLog] [info] wrote 2 bootstraps
[2018-10-25 14:44:57.790] [jointLog] [info] wrote 3 bootstraps
[2018-10-25 14:44:57.820] [jointLog] [info] wrote 4 bootstraps
[2018-10-25 14:44:59.794] [jointLog] [info] wrote 5 bootstraps
[2018-10-25 14:45:10.763] [jointLog] [info] wrote 6 bootstraps
[2018-10-25 14:45:11.592] [jointLog] [info] wrote 7 bootstraps
[2018-10-25 14:45:14.329] [jointLog] [info] wrote 8 bootstraps
[2018-10-25 14:45:15.534] [jointLog] [info] wrote 9 bootstraps
[2018-10-25 14:45:16.649] [jointLog] [info] wrote 10 bootstraps
[2018-10-25 14:45:27.046] [jointLog] [info] wrote 11 bootstraps
[2018-10-25 14:45:27.163] [jointLog] [info] wrote 12 bootstraps
[2018-10-25 14:45:28.977] [jointLog] [info] wrote 13 bootstraps
[2018-10-25 14:45:32.434] [jointLog] [info] wrote 14 bootstraps
[2018-10-25 14:45:34.713] [jointLog] [info] wrote 15 bootstraps
[2018-10-25 14:45:40.554] [jointLog] [info] wrote 16 bootstraps
[2018-10-25 14:45:41.889] [jointLog] [info] wrote 17 bootstraps
[2018-10-25 14:45:45.014] [jointLog] [info] wrote 18 bootstraps
[2018-10-25 14:45:48.058] [jointLog] [info] wrote 19 bootstraps
[2018-10-25 14:45:52.827] [jointLog] [info] wrote 20 bootstraps
[2018-10-25 14:45:57.228] [jointLog] [info] wrote 21 bootstraps
[2018-10-25 14:45:58.155] [jointLog] [info] wrote 22 bootstraps
[2018-10-25 14:46:00.468] [jointLog] [info] wrote 23 bootstraps
[2018-10-25 14:46:07.562] [jointLog] [info] wrote 24 bootstraps
[2018-10-25 14:46:07.692] [jointLog] [info] wrote 25 bootstraps
[2018-10-25 14:46:14.318] [jointLog] [info] wrote 26 bootstraps
[2018-10-25 14:46:16.832] [jointLog] [info] wrote 27 bootstraps
[2018-10-25 14:46:19.396] [jointLog] [info] wrote 28 bootstraps
[2018-10-25 14:46:19.543] [jointLog] [info] wrote 29 bootstraps
[2018-10-25 14:46:25.754] [jointLog] [info] wrote 30 bootstraps
[2018-10-25 14:46:30.761] [jointLog] [info] wrote 31 bootstraps
[2018-10-25 14:46:33.379] [jointLog] [info] wrote 32 bootstraps
[2018-10-25 14:46:35.001] [jointLog] [info] wrote 33 bootstraps
[2018-10-25 14:46:36.015] [jointLog] [info] wrote 34 bootstraps
[2018-10-25 14:46:40.921] [jointLog] [info] wrote 35 bootstraps
[2018-10-25 14:46:46.034] [jointLog] [info] wrote 36 bootstraps
[2018-10-25 14:46:49.624] [jointLog] [info] wrote 37 bootstraps
[2018-10-25 14:46:49.867] [jointLog] [info] wrote 38 bootstraps
[2018-10-25 14:46:51.546] [jointLog] [info] wrote 39 bootstraps
[2018-10-25 14:47:00.091] [jointLog] [info] wrote 40 bootstraps
[2018-10-25 14:47:02.225] [jointLog] [info] wrote 41 bootstraps
[2018-10-25 14:47:04.997] [jointLog] [info] wrote 42 bootstraps
[2018-10-25 14:47:06.888] [jointLog] [info] wrote 43 bootstraps
[2018-10-25 14:47:11.111] [jointLog] [info] wrote 44 bootstraps
[2018-10-25 14:47:14.513] [jointLog] [info] wrote 45 bootstraps
[2018-10-25 14:47:19.835] [jointLog] [info] wrote 46 bootstraps
[2018-10-25 14:47:21.690] [jointLog] [info] wrote 47 bootstraps
[2018-10-25 14:47:25.315] [jointLog] [info] wrote 48 bootstraps
[2018-10-25 14:47:27.825] [jointLog] [info] wrote 49 bootstraps
[2018-10-25 14:47:31.537] [jointLog] [info] wrote 50 bootstraps
[2018-10-25 14:47:31.545] [jointLog] [info] Finished Bootstrapping
