[2021-06-17 15:18:19.041] [jointLog] [info] setting maxHashResizeThreads to 24
[2021-06-17 15:18:19.041] [jointLog] [info] Fragment incompatibility prior below threshold.  Incompatible fragments will be ignored.
[2021-06-17 15:18:19.041] [jointLog] [info] Usage of --validateMappings implies use of minScoreFraction. Since not explicitly specified, it is being set to 0.65
[2021-06-17 15:18:19.041] [jointLog] [info] Setting consensusSlack to selective-alignment default of 0.35.
[2021-06-17 15:18:19.041] [jointLog] [info] parsing read library format
[2021-06-17 15:18:19.041] [jointLog] [info] There is 1 library.
[2021-06-17 15:18:19.092] [jointLog] [info] Loading pufferfish index
[2021-06-17 15:18:19.092] [jointLog] [info] Loading dense pufferfish index.
[2021-06-17 15:18:19.099] [jointLog] [info] done
[2021-06-17 15:18:19.099] [jointLog] [info] Index contained 1,293 targets
[2021-06-17 15:18:19.100] [jointLog] [info] Number of decoys : 0
[2021-06-17 15:18:26.089] [jointLog] [info] Automatically detected most likely library type as ISR

[2021-06-17 15:23:07.726] [jointLog] [info] Thread saw mini-batch with a maximum of 0.30% zero probability fragments
[2021-06-17 15:23:07.726] [jointLog] [info] Thread saw mini-batch with a maximum of 0.32% zero probability fragments
[2021-06-17 15:23:07.726] [jointLog] [info] Thread saw mini-batch with a maximum of 0.30% zero probability fragments
[2021-06-17 15:23:07.726] [jointLog] [info] Thread saw mini-batch with a maximum of 0.32% zero probability fragments
[2021-06-17 15:23:07.726] [jointLog] [info] Thread saw mini-batch with a maximum of 0.30% zero probability fragments
[2021-06-17 15:23:07.726] [jointLog] [info] Thread saw mini-batch with a maximum of 0.32% zero probability fragments
[2021-06-17 15:23:07.726] [jointLog] [info] Thread saw mini-batch with a maximum of 0.30% zero probability fragments
[2021-06-17 15:23:07.726] [jointLog] [info] Thread saw mini-batch with a maximum of 0.32% zero probability fragments
[2021-06-17 15:23:07.735] [jointLog] [info] Thread saw mini-batch with a maximum of 0.30% zero probability fragments
[2021-06-17 15:23:07.757] [jointLog] [info] Thread saw mini-batch with a maximum of 0.28% zero probability fragments
[2021-06-17 15:23:07.763] [jointLog] [info] Thread saw mini-batch with a maximum of 0.34% zero probability fragments
[2021-06-17 15:23:07.780] [jointLog] [info] Thread saw mini-batch with a maximum of 0.32% zero probability fragments
[2021-06-17 15:23:07.803] [jointLog] [info] Thread saw mini-batch with a maximum of 0.30% zero probability fragments
[2021-06-17 15:23:07.808] [jointLog] [info] Thread saw mini-batch with a maximum of 0.30% zero probability fragments
[2021-06-17 15:23:07.809] [jointLog] [info] Thread saw mini-batch with a maximum of 0.32% zero probability fragments
[2021-06-17 15:23:07.822] [jointLog] [info] Thread saw mini-batch with a maximum of 0.30% zero probability fragments
[2021-06-17 15:23:07.822] [jointLog] [info] Thread saw mini-batch with a maximum of 0.32% zero probability fragments
[2021-06-17 15:23:07.825] [jointLog] [info] Thread saw mini-batch with a maximum of 0.36% zero probability fragments
[2021-06-17 15:23:07.831] [jointLog] [info] Thread saw mini-batch with a maximum of 0.30% zero probability fragments
[2021-06-17 15:23:07.838] [jointLog] [info] Thread saw mini-batch with a maximum of 0.32% zero probability fragments
[2021-06-17 15:23:07.843] [jointLog] [info] Thread saw mini-batch with a maximum of 0.32% zero probability fragments
[2021-06-17 15:23:07.846] [jointLog] [info] Thread saw mini-batch with a maximum of 0.30% zero probability fragments
[2021-06-17 15:23:07.847] [jointLog] [info] Thread saw mini-batch with a maximum of 0.30% zero probability fragments
[2021-06-17 15:23:07.850] [jointLog] [info] Thread saw mini-batch with a maximum of 0.30% zero probability fragments
[2021-06-17 15:23:08.068] [jointLog] [info] Computed 4,686 rich equivalence classes for further processing
[2021-06-17 15:23:08.068] [jointLog] [info] Counted 5,020,233 total reads in the equivalence classes 
[2021-06-17 15:23:08.073] [jointLog] [info] Number of mappings discarded because of alignment score : 1,783,045
[2021-06-17 15:23:08.073] [jointLog] [info] Number of fragments entirely discarded because of alignment score : 1,432,855
[2021-06-17 15:23:08.073] [jointLog] [info] Number of fragments discarded because they are best-mapped to decoys : 0
[2021-06-17 15:23:08.073] [jointLog] [info] Mapping rate = 4.16259%

[2021-06-17 15:23:08.073] [jointLog] [info] finished quantifyLibrary()
[2021-06-17 15:23:08.074] [jointLog] [info] Starting optimizer
[2021-06-17 15:23:08.082] [jointLog] [info] Marked 0 weighted equivalence classes as degenerate
[2021-06-17 15:23:08.083] [jointLog] [info] iteration = 0 | max rel diff. = 2365.91
[2021-06-17 15:23:08.135] [jointLog] [info] iteration = 100 | max rel diff. = 0.0397783
[2021-06-17 15:23:08.153] [jointLog] [info] iteration = 136 | max rel diff. = 0.00404817
[2021-06-17 15:23:08.153] [jointLog] [info] Finished optimizer
[2021-06-17 15:23:08.153] [jointLog] [info] writing output 

[2021-06-17 15:23:08.156] [jointLog] [info] Starting Bootstrapping
[2021-06-17 15:23:08.157] [jointLog] [info] Will draw 50 bootstrap samples
[2021-06-17 15:23:08.157] [jointLog] [info] Optimizing over 4,686 equivalence classes
[2021-06-17 15:23:08.157] [jointLog] [info] Marked 0 weighted equivalence classes as degenerate
[2021-06-17 15:23:08.070] [fileLog] [info] 
At end of round 0
==================
Observed 120603460 total fragments (120603460 in most recent round)

[2021-06-17 15:23:08.693] [jointLog] [info] wrote 1 bootstraps
[2021-06-17 15:23:08.707] [jointLog] [info] wrote 2 bootstraps
[2021-06-17 15:23:08.711] [jointLog] [info] wrote 3 bootstraps
[2021-06-17 15:23:08.714] [jointLog] [info] wrote 4 bootstraps
[2021-06-17 15:23:08.719] [jointLog] [info] wrote 5 bootstraps
[2021-06-17 15:23:08.745] [jointLog] [info] wrote 6 bootstraps
[2021-06-17 15:23:08.746] [jointLog] [info] wrote 7 bootstraps
[2021-06-17 15:23:08.752] [jointLog] [info] wrote 8 bootstraps
[2021-06-17 15:23:08.756] [jointLog] [info] wrote 9 bootstraps
[2021-06-17 15:23:08.763] [jointLog] [info] wrote 10 bootstraps
[2021-06-17 15:23:08.773] [jointLog] [info] wrote 11 bootstraps
[2021-06-17 15:23:08.782] [jointLog] [info] wrote 12 bootstraps
[2021-06-17 15:23:08.786] [jointLog] [info] wrote 13 bootstraps
[2021-06-17 15:23:08.793] [jointLog] [info] wrote 14 bootstraps
[2021-06-17 15:23:08.794] [jointLog] [info] wrote 15 bootstraps
[2021-06-17 15:23:08.795] [jointLog] [info] wrote 16 bootstraps
[2021-06-17 15:23:08.801] [jointLog] [info] wrote 17 bootstraps
[2021-06-17 15:23:08.807] [jointLog] [info] wrote 18 bootstraps
[2021-06-17 15:23:08.813] [jointLog] [info] wrote 19 bootstraps
[2021-06-17 15:23:08.821] [jointLog] [info] wrote 20 bootstraps
[2021-06-17 15:23:08.846] [jointLog] [info] wrote 21 bootstraps
[2021-06-17 15:23:08.851] [jointLog] [info] wrote 22 bootstraps
[2021-06-17 15:23:08.963] [jointLog] [info] wrote 23 bootstraps
[2021-06-17 15:23:09.214] [jointLog] [info] wrote 24 bootstraps
[2021-06-17 15:23:09.258] [jointLog] [info] wrote 25 bootstraps
[2021-06-17 15:23:09.260] [jointLog] [info] wrote 26 bootstraps
[2021-06-17 15:23:09.271] [jointLog] [info] wrote 27 bootstraps
[2021-06-17 15:23:09.274] [jointLog] [info] wrote 28 bootstraps
[2021-06-17 15:23:09.285] [jointLog] [info] wrote 29 bootstraps
[2021-06-17 15:23:09.297] [jointLog] [info] wrote 30 bootstraps
[2021-06-17 15:23:09.302] [jointLog] [info] wrote 31 bootstraps
[2021-06-17 15:23:09.305] [jointLog] [info] wrote 32 bootstraps
[2021-06-17 15:23:09.316] [jointLog] [info] wrote 33 bootstraps
[2021-06-17 15:23:09.327] [jointLog] [info] wrote 34 bootstraps
[2021-06-17 15:23:09.333] [jointLog] [info] wrote 35 bootstraps
[2021-06-17 15:23:09.336] [jointLog] [info] wrote 36 bootstraps
[2021-06-17 15:23:09.339] [jointLog] [info] wrote 37 bootstraps
[2021-06-17 15:23:09.355] [jointLog] [info] wrote 38 bootstraps
[2021-06-17 15:23:09.363] [jointLog] [info] wrote 39 bootstraps
[2021-06-17 15:23:09.366] [jointLog] [info] wrote 40 bootstraps
[2021-06-17 15:23:09.369] [jointLog] [info] wrote 41 bootstraps
[2021-06-17 15:23:09.370] [jointLog] [info] wrote 42 bootstraps
[2021-06-17 15:23:09.381] [jointLog] [info] wrote 43 bootstraps
[2021-06-17 15:23:09.389] [jointLog] [info] wrote 44 bootstraps
[2021-06-17 15:23:09.394] [jointLog] [info] wrote 45 bootstraps
[2021-06-17 15:23:09.526] [jointLog] [info] wrote 46 bootstraps
[2021-06-17 15:23:09.742] [jointLog] [info] wrote 47 bootstraps
[2021-06-17 15:23:09.794] [jointLog] [info] wrote 48 bootstraps
[2021-06-17 15:23:09.795] [jointLog] [info] wrote 49 bootstraps
[2021-06-17 15:23:09.797] [jointLog] [info] wrote 50 bootstraps
[2021-06-17 15:23:09.797] [jointLog] [info] Finished Bootstrapping
