[2018-10-25 14:13:14.406] [jointLog] [info] Fragment incompatibility prior below threshold.  Incompatible fragments will be ignored.
[2018-10-25 14:13:14.406] [jointLog] [info] parsing read library format
[2018-10-25 14:13:14.406] [jointLog] [info] There is 1 library.
[2018-10-25 14:13:14.446] [jointLog] [info] Loading Quasi index
[2018-10-25 14:13:14.448] [jointLog] [info] Loading 32-bit quasi index
[2018-10-25 14:13:23.346] [jointLog] [info] done
[2018-10-25 14:13:23.346] [jointLog] [info] Index contained 101,973 targets
[2018-10-25 14:13:24.850] [jointLog] [info] Automatically detected most likely library type as ISR
[2018-10-25 14:29:23.371] [jointLog] [info] Thread saw mini-batch with a maximum of 3.68% zero probability fragments
[2018-10-25 14:29:23.392] [jointLog] [info] Thread saw mini-batch with a maximum of 3.80% zero probability fragments
[2018-10-25 14:29:23.433] [jointLog] [info] Thread saw mini-batch with a maximum of 3.82% zero probability fragments
[2018-10-25 14:29:23.436] [jointLog] [info] Thread saw mini-batch with a maximum of 3.74% zero probability fragments
[2018-10-25 14:29:23.474] [jointLog] [info] Thread saw mini-batch with a maximum of 3.76% zero probability fragments
[2018-10-25 14:29:23.494] [jointLog] [info] Thread saw mini-batch with a maximum of 3.78% zero probability fragments
[2018-10-25 14:29:23.571] [jointLog] [info] Computed 49,984 rich equivalence classes for further processing
[2018-10-25 14:29:23.571] [jointLog] [info] Counted 34,500,516 total reads in the equivalence classes 
[2018-10-25 14:29:23.575] [jointLog] [info] Mapping rate = 54.0846%

[2018-10-25 14:29:23.576] [jointLog] [info] finished quantifyLibrary()
[2018-10-25 14:29:23.589] [jointLog] [info] Starting optimizer
[2018-10-25 14:29:23.640] [jointLog] [info] Marked 0 weighted equivalence classes as degenerate
[2018-10-25 14:29:23.645] [jointLog] [info] iteration = 0 | max rel diff. = 10130.1
[2018-10-25 14:29:23.572] [fileLog] [info] 
At end of round 0
==================
Observed 63789848 total fragments (63789848 in most recent round)

[2018-10-25 14:29:24.116] [jointLog] [info] iteration = 100 | max rel diff. = 13.0926
[2018-10-25 14:29:24.584] [jointLog] [info] iteration = 200 | max rel diff. = 1.30964
[2018-10-25 14:29:25.054] [jointLog] [info] iteration = 300 | max rel diff. = 9.51829
[2018-10-25 14:29:25.524] [jointLog] [info] iteration = 400 | max rel diff. = 0.44228
[2018-10-25 14:29:25.993] [jointLog] [info] iteration = 500 | max rel diff. = 0.112094
[2018-10-25 14:29:26.464] [jointLog] [info] iteration = 600 | max rel diff. = 1.43727
[2018-10-25 14:29:26.937] [jointLog] [info] iteration = 700 | max rel diff. = 0.0679856
[2018-10-25 14:29:27.405] [jointLog] [info] iteration = 800 | max rel diff. = 0.368174
[2018-10-25 14:29:27.874] [jointLog] [info] iteration = 900 | max rel diff. = 0.0863157
[2018-10-25 14:29:28.127] [jointLog] [info] iteration = 955 | max rel diff. = 0.00875131
[2018-10-25 14:29:28.135] [jointLog] [info] Finished optimizer
[2018-10-25 14:29:28.135] [jointLog] [info] writing output 

[2018-10-25 14:29:28.504] [jointLog] [info] Starting Bootstrapping
[2018-10-25 14:29:28.517] [jointLog] [info] Will draw 50 bootstrap samples
[2018-10-25 14:29:28.517] [jointLog] [info] Optimizing over 49,984 equivalence classes
[2018-10-25 14:29:28.522] [jointLog] [info] Marked 0 weighted equivalence classes as degenerate
[2018-10-25 14:29:49.947] [jointLog] [info] wrote 1 bootstraps
[2018-10-25 14:29:50.145] [jointLog] [info] wrote 2 bootstraps
[2018-10-25 14:29:51.589] [jointLog] [info] wrote 3 bootstraps
[2018-10-25 14:29:52.532] [jointLog] [info] wrote 4 bootstraps
[2018-10-25 14:29:54.724] [jointLog] [info] wrote 5 bootstraps
[2018-10-25 14:30:10.377] [jointLog] [info] wrote 6 bootstraps
[2018-10-25 14:30:11.040] [jointLog] [info] wrote 7 bootstraps
[2018-10-25 14:30:12.048] [jointLog] [info] wrote 8 bootstraps
[2018-10-25 14:30:17.564] [jointLog] [info] wrote 9 bootstraps
[2018-10-25 14:30:19.352] [jointLog] [info] wrote 10 bootstraps
[2018-10-25 14:30:29.373] [jointLog] [info] wrote 11 bootstraps
[2018-10-25 14:30:32.085] [jointLog] [info] wrote 12 bootstraps
[2018-10-25 14:30:38.364] [jointLog] [info] wrote 13 bootstraps
[2018-10-25 14:30:39.299] [jointLog] [info] wrote 14 bootstraps
[2018-10-25 14:30:39.444] [jointLog] [info] wrote 15 bootstraps
[2018-10-25 14:30:41.520] [jointLog] [info] wrote 16 bootstraps
[2018-10-25 14:30:49.822] [jointLog] [info] wrote 17 bootstraps
[2018-10-25 14:30:55.702] [jointLog] [info] wrote 18 bootstraps
[2018-10-25 14:30:58.951] [jointLog] [info] wrote 19 bootstraps
[2018-10-25 14:31:01.258] [jointLog] [info] wrote 20 bootstraps
[2018-10-25 14:31:04.947] [jointLog] [info] wrote 21 bootstraps
[2018-10-25 14:31:07.673] [jointLog] [info] wrote 22 bootstraps
[2018-10-25 14:31:16.508] [jointLog] [info] wrote 23 bootstraps
[2018-10-25 14:31:23.818] [jointLog] [info] wrote 24 bootstraps
[2018-10-25 14:31:24.331] [jointLog] [info] wrote 25 bootstraps
[2018-10-25 14:31:25.431] [jointLog] [info] wrote 26 bootstraps
[2018-10-25 14:31:27.211] [jointLog] [info] wrote 27 bootstraps
[2018-10-25 14:31:36.215] [jointLog] [info] wrote 28 bootstraps
[2018-10-25 14:31:42.568] [jointLog] [info] wrote 29 bootstraps
[2018-10-25 14:31:45.488] [jointLog] [info] wrote 30 bootstraps
[2018-10-25 14:31:46.908] [jointLog] [info] wrote 31 bootstraps
[2018-10-25 14:31:52.561] [jointLog] [info] wrote 32 bootstraps
[2018-10-25 14:31:58.592] [jointLog] [info] wrote 33 bootstraps
[2018-10-25 14:32:01.755] [jointLog] [info] wrote 34 bootstraps
[2018-10-25 14:32:07.609] [jointLog] [info] wrote 35 bootstraps
[2018-10-25 14:32:08.573] [jointLog] [info] wrote 36 bootstraps
[2018-10-25 14:32:15.491] [jointLog] [info] wrote 37 bootstraps
[2018-10-25 14:32:21.957] [jointLog] [info] wrote 38 bootstraps
[2018-10-25 14:32:24.958] [jointLog] [info] wrote 39 bootstraps
[2018-10-25 14:32:26.419] [jointLog] [info] wrote 40 bootstraps
[2018-10-25 14:32:32.247] [jointLog] [info] wrote 41 bootstraps
[2018-10-25 14:32:39.745] [jointLog] [info] wrote 42 bootstraps
[2018-10-25 14:32:41.385] [jointLog] [info] wrote 43 bootstraps
[2018-10-25 14:32:41.931] [jointLog] [info] wrote 44 bootstraps
[2018-10-25 14:32:47.860] [jointLog] [info] wrote 45 bootstraps
[2018-10-25 14:32:50.214] [jointLog] [info] wrote 46 bootstraps
[2018-10-25 14:33:01.189] [jointLog] [info] wrote 47 bootstraps
[2018-10-25 14:33:03.265] [jointLog] [info] wrote 48 bootstraps
[2018-10-25 14:33:04.474] [jointLog] [info] wrote 49 bootstraps
[2018-10-25 14:33:06.228] [jointLog] [info] wrote 50 bootstraps
[2018-10-25 14:33:06.236] [jointLog] [info] Finished Bootstrapping
