[2021-06-17 15:26:31.166] [jointLog] [info] setting maxHashResizeThreads to 24
[2021-06-17 15:26:31.166] [jointLog] [info] Fragment incompatibility prior below threshold.  Incompatible fragments will be ignored.
[2021-06-17 15:26:31.166] [jointLog] [info] Usage of --validateMappings implies use of minScoreFraction. Since not explicitly specified, it is being set to 0.65
[2021-06-17 15:26:31.166] [jointLog] [info] Setting consensusSlack to selective-alignment default of 0.35.
[2021-06-17 15:26:31.166] [jointLog] [info] parsing read library format
[2021-06-17 15:26:31.166] [jointLog] [info] There is 1 library.
[2021-06-17 15:26:31.233] [jointLog] [info] Loading pufferfish index
[2021-06-17 15:26:31.233] [jointLog] [info] Loading dense pufferfish index.
[2021-06-17 15:26:31.247] [jointLog] [info] done
[2021-06-17 15:26:31.247] [jointLog] [info] Index contained 1,293 targets
[2021-06-17 15:26:31.249] [jointLog] [info] Number of decoys : 0
[2021-06-17 15:26:34.566] [jointLog] [info] Automatically detected most likely library type as ISR

[2021-06-17 15:30:33.721] [jointLog] [info] Thread saw mini-batch with a maximum of 0.24% zero probability fragments
[2021-06-17 15:30:33.721] [jointLog] [info] Thread saw mini-batch with a maximum of 0.22% zero probability fragments
[2021-06-17 15:30:33.721] [jointLog] [info] Thread saw mini-batch with a maximum of 0.22% zero probability fragments
[2021-06-17 15:30:33.721] [jointLog] [info] Thread saw mini-batch with a maximum of 0.20% zero probability fragments
[2021-06-17 15:30:33.721] [jointLog] [info] Thread saw mini-batch with a maximum of 0.22% zero probability fragments
[2021-06-17 15:30:33.721] [jointLog] [info] Thread saw mini-batch with a maximum of 0.22% zero probability fragments
[2021-06-17 15:30:33.721] [jointLog] [info] Thread saw mini-batch with a maximum of 0.24% zero probability fragments
[2021-06-17 15:30:33.721] [jointLog] [info] Thread saw mini-batch with a maximum of 0.26% zero probability fragments
[2021-06-17 15:30:33.721] [jointLog] [info] Thread saw mini-batch with a maximum of 0.22% zero probability fragments
[2021-06-17 15:30:33.754] [jointLog] [info] Thread saw mini-batch with a maximum of 0.20% zero probability fragments
[2021-06-17 15:30:33.754] [jointLog] [info] Thread saw mini-batch with a maximum of 0.22% zero probability fragments
[2021-06-17 15:30:33.775] [jointLog] [info] Thread saw mini-batch with a maximum of 0.22% zero probability fragments
[2021-06-17 15:30:33.776] [jointLog] [info] Thread saw mini-batch with a maximum of 0.28% zero probability fragments
[2021-06-17 15:30:33.792] [jointLog] [info] Thread saw mini-batch with a maximum of 0.26% zero probability fragments
[2021-06-17 15:30:33.809] [jointLog] [info] Thread saw mini-batch with a maximum of 0.22% zero probability fragments
[2021-06-17 15:30:33.824] [jointLog] [info] Thread saw mini-batch with a maximum of 0.26% zero probability fragments
[2021-06-17 15:30:33.825] [jointLog] [info] Thread saw mini-batch with a maximum of 0.22% zero probability fragments
[2021-06-17 15:30:33.826] [jointLog] [info] Thread saw mini-batch with a maximum of 0.24% zero probability fragments
[2021-06-17 15:30:33.830] [jointLog] [info] Thread saw mini-batch with a maximum of 0.26% zero probability fragments
[2021-06-17 15:30:33.835] [jointLog] [info] Thread saw mini-batch with a maximum of 0.20% zero probability fragments
[2021-06-17 15:30:33.836] [jointLog] [info] Thread saw mini-batch with a maximum of 0.22% zero probability fragments
[2021-06-17 15:30:33.839] [jointLog] [info] Thread saw mini-batch with a maximum of 0.20% zero probability fragments
[2021-06-17 15:30:33.839] [jointLog] [info] Thread saw mini-batch with a maximum of 0.24% zero probability fragments
[2021-06-17 15:30:33.853] [jointLog] [info] Thread saw mini-batch with a maximum of 0.22% zero probability fragments
[2021-06-17 15:30:34.048] [jointLog] [info] Computed 5,402 rich equivalence classes for further processing
[2021-06-17 15:30:34.048] [jointLog] [info] Counted 5,423,417 total reads in the equivalence classes 
[2021-06-17 15:30:34.053] [jointLog] [info] Number of mappings discarded because of alignment score : 1,597,614
[2021-06-17 15:30:34.053] [jointLog] [info] Number of fragments entirely discarded because of alignment score : 1,234,537
[2021-06-17 15:30:34.053] [jointLog] [info] Number of fragments discarded because they are best-mapped to decoys : 0
[2021-06-17 15:30:34.053] [jointLog] [info] Mapping rate = 5.91694%

[2021-06-17 15:30:34.053] [jointLog] [info] finished quantifyLibrary()
[2021-06-17 15:30:34.053] [jointLog] [info] Starting optimizer
[2021-06-17 15:30:34.063] [jointLog] [info] Marked 0 weighted equivalence classes as degenerate
[2021-06-17 15:30:34.064] [jointLog] [info] iteration = 0 | max rel diff. = 3738.59
[2021-06-17 15:30:34.111] [jointLog] [info] iteration = 100 | max rel diff. = 0.0226697
[2021-06-17 15:30:34.124] [jointLog] [info] iteration = 130 | max rel diff. = 0.0098042
[2021-06-17 15:30:34.124] [jointLog] [info] Finished optimizer
[2021-06-17 15:30:34.124] [jointLog] [info] writing output 

[2021-06-17 15:30:34.128] [jointLog] [info] Starting Bootstrapping
[2021-06-17 15:30:34.128] [jointLog] [info] Will draw 50 bootstrap samples
[2021-06-17 15:30:34.128] [jointLog] [info] Optimizing over 5,402 equivalence classes
[2021-06-17 15:30:34.128] [jointLog] [info] Marked 0 weighted equivalence classes as degenerate
[2021-06-17 15:30:34.049] [fileLog] [info] 
At end of round 0
==================
Observed 91659078 total fragments (91659078 in most recent round)

[2021-06-17 15:30:34.743] [jointLog] [info] wrote 1 bootstraps
[2021-06-17 15:30:34.745] [jointLog] [info] wrote 2 bootstraps
[2021-06-17 15:30:34.746] [jointLog] [info] wrote 3 bootstraps
[2021-06-17 15:30:34.752] [jointLog] [info] wrote 4 bootstraps
[2021-06-17 15:30:34.753] [jointLog] [info] wrote 5 bootstraps
[2021-06-17 15:30:34.756] [jointLog] [info] wrote 6 bootstraps
[2021-06-17 15:30:34.761] [jointLog] [info] wrote 7 bootstraps
[2021-06-17 15:30:34.763] [jointLog] [info] wrote 8 bootstraps
[2021-06-17 15:30:34.773] [jointLog] [info] wrote 9 bootstraps
[2021-06-17 15:30:34.774] [jointLog] [info] wrote 10 bootstraps
[2021-06-17 15:30:34.782] [jointLog] [info] wrote 11 bootstraps
[2021-06-17 15:30:34.796] [jointLog] [info] wrote 12 bootstraps
[2021-06-17 15:30:34.797] [jointLog] [info] wrote 13 bootstraps
[2021-06-17 15:30:34.799] [jointLog] [info] wrote 14 bootstraps
[2021-06-17 15:30:34.800] [jointLog] [info] wrote 15 bootstraps
[2021-06-17 15:30:34.801] [jointLog] [info] wrote 16 bootstraps
[2021-06-17 15:30:34.807] [jointLog] [info] wrote 17 bootstraps
[2021-06-17 15:30:34.813] [jointLog] [info] wrote 18 bootstraps
[2021-06-17 15:30:34.830] [jointLog] [info] wrote 19 bootstraps
[2021-06-17 15:30:34.852] [jointLog] [info] wrote 20 bootstraps
[2021-06-17 15:30:34.853] [jointLog] [info] wrote 21 bootstraps
[2021-06-17 15:30:34.855] [jointLog] [info] wrote 22 bootstraps
[2021-06-17 15:30:34.876] [jointLog] [info] wrote 23 bootstraps
[2021-06-17 15:30:35.357] [jointLog] [info] wrote 24 bootstraps
[2021-06-17 15:30:35.359] [jointLog] [info] wrote 25 bootstraps
[2021-06-17 15:30:35.361] [jointLog] [info] wrote 26 bootstraps
[2021-06-17 15:30:35.368] [jointLog] [info] wrote 27 bootstraps
[2021-06-17 15:30:35.369] [jointLog] [info] wrote 28 bootstraps
[2021-06-17 15:30:35.371] [jointLog] [info] wrote 29 bootstraps
[2021-06-17 15:30:35.372] [jointLog] [info] wrote 30 bootstraps
[2021-06-17 15:30:35.377] [jointLog] [info] wrote 31 bootstraps
[2021-06-17 15:30:35.378] [jointLog] [info] wrote 32 bootstraps
[2021-06-17 15:30:35.386] [jointLog] [info] wrote 33 bootstraps
[2021-06-17 15:30:35.391] [jointLog] [info] wrote 34 bootstraps
[2021-06-17 15:30:35.399] [jointLog] [info] wrote 35 bootstraps
[2021-06-17 15:30:35.412] [jointLog] [info] wrote 36 bootstraps
[2021-06-17 15:30:35.415] [jointLog] [info] wrote 37 bootstraps
[2021-06-17 15:30:35.420] [jointLog] [info] wrote 38 bootstraps
[2021-06-17 15:30:35.424] [jointLog] [info] wrote 39 bootstraps
[2021-06-17 15:30:35.425] [jointLog] [info] wrote 40 bootstraps
[2021-06-17 15:30:35.443] [jointLog] [info] wrote 41 bootstraps
[2021-06-17 15:30:35.462] [jointLog] [info] wrote 42 bootstraps
[2021-06-17 15:30:35.465] [jointLog] [info] wrote 43 bootstraps
[2021-06-17 15:30:35.466] [jointLog] [info] wrote 44 bootstraps
[2021-06-17 15:30:35.493] [jointLog] [info] wrote 45 bootstraps
[2021-06-17 15:30:35.525] [jointLog] [info] wrote 46 bootstraps
[2021-06-17 15:30:35.940] [jointLog] [info] wrote 47 bootstraps
[2021-06-17 15:30:35.945] [jointLog] [info] wrote 48 bootstraps
[2021-06-17 15:30:35.948] [jointLog] [info] wrote 49 bootstraps
[2021-06-17 15:30:35.952] [jointLog] [info] wrote 50 bootstraps
[2021-06-17 15:30:35.953] [jointLog] [info] Finished Bootstrapping
