[2021-06-17 15:32:55.351] [jointLog] [info] setting maxHashResizeThreads to 24
[2021-06-17 15:32:55.351] [jointLog] [info] Fragment incompatibility prior below threshold.  Incompatible fragments will be ignored.
[2021-06-17 15:32:55.351] [jointLog] [info] Usage of --validateMappings implies use of minScoreFraction. Since not explicitly specified, it is being set to 0.65
[2021-06-17 15:32:55.351] [jointLog] [info] Setting consensusSlack to selective-alignment default of 0.35.
[2021-06-17 15:32:55.351] [jointLog] [info] parsing read library format
[2021-06-17 15:32:55.351] [jointLog] [info] There is 1 library.
[2021-06-17 15:32:55.403] [jointLog] [info] Loading pufferfish index
[2021-06-17 15:32:55.403] [jointLog] [info] Loading dense pufferfish index.
[2021-06-17 15:32:55.410] [jointLog] [info] done
[2021-06-17 15:32:55.410] [jointLog] [info] Index contained 1,293 targets
[2021-06-17 15:32:55.411] [jointLog] [info] Number of decoys : 0
[2021-06-17 15:32:58.669] [jointLog] [info] Automatically detected most likely library type as ISR

[2021-06-17 15:35:00.259] [jointLog] [info] Thread saw mini-batch with a maximum of 0.26% zero probability fragments
[2021-06-17 15:35:00.259] [jointLog] [info] Thread saw mini-batch with a maximum of 0.28% zero probability fragments
[2021-06-17 15:35:00.259] [jointLog] [info] Thread saw mini-batch with a maximum of 0.30% zero probability fragments
[2021-06-17 15:35:00.259] [jointLog] [info] Thread saw mini-batch with a maximum of 0.30% zero probability fragments
[2021-06-17 15:35:00.259] [jointLog] [info] Thread saw mini-batch with a maximum of 0.24% zero probability fragments
[2021-06-17 15:35:00.259] [jointLog] [info] Thread saw mini-batch with a maximum of 0.22% zero probability fragments
[2021-06-17 15:35:00.259] [jointLog] [info] Thread saw mini-batch with a maximum of 0.32% zero probability fragments
[2021-06-17 15:35:00.259] [jointLog] [info] Thread saw mini-batch with a maximum of 0.24% zero probability fragments
[2021-06-17 15:35:00.259] [jointLog] [info] Thread saw mini-batch with a maximum of 0.28% zero probability fragments
[2021-06-17 15:35:00.259] [jointLog] [info] Thread saw mini-batch with a maximum of 0.26% zero probability fragments
[2021-06-17 15:35:00.259] [jointLog] [info] Thread saw mini-batch with a maximum of 0.28% zero probability fragments
[2021-06-17 15:35:00.259] [jointLog] [info] Thread saw mini-batch with a maximum of 0.28% zero probability fragments
[2021-06-17 15:35:00.259] [jointLog] [info] Thread saw mini-batch with a maximum of 0.28% zero probability fragments
[2021-06-17 15:35:00.259] [jointLog] [info] Thread saw mini-batch with a maximum of 0.28% zero probability fragments
[2021-06-17 15:35:00.274] [jointLog] [info] Thread saw mini-batch with a maximum of 0.28% zero probability fragments
[2021-06-17 15:35:00.333] [jointLog] [info] Thread saw mini-batch with a maximum of 0.32% zero probability fragments
[2021-06-17 15:35:00.334] [jointLog] [info] Thread saw mini-batch with a maximum of 0.26% zero probability fragments
[2021-06-17 15:35:00.361] [jointLog] [info] Thread saw mini-batch with a maximum of 0.26% zero probability fragments
[2021-06-17 15:35:00.366] [jointLog] [info] Thread saw mini-batch with a maximum of 0.30% zero probability fragments
[2021-06-17 15:35:00.374] [jointLog] [info] Thread saw mini-batch with a maximum of 0.28% zero probability fragments
[2021-06-17 15:35:00.380] [jointLog] [info] Thread saw mini-batch with a maximum of 0.30% zero probability fragments
[2021-06-17 15:35:00.380] [jointLog] [info] Thread saw mini-batch with a maximum of 0.32% zero probability fragments
[2021-06-17 15:35:00.383] [jointLog] [info] Thread saw mini-batch with a maximum of 0.28% zero probability fragments
[2021-06-17 15:35:00.392] [jointLog] [info] Thread saw mini-batch with a maximum of 0.26% zero probability fragments
[2021-06-17 15:35:00.576] [jointLog] [info] Computed 4,658 rich equivalence classes for further processing
[2021-06-17 15:35:00.576] [jointLog] [info] Counted 3,227,134 total reads in the equivalence classes 
[2021-06-17 15:35:00.581] [jointLog] [info] Number of mappings discarded because of alignment score : 968,766
[2021-06-17 15:35:00.581] [jointLog] [info] Number of fragments entirely discarded because of alignment score : 752,122
[2021-06-17 15:35:00.581] [jointLog] [info] Number of fragments discarded because they are best-mapped to decoys : 0
[2021-06-17 15:35:00.582] [jointLog] [warning] Only 3227134 fragments were mapped, but the number of burn-in fragments was set to 5000000.
The effective lengths have been computed using the observed mappings.

[2021-06-17 15:35:00.582] [jointLog] [info] Mapping rate = 6.79746%

[2021-06-17 15:35:00.582] [jointLog] [info] finished quantifyLibrary()
[2021-06-17 15:35:00.582] [jointLog] [info] Starting optimizer
[2021-06-17 15:35:00.589] [jointLog] [info] Marked 0 weighted equivalence classes as degenerate
[2021-06-17 15:35:00.590] [jointLog] [info] iteration = 0 | max rel diff. = 777.318
[2021-06-17 15:35:00.629] [jointLog] [info] iteration = 100 | max rel diff. = 0.0182797
[2021-06-17 15:35:00.633] [jointLog] [info] iteration = 112 | max rel diff. = 0.00985191
[2021-06-17 15:35:00.633] [jointLog] [info] Finished optimizer
[2021-06-17 15:35:00.633] [jointLog] [info] writing output 

[2021-06-17 15:35:00.637] [jointLog] [info] Starting Bootstrapping
[2021-06-17 15:35:00.637] [jointLog] [info] Will draw 50 bootstrap samples
[2021-06-17 15:35:00.637] [jointLog] [info] Optimizing over 4,658 equivalence classes
[2021-06-17 15:35:00.637] [jointLog] [info] Marked 0 weighted equivalence classes as degenerate
[2021-06-17 15:35:00.577] [fileLog] [info] 
At end of round 0
==================
Observed 47475586 total fragments (47475586 in most recent round)

[2021-06-17 15:35:00.993] [jointLog] [info] wrote 1 bootstraps
[2021-06-17 15:35:00.993] [jointLog] [info] wrote 2 bootstraps
[2021-06-17 15:35:00.994] [jointLog] [info] wrote 3 bootstraps
[2021-06-17 15:35:00.998] [jointLog] [info] wrote 4 bootstraps
[2021-06-17 15:35:00.999] [jointLog] [info] wrote 5 bootstraps
[2021-06-17 15:35:01.001] [jointLog] [info] wrote 6 bootstraps
[2021-06-17 15:35:01.002] [jointLog] [info] wrote 7 bootstraps
[2021-06-17 15:35:01.008] [jointLog] [info] wrote 8 bootstraps
[2021-06-17 15:35:01.012] [jointLog] [info] wrote 9 bootstraps
[2021-06-17 15:35:01.013] [jointLog] [info] wrote 10 bootstraps
[2021-06-17 15:35:01.015] [jointLog] [info] wrote 11 bootstraps
[2021-06-17 15:35:01.017] [jointLog] [info] wrote 12 bootstraps
[2021-06-17 15:35:01.021] [jointLog] [info] wrote 13 bootstraps
[2021-06-17 15:35:01.029] [jointLog] [info] wrote 14 bootstraps
[2021-06-17 15:35:01.031] [jointLog] [info] wrote 15 bootstraps
[2021-06-17 15:35:01.032] [jointLog] [info] wrote 16 bootstraps
[2021-06-17 15:35:01.033] [jointLog] [info] wrote 17 bootstraps
[2021-06-17 15:35:01.041] [jointLog] [info] wrote 18 bootstraps
[2021-06-17 15:35:01.043] [jointLog] [info] wrote 19 bootstraps
[2021-06-17 15:35:01.057] [jointLog] [info] wrote 20 bootstraps
[2021-06-17 15:35:01.083] [jointLog] [info] wrote 21 bootstraps
[2021-06-17 15:35:01.098] [jointLog] [info] wrote 22 bootstraps
[2021-06-17 15:35:01.099] [jointLog] [info] wrote 23 bootstraps
[2021-06-17 15:35:01.351] [jointLog] [info] wrote 24 bootstraps
[2021-06-17 15:35:01.353] [jointLog] [info] wrote 25 bootstraps
[2021-06-17 15:35:01.354] [jointLog] [info] wrote 26 bootstraps
[2021-06-17 15:35:01.354] [jointLog] [info] wrote 27 bootstraps
[2021-06-17 15:35:01.357] [jointLog] [info] wrote 28 bootstraps
[2021-06-17 15:35:01.362] [jointLog] [info] wrote 29 bootstraps
[2021-06-17 15:35:01.363] [jointLog] [info] wrote 30 bootstraps
[2021-06-17 15:35:01.364] [jointLog] [info] wrote 31 bootstraps
[2021-06-17 15:35:01.369] [jointLog] [info] wrote 32 bootstraps
[2021-06-17 15:35:01.371] [jointLog] [info] wrote 33 bootstraps
[2021-06-17 15:35:01.372] [jointLog] [info] wrote 34 bootstraps
[2021-06-17 15:35:01.376] [jointLog] [info] wrote 35 bootstraps
[2021-06-17 15:35:01.377] [jointLog] [info] wrote 36 bootstraps
[2021-06-17 15:35:01.388] [jointLog] [info] wrote 37 bootstraps
[2021-06-17 15:35:01.389] [jointLog] [info] wrote 38 bootstraps
[2021-06-17 15:35:01.391] [jointLog] [info] wrote 39 bootstraps
[2021-06-17 15:35:01.392] [jointLog] [info] wrote 40 bootstraps
[2021-06-17 15:35:01.401] [jointLog] [info] wrote 41 bootstraps
[2021-06-17 15:35:01.408] [jointLog] [info] wrote 42 bootstraps
[2021-06-17 15:35:01.410] [jointLog] [info] wrote 43 bootstraps
[2021-06-17 15:35:01.427] [jointLog] [info] wrote 44 bootstraps
[2021-06-17 15:35:01.455] [jointLog] [info] wrote 45 bootstraps
[2021-06-17 15:35:01.458] [jointLog] [info] wrote 46 bootstraps
[2021-06-17 15:35:01.685] [jointLog] [info] wrote 47 bootstraps
[2021-06-17 15:35:01.694] [jointLog] [info] wrote 48 bootstraps
[2021-06-17 15:35:01.703] [jointLog] [info] wrote 49 bootstraps
[2021-06-17 15:35:01.705] [jointLog] [info] wrote 50 bootstraps
[2021-06-17 15:35:01.706] [jointLog] [info] Finished Bootstrapping
