[2018-10-25 12:47:49.230] [jointLog] [info] Fragment incompatibility prior below threshold.  Incompatible fragments will be ignored.
[2018-10-25 12:47:49.230] [jointLog] [info] parsing read library format
[2018-10-25 12:47:49.230] [jointLog] [info] There is 1 library.
[2018-10-25 12:47:49.270] [jointLog] [info] Loading Quasi index
[2018-10-25 12:47:49.271] [jointLog] [info] Loading 32-bit quasi index
[2018-10-25 12:47:58.173] [jointLog] [info] done
[2018-10-25 12:47:58.173] [jointLog] [info] Index contained 101,973 targets
[2018-10-25 12:47:59.758] [jointLog] [info] Automatically detected most likely library type as ISR
[2018-10-25 13:02:00.140] [jointLog] [info] Thread saw mini-batch with a maximum of 4.26% zero probability fragments
[2018-10-25 13:02:00.162] [jointLog] [info] Thread saw mini-batch with a maximum of 4.38% zero probability fragments
[2018-10-25 13:02:00.163] [jointLog] [info] Thread saw mini-batch with a maximum of 4.18% zero probability fragments
[2018-10-25 13:02:00.190] [jointLog] [info] Thread saw mini-batch with a maximum of 4.52% zero probability fragments
[2018-10-25 13:02:00.220] [jointLog] [info] Thread saw mini-batch with a maximum of 4.30% zero probability fragments
[2018-10-25 13:02:00.220] [jointLog] [info] Thread saw mini-batch with a maximum of 4.48% zero probability fragments
[2018-10-25 13:02:00.307] [jointLog] [info] Computed 57,601 rich equivalence classes for further processing
[2018-10-25 13:02:00.307] [jointLog] [info] Counted 32,777,554 total reads in the equivalence classes 
[2018-10-25 13:02:00.312] [jointLog] [info] Mapping rate = 60.6964%

[2018-10-25 13:02:00.312] [jointLog] [info] finished quantifyLibrary()
[2018-10-25 13:02:00.321] [jointLog] [info] Starting optimizer
[2018-10-25 13:02:00.376] [jointLog] [info] Marked 0 weighted equivalence classes as degenerate
[2018-10-25 13:02:00.381] [jointLog] [info] iteration = 0 | max rel diff. = 3330.06
[2018-10-25 13:02:00.308] [fileLog] [info] 
At end of round 0
==================
Observed 54002479 total fragments (54002479 in most recent round)

[2018-10-25 13:02:00.871] [jointLog] [info] iteration = 100 | max rel diff. = 14.9385
[2018-10-25 13:02:01.362] [jointLog] [info] iteration = 200 | max rel diff. = 0.474466
[2018-10-25 13:02:01.849] [jointLog] [info] iteration = 300 | max rel diff. = 0.420449
[2018-10-25 13:02:02.338] [jointLog] [info] iteration = 400 | max rel diff. = 0.161191
[2018-10-25 13:02:02.829] [jointLog] [info] iteration = 500 | max rel diff. = 0.474456
[2018-10-25 13:02:03.319] [jointLog] [info] iteration = 600 | max rel diff. = 0.0624245
[2018-10-25 13:02:03.821] [jointLog] [info] iteration = 700 | max rel diff. = 0.601131
[2018-10-25 13:02:04.312] [jointLog] [info] iteration = 800 | max rel diff. = 0.0155729
[2018-10-25 13:02:04.807] [jointLog] [info] iteration = 900 | max rel diff. = 0.222985
[2018-10-25 13:02:05.295] [jointLog] [info] iteration = 1,000 | max rel diff. = 0.05441
[2018-10-25 13:02:05.432] [jointLog] [info] iteration = 1,028 | max rel diff. = 0.00258361
[2018-10-25 13:02:05.440] [jointLog] [info] Finished optimizer
[2018-10-25 13:02:05.440] [jointLog] [info] writing output 

[2018-10-25 13:02:05.794] [jointLog] [info] Starting Bootstrapping
[2018-10-25 13:02:05.810] [jointLog] [info] Will draw 50 bootstrap samples
[2018-10-25 13:02:05.810] [jointLog] [info] Optimizing over 57,601 equivalence classes
[2018-10-25 13:02:05.815] [jointLog] [info] Marked 0 weighted equivalence classes as degenerate
[2018-10-25 13:02:21.983] [jointLog] [info] wrote 1 bootstraps
[2018-10-25 13:02:25.473] [jointLog] [info] wrote 2 bootstraps
[2018-10-25 13:02:27.038] [jointLog] [info] wrote 3 bootstraps
[2018-10-25 13:02:27.070] [jointLog] [info] wrote 4 bootstraps
[2018-10-25 13:02:28.260] [jointLog] [info] wrote 5 bootstraps
[2018-10-25 13:02:42.445] [jointLog] [info] wrote 6 bootstraps
[2018-10-25 13:02:44.163] [jointLog] [info] wrote 7 bootstraps
[2018-10-25 13:02:46.559] [jointLog] [info] wrote 8 bootstraps
[2018-10-25 13:02:47.800] [jointLog] [info] wrote 9 bootstraps
[2018-10-25 13:02:49.977] [jointLog] [info] wrote 10 bootstraps
[2018-10-25 13:03:00.803] [jointLog] [info] wrote 11 bootstraps
[2018-10-25 13:03:07.619] [jointLog] [info] wrote 12 bootstraps
[2018-10-25 13:03:07.781] [jointLog] [info] wrote 13 bootstraps
[2018-10-25 13:03:09.653] [jointLog] [info] wrote 14 bootstraps
[2018-10-25 13:03:09.991] [jointLog] [info] wrote 15 bootstraps
[2018-10-25 13:03:22.994] [jointLog] [info] wrote 16 bootstraps
[2018-10-25 13:03:25.712] [jointLog] [info] wrote 17 bootstraps
[2018-10-25 13:03:28.696] [jointLog] [info] wrote 18 bootstraps
[2018-10-25 13:03:30.273] [jointLog] [info] wrote 19 bootstraps
[2018-10-25 13:03:31.123] [jointLog] [info] wrote 20 bootstraps
[2018-10-25 13:03:38.241] [jointLog] [info] wrote 21 bootstraps
[2018-10-25 13:03:43.460] [jointLog] [info] wrote 22 bootstraps
[2018-10-25 13:03:46.745] [jointLog] [info] wrote 23 bootstraps
[2018-10-25 13:03:47.032] [jointLog] [info] wrote 24 bootstraps
[2018-10-25 13:03:52.989] [jointLog] [info] wrote 25 bootstraps
[2018-10-25 13:03:55.134] [jointLog] [info] wrote 26 bootstraps
[2018-10-25 13:04:04.275] [jointLog] [info] wrote 27 bootstraps
[2018-10-25 13:04:04.573] [jointLog] [info] wrote 28 bootstraps
[2018-10-25 13:04:08.747] [jointLog] [info] wrote 29 bootstraps
[2018-10-25 13:04:16.793] [jointLog] [info] wrote 30 bootstraps
[2018-10-25 13:04:18.837] [jointLog] [info] wrote 31 bootstraps
[2018-10-25 13:04:22.960] [jointLog] [info] wrote 32 bootstraps
[2018-10-25 13:04:23.013] [jointLog] [info] wrote 33 bootstraps
[2018-10-25 13:04:24.273] [jointLog] [info] wrote 34 bootstraps
[2018-10-25 13:04:42.140] [jointLog] [info] wrote 35 bootstraps
[2018-10-25 13:04:45.107] [jointLog] [info] wrote 36 bootstraps
[2018-10-25 13:04:45.997] [jointLog] [info] wrote 37 bootstraps
[2018-10-25 13:04:47.010] [jointLog] [info] wrote 38 bootstraps
[2018-10-25 13:04:47.590] [jointLog] [info] wrote 39 bootstraps
[2018-10-25 13:04:57.546] [jointLog] [info] wrote 40 bootstraps
[2018-10-25 13:05:02.584] [jointLog] [info] wrote 41 bootstraps
[2018-10-25 13:05:05.732] [jointLog] [info] wrote 42 bootstraps
[2018-10-25 13:05:10.910] [jointLog] [info] wrote 43 bootstraps
[2018-10-25 13:05:14.070] [jointLog] [info] wrote 44 bootstraps
[2018-10-25 13:05:14.651] [jointLog] [info] wrote 45 bootstraps
[2018-10-25 13:05:21.250] [jointLog] [info] wrote 46 bootstraps
[2018-10-25 13:05:28.532] [jointLog] [info] wrote 47 bootstraps
[2018-10-25 13:05:32.820] [jointLog] [info] wrote 48 bootstraps
[2018-10-25 13:05:36.223] [jointLog] [info] wrote 49 bootstraps
[2018-10-25 13:05:36.694] [jointLog] [info] wrote 50 bootstraps
[2018-10-25 13:05:36.701] [jointLog] [info] Finished Bootstrapping
