[2021-06-17 15:47:05.783] [jointLog] [info] setting maxHashResizeThreads to 24
[2021-06-17 15:47:05.783] [jointLog] [info] Fragment incompatibility prior below threshold.  Incompatible fragments will be ignored.
[2021-06-17 15:47:05.783] [jointLog] [info] Usage of --validateMappings implies use of minScoreFraction. Since not explicitly specified, it is being set to 0.65
[2021-06-17 15:47:05.783] [jointLog] [info] Setting consensusSlack to selective-alignment default of 0.35.
[2021-06-17 15:47:05.783] [jointLog] [info] parsing read library format
[2021-06-17 15:47:05.783] [jointLog] [info] There is 1 library.
[2021-06-17 15:47:05.870] [jointLog] [info] Loading pufferfish index
[2021-06-17 15:47:05.870] [jointLog] [info] Loading dense pufferfish index.
[2021-06-17 15:47:05.882] [jointLog] [info] done
[2021-06-17 15:47:05.882] [jointLog] [info] Index contained 1,293 targets
[2021-06-17 15:47:05.884] [jointLog] [info] Number of decoys : 0
[2021-06-17 15:47:08.161] [jointLog] [info] Automatically detected most likely library type as ISR

[2021-06-17 15:49:14.064] [jointLog] [info] Thread saw mini-batch with a maximum of 0.24% zero probability fragments
[2021-06-17 15:49:14.064] [jointLog] [info] Thread saw mini-batch with a maximum of 0.24% zero probability fragments
[2021-06-17 15:49:14.064] [jointLog] [info] Thread saw mini-batch with a maximum of 0.24% zero probability fragments
[2021-06-17 15:49:14.064] [jointLog] [info] Thread saw mini-batch with a maximum of 0.28% zero probability fragments
[2021-06-17 15:49:14.064] [jointLog] [info] Thread saw mini-batch with a maximum of 0.28% zero probability fragments
[2021-06-17 15:49:14.064] [jointLog] [info] Thread saw mini-batch with a maximum of 0.26% zero probability fragments
[2021-06-17 15:49:14.064] [jointLog] [info] Thread saw mini-batch with a maximum of 0.28% zero probability fragments
[2021-06-17 15:49:14.064] [jointLog] [info] Thread saw mini-batch with a maximum of 0.24% zero probability fragments
[2021-06-17 15:49:14.064] [jointLog] [info] Thread saw mini-batch with a maximum of 0.26% zero probability fragments
[2021-06-17 15:49:14.064] [jointLog] [info] Thread saw mini-batch with a maximum of 0.30% zero probability fragments
[2021-06-17 15:49:14.064] [jointLog] [info] Thread saw mini-batch with a maximum of 0.32% zero probability fragments
[2021-06-17 15:49:14.096] [jointLog] [info] Thread saw mini-batch with a maximum of 0.26% zero probability fragments
[2021-06-17 15:49:14.097] [jointLog] [info] Thread saw mini-batch with a maximum of 0.28% zero probability fragments
[2021-06-17 15:49:14.115] [jointLog] [info] Thread saw mini-batch with a maximum of 0.26% zero probability fragments
[2021-06-17 15:49:14.116] [jointLog] [info] Thread saw mini-batch with a maximum of 0.32% zero probability fragments
[2021-06-17 15:49:14.142] [jointLog] [info] Thread saw mini-batch with a maximum of 0.26% zero probability fragments
[2021-06-17 15:49:14.156] [jointLog] [info] Thread saw mini-batch with a maximum of 0.28% zero probability fragments
[2021-06-17 15:49:14.158] [jointLog] [info] Thread saw mini-batch with a maximum of 0.26% zero probability fragments
[2021-06-17 15:49:14.172] [jointLog] [info] Thread saw mini-batch with a maximum of 0.32% zero probability fragments
[2021-06-17 15:49:14.174] [jointLog] [info] Thread saw mini-batch with a maximum of 0.22% zero probability fragments
[2021-06-17 15:49:14.179] [jointLog] [info] Thread saw mini-batch with a maximum of 0.22% zero probability fragments
[2021-06-17 15:49:14.211] [jointLog] [info] Thread saw mini-batch with a maximum of 0.24% zero probability fragments
[2021-06-17 15:49:14.214] [jointLog] [info] Thread saw mini-batch with a maximum of 0.26% zero probability fragments
[2021-06-17 15:49:14.217] [jointLog] [info] Thread saw mini-batch with a maximum of 0.26% zero probability fragments
[2021-06-17 15:49:14.430] [jointLog] [info] Computed 5,204 rich equivalence classes for further processing
[2021-06-17 15:49:14.430] [jointLog] [info] Counted 3,836,799 total reads in the equivalence classes 
[2021-06-17 15:49:14.435] [jointLog] [info] Number of mappings discarded because of alignment score : 1,127,268
[2021-06-17 15:49:14.435] [jointLog] [info] Number of fragments entirely discarded because of alignment score : 872,002
[2021-06-17 15:49:14.435] [jointLog] [info] Number of fragments discarded because they are best-mapped to decoys : 0
[2021-06-17 15:49:14.436] [jointLog] [warning] Only 3836799 fragments were mapped, but the number of burn-in fragments was set to 5000000.
The effective lengths have been computed using the observed mappings.

[2021-06-17 15:49:14.436] [jointLog] [info] Mapping rate = 6.87441%

[2021-06-17 15:49:14.436] [jointLog] [info] finished quantifyLibrary()
[2021-06-17 15:49:14.440] [jointLog] [info] Starting optimizer
[2021-06-17 15:49:14.447] [jointLog] [info] Marked 0 weighted equivalence classes as degenerate
[2021-06-17 15:49:14.448] [jointLog] [info] iteration = 0 | max rel diff. = 2738.74
[2021-06-17 15:49:14.431] [fileLog] [info] 
At end of round 0
==================
Observed 55812812 total fragments (55812812 in most recent round)

[2021-06-17 15:49:14.486] [jointLog] [info] iteration = 100 | max rel diff. = 0.616794
[2021-06-17 15:49:14.496] [jointLog] [info] iteration = 128 | max rel diff. = 0.00262711
[2021-06-17 15:49:14.496] [jointLog] [info] Finished optimizer
[2021-06-17 15:49:14.496] [jointLog] [info] writing output 

[2021-06-17 15:49:14.499] [jointLog] [info] Starting Bootstrapping
[2021-06-17 15:49:14.500] [jointLog] [info] Will draw 50 bootstrap samples
[2021-06-17 15:49:14.500] [jointLog] [info] Optimizing over 5,204 equivalence classes
[2021-06-17 15:49:14.500] [jointLog] [info] Marked 0 weighted equivalence classes as degenerate
[2021-06-17 15:49:14.941] [jointLog] [info] wrote 1 bootstraps
[2021-06-17 15:49:14.948] [jointLog] [info] wrote 2 bootstraps
[2021-06-17 15:49:14.949] [jointLog] [info] wrote 3 bootstraps
[2021-06-17 15:49:14.959] [jointLog] [info] wrote 4 bootstraps
[2021-06-17 15:49:14.963] [jointLog] [info] wrote 5 bootstraps
[2021-06-17 15:49:14.965] [jointLog] [info] wrote 6 bootstraps
[2021-06-17 15:49:14.972] [jointLog] [info] wrote 7 bootstraps
[2021-06-17 15:49:14.973] [jointLog] [info] wrote 8 bootstraps
[2021-06-17 15:49:14.974] [jointLog] [info] wrote 9 bootstraps
[2021-06-17 15:49:14.975] [jointLog] [info] wrote 10 bootstraps
[2021-06-17 15:49:14.987] [jointLog] [info] wrote 11 bootstraps
[2021-06-17 15:49:14.991] [jointLog] [info] wrote 12 bootstraps
[2021-06-17 15:49:14.999] [jointLog] [info] wrote 13 bootstraps
[2021-06-17 15:49:15.012] [jointLog] [info] wrote 14 bootstraps
[2021-06-17 15:49:15.013] [jointLog] [info] wrote 15 bootstraps
[2021-06-17 15:49:15.016] [jointLog] [info] wrote 16 bootstraps
[2021-06-17 15:49:15.022] [jointLog] [info] wrote 17 bootstraps
[2021-06-17 15:49:15.023] [jointLog] [info] wrote 18 bootstraps
[2021-06-17 15:49:15.025] [jointLog] [info] wrote 19 bootstraps
[2021-06-17 15:49:15.030] [jointLog] [info] wrote 20 bootstraps
[2021-06-17 15:49:15.031] [jointLog] [info] wrote 21 bootstraps
[2021-06-17 15:49:15.032] [jointLog] [info] wrote 22 bootstraps
[2021-06-17 15:49:15.034] [jointLog] [info] wrote 23 bootstraps
[2021-06-17 15:49:15.380] [jointLog] [info] wrote 24 bootstraps
[2021-06-17 15:49:15.384] [jointLog] [info] wrote 25 bootstraps
[2021-06-17 15:49:15.385] [jointLog] [info] wrote 26 bootstraps
[2021-06-17 15:49:15.403] [jointLog] [info] wrote 27 bootstraps
[2021-06-17 15:49:15.410] [jointLog] [info] wrote 28 bootstraps
[2021-06-17 15:49:15.415] [jointLog] [info] wrote 29 bootstraps
[2021-06-17 15:49:15.416] [jointLog] [info] wrote 30 bootstraps
[2021-06-17 15:49:15.418] [jointLog] [info] wrote 31 bootstraps
[2021-06-17 15:49:15.419] [jointLog] [info] wrote 32 bootstraps
[2021-06-17 15:49:15.435] [jointLog] [info] wrote 33 bootstraps
[2021-06-17 15:49:15.437] [jointLog] [info] wrote 34 bootstraps
[2021-06-17 15:49:15.438] [jointLog] [info] wrote 35 bootstraps
[2021-06-17 15:49:15.449] [jointLog] [info] wrote 36 bootstraps
[2021-06-17 15:49:15.456] [jointLog] [info] wrote 37 bootstraps
[2021-06-17 15:49:15.470] [jointLog] [info] wrote 38 bootstraps
[2021-06-17 15:49:15.471] [jointLog] [info] wrote 39 bootstraps
[2021-06-17 15:49:15.472] [jointLog] [info] wrote 40 bootstraps
[2021-06-17 15:49:15.473] [jointLog] [info] wrote 41 bootstraps
[2021-06-17 15:49:15.476] [jointLog] [info] wrote 42 bootstraps
[2021-06-17 15:49:15.477] [jointLog] [info] wrote 43 bootstraps
[2021-06-17 15:49:15.482] [jointLog] [info] wrote 44 bootstraps
[2021-06-17 15:49:15.491] [jointLog] [info] wrote 45 bootstraps
[2021-06-17 15:49:15.508] [jointLog] [info] wrote 46 bootstraps
[2021-06-17 15:49:15.795] [jointLog] [info] wrote 47 bootstraps
[2021-06-17 15:49:15.799] [jointLog] [info] wrote 48 bootstraps
[2021-06-17 15:49:15.814] [jointLog] [info] wrote 49 bootstraps
[2021-06-17 15:49:15.834] [jointLog] [info] wrote 50 bootstraps
[2021-06-17 15:49:15.835] [jointLog] [info] Finished Bootstrapping
