[2018-10-25 12:32:23.988] [jointLog] [info] Fragment incompatibility prior below threshold.  Incompatible fragments will be ignored.
[2018-10-25 12:32:23.988] [jointLog] [info] parsing read library format
[2018-10-25 12:32:23.988] [jointLog] [info] There is 1 library.
[2018-10-25 12:32:24.027] [jointLog] [info] Loading Quasi index
[2018-10-25 12:32:24.028] [jointLog] [info] Loading 32-bit quasi index
[2018-10-25 12:32:32.930] [jointLog] [info] done
[2018-10-25 12:32:32.930] [jointLog] [info] Index contained 101,973 targets
[2018-10-25 12:32:34.331] [jointLog] [info] Automatically detected most likely library type as ISR
[2018-10-25 12:44:48.644] [jointLog] [info] Thread saw mini-batch with a maximum of 4.00% zero probability fragments
[2018-10-25 12:44:48.651] [jointLog] [info] Thread saw mini-batch with a maximum of 3.90% zero probability fragments
[2018-10-25 12:44:48.661] [jointLog] [info] Thread saw mini-batch with a maximum of 3.94% zero probability fragments
[2018-10-25 12:44:48.710] [jointLog] [info] Thread saw mini-batch with a maximum of 3.86% zero probability fragments
[2018-10-25 12:44:48.722] [jointLog] [info] Thread saw mini-batch with a maximum of 3.86% zero probability fragments
[2018-10-25 12:44:48.762] [jointLog] [info] Thread saw mini-batch with a maximum of 4.12% zero probability fragments
[2018-10-25 12:44:48.844] [jointLog] [info] Computed 55,234 rich equivalence classes for further processing
[2018-10-25 12:44:48.844] [jointLog] [info] Counted 30,260,219 total reads in the equivalence classes 
[2018-10-25 12:44:48.848] [jointLog] [info] Mapping rate = 63.0797%

[2018-10-25 12:44:48.848] [jointLog] [info] finished quantifyLibrary()
[2018-10-25 12:44:48.859] [jointLog] [info] Starting optimizer
[2018-10-25 12:44:48.913] [jointLog] [info] Marked 0 weighted equivalence classes as degenerate
[2018-10-25 12:44:48.918] [jointLog] [info] iteration = 0 | max rel diff. = 4282.79
[2018-10-25 12:44:48.845] [fileLog] [info] 
At end of round 0
==================
Observed 47971415 total fragments (47971415 in most recent round)

[2018-10-25 12:44:49.398] [jointLog] [info] iteration = 100 | max rel diff. = 1.45983
[2018-10-25 12:44:49.875] [jointLog] [info] iteration = 200 | max rel diff. = 3.43073
[2018-10-25 12:44:50.354] [jointLog] [info] iteration = 300 | max rel diff. = 0.638469
[2018-10-25 12:44:50.831] [jointLog] [info] iteration = 400 | max rel diff. = 0.0355121
[2018-10-25 12:44:51.310] [jointLog] [info] iteration = 500 | max rel diff. = 0.0264272
[2018-10-25 12:44:51.791] [jointLog] [info] iteration = 600 | max rel diff. = 0.0424625
[2018-10-25 12:44:52.276] [jointLog] [info] iteration = 700 | max rel diff. = 0.102814
[2018-10-25 12:44:52.755] [jointLog] [info] iteration = 800 | max rel diff. = 0.08972
[2018-10-25 12:44:52.812] [jointLog] [info] iteration = 813 | max rel diff. = 0.00486228
[2018-10-25 12:44:52.821] [jointLog] [info] Finished optimizer
[2018-10-25 12:44:52.821] [jointLog] [info] writing output 

[2018-10-25 12:44:53.193] [jointLog] [info] Starting Bootstrapping
[2018-10-25 12:44:53.208] [jointLog] [info] Will draw 50 bootstrap samples
[2018-10-25 12:44:53.208] [jointLog] [info] Optimizing over 55,234 equivalence classes
[2018-10-25 12:44:53.214] [jointLog] [info] Marked 0 weighted equivalence classes as degenerate
[2018-10-25 12:45:08.381] [jointLog] [info] wrote 1 bootstraps
[2018-10-25 12:45:09.191] [jointLog] [info] wrote 2 bootstraps
[2018-10-25 12:45:09.872] [jointLog] [info] wrote 3 bootstraps
[2018-10-25 12:45:10.060] [jointLog] [info] wrote 4 bootstraps
[2018-10-25 12:45:11.631] [jointLog] [info] wrote 5 bootstraps
[2018-10-25 12:45:24.232] [jointLog] [info] wrote 6 bootstraps
[2018-10-25 12:45:24.448] [jointLog] [info] wrote 7 bootstraps
[2018-10-25 12:45:26.238] [jointLog] [info] wrote 8 bootstraps
[2018-10-25 12:45:27.435] [jointLog] [info] wrote 9 bootstraps
[2018-10-25 12:45:29.908] [jointLog] [info] wrote 10 bootstraps
[2018-10-25 12:45:40.127] [jointLog] [info] wrote 11 bootstraps
[2018-10-25 12:45:41.149] [jointLog] [info] wrote 12 bootstraps
[2018-10-25 12:45:42.503] [jointLog] [info] wrote 13 bootstraps
[2018-10-25 12:45:44.809] [jointLog] [info] wrote 14 bootstraps
[2018-10-25 12:45:46.814] [jointLog] [info] wrote 15 bootstraps
[2018-10-25 12:45:58.213] [jointLog] [info] wrote 16 bootstraps
[2018-10-25 12:45:58.945] [jointLog] [info] wrote 17 bootstraps
[2018-10-25 12:45:59.383] [jointLog] [info] wrote 18 bootstraps
[2018-10-25 12:46:02.415] [jointLog] [info] wrote 19 bootstraps
[2018-10-25 12:46:02.910] [jointLog] [info] wrote 20 bootstraps
[2018-10-25 12:46:12.660] [jointLog] [info] wrote 21 bootstraps
[2018-10-25 12:46:14.675] [jointLog] [info] wrote 22 bootstraps
[2018-10-25 12:46:15.429] [jointLog] [info] wrote 23 bootstraps
[2018-10-25 12:46:22.048] [jointLog] [info] wrote 24 bootstraps
[2018-10-25 12:46:22.755] [jointLog] [info] wrote 25 bootstraps
[2018-10-25 12:46:28.369] [jointLog] [info] wrote 26 bootstraps
[2018-10-25 12:46:32.014] [jointLog] [info] wrote 27 bootstraps
[2018-10-25 12:46:33.221] [jointLog] [info] wrote 28 bootstraps
[2018-10-25 12:46:38.063] [jointLog] [info] wrote 29 bootstraps
[2018-10-25 12:46:38.133] [jointLog] [info] wrote 30 bootstraps
[2018-10-25 12:46:45.286] [jointLog] [info] wrote 31 bootstraps
[2018-10-25 12:46:50.481] [jointLog] [info] wrote 32 bootstraps
[2018-10-25 12:46:51.659] [jointLog] [info] wrote 33 bootstraps
[2018-10-25 12:46:54.809] [jointLog] [info] wrote 34 bootstraps
[2018-10-25 12:46:56.647] [jointLog] [info] wrote 35 bootstraps
[2018-10-25 12:47:00.033] [jointLog] [info] wrote 36 bootstraps
[2018-10-25 12:47:06.096] [jointLog] [info] wrote 37 bootstraps
[2018-10-25 12:47:07.056] [jointLog] [info] wrote 38 bootstraps
[2018-10-25 12:47:11.687] [jointLog] [info] wrote 39 bootstraps
[2018-10-25 12:47:12.837] [jointLog] [info] wrote 40 bootstraps
[2018-10-25 12:47:16.867] [jointLog] [info] wrote 41 bootstraps
[2018-10-25 12:47:20.419] [jointLog] [info] wrote 42 bootstraps
[2018-10-25 12:47:23.630] [jointLog] [info] wrote 43 bootstraps
[2018-10-25 12:47:28.368] [jointLog] [info] wrote 44 bootstraps
[2018-10-25 12:47:30.023] [jointLog] [info] wrote 45 bootstraps
[2018-10-25 12:47:32.008] [jointLog] [info] wrote 46 bootstraps
[2018-10-25 12:47:35.388] [jointLog] [info] wrote 47 bootstraps
[2018-10-25 12:47:40.821] [jointLog] [info] wrote 48 bootstraps
[2018-10-25 12:47:44.399] [jointLog] [info] wrote 49 bootstraps
[2018-10-25 12:47:47.341] [jointLog] [info] wrote 50 bootstraps
[2018-10-25 12:47:47.349] [jointLog] [info] Finished Bootstrapping
