[2021-06-17 16:06:53.620] [jointLog] [info] setting maxHashResizeThreads to 24
[2021-06-17 16:06:53.620] [jointLog] [info] Fragment incompatibility prior below threshold.  Incompatible fragments will be ignored.
[2021-06-17 16:06:53.620] [jointLog] [info] Usage of --validateMappings implies use of minScoreFraction. Since not explicitly specified, it is being set to 0.65
[2021-06-17 16:06:53.620] [jointLog] [info] Setting consensusSlack to selective-alignment default of 0.35.
[2021-06-17 16:06:53.620] [jointLog] [info] parsing read library format
[2021-06-17 16:06:53.620] [jointLog] [info] There is 1 library.
[2021-06-17 16:06:53.670] [jointLog] [info] Loading pufferfish index
[2021-06-17 16:06:53.671] [jointLog] [info] Loading dense pufferfish index.
[2021-06-17 16:06:53.678] [jointLog] [info] done
[2021-06-17 16:06:53.678] [jointLog] [info] Index contained 1,293 targets
[2021-06-17 16:06:53.679] [jointLog] [info] Number of decoys : 0
[2021-06-17 16:06:58.742] [jointLog] [info] Automatically detected most likely library type as ISR

[2021-06-17 16:08:52.046] [jointLog] [info] Thread saw mini-batch with a maximum of 0.26% zero probability fragments
[2021-06-17 16:08:52.049] [jointLog] [info] Thread saw mini-batch with a maximum of 0.26% zero probability fragments
[2021-06-17 16:08:52.068] [jointLog] [info] Thread saw mini-batch with a maximum of 0.24% zero probability fragments
[2021-06-17 16:08:52.070] [jointLog] [info] Thread saw mini-batch with a maximum of 0.26% zero probability fragments
[2021-06-17 16:08:52.071] [jointLog] [info] Thread saw mini-batch with a maximum of 0.20% zero probability fragments
[2021-06-17 16:08:52.073] [jointLog] [info] Thread saw mini-batch with a maximum of 0.20% zero probability fragments
[2021-06-17 16:08:52.082] [jointLog] [info] Thread saw mini-batch with a maximum of 0.22% zero probability fragments
[2021-06-17 16:08:52.090] [jointLog] [info] Thread saw mini-batch with a maximum of 0.24% zero probability fragments
[2021-06-17 16:08:52.104] [jointLog] [info] Thread saw mini-batch with a maximum of 0.28% zero probability fragments
[2021-06-17 16:08:52.105] [jointLog] [info] Thread saw mini-batch with a maximum of 0.24% zero probability fragments
[2021-06-17 16:08:52.105] [jointLog] [info] Thread saw mini-batch with a maximum of 0.26% zero probability fragments
[2021-06-17 16:08:52.118] [jointLog] [info] Thread saw mini-batch with a maximum of 0.24% zero probability fragments
[2021-06-17 16:08:52.118] [jointLog] [info] Thread saw mini-batch with a maximum of 0.24% zero probability fragments
[2021-06-17 16:08:52.124] [jointLog] [info] Thread saw mini-batch with a maximum of 0.24% zero probability fragments
[2021-06-17 16:08:52.138] [jointLog] [info] Thread saw mini-batch with a maximum of 0.28% zero probability fragments
[2021-06-17 16:08:52.143] [jointLog] [info] Thread saw mini-batch with a maximum of 0.24% zero probability fragments
[2021-06-17 16:08:52.147] [jointLog] [info] Thread saw mini-batch with a maximum of 0.26% zero probability fragments
[2021-06-17 16:08:52.155] [jointLog] [info] Thread saw mini-batch with a maximum of 0.22% zero probability fragments
[2021-06-17 16:08:52.158] [jointLog] [info] Thread saw mini-batch with a maximum of 0.22% zero probability fragments
[2021-06-17 16:08:52.164] [jointLog] [info] Thread saw mini-batch with a maximum of 0.24% zero probability fragments
[2021-06-17 16:08:52.165] [jointLog] [info] Thread saw mini-batch with a maximum of 0.24% zero probability fragments
[2021-06-17 16:08:52.174] [jointLog] [info] Thread saw mini-batch with a maximum of 0.22% zero probability fragments
[2021-06-17 16:08:52.175] [jointLog] [info] Thread saw mini-batch with a maximum of 0.32% zero probability fragments
[2021-06-17 16:08:52.180] [jointLog] [info] Thread saw mini-batch with a maximum of 0.26% zero probability fragments
[2021-06-17 16:08:52.364] [jointLog] [info] Computed 3,682 rich equivalence classes for further processing
[2021-06-17 16:08:52.364] [jointLog] [info] Counted 1,939,742 total reads in the equivalence classes 
[2021-06-17 16:08:52.369] [jointLog] [info] Number of mappings discarded because of alignment score : 684,790
[2021-06-17 16:08:52.369] [jointLog] [info] Number of fragments entirely discarded because of alignment score : 533,184
[2021-06-17 16:08:52.369] [jointLog] [info] Number of fragments discarded because they are best-mapped to decoys : 0
[2021-06-17 16:08:52.369] [jointLog] [warning] Only 1939742 fragments were mapped, but the number of burn-in fragments was set to 5000000.
The effective lengths have been computed using the observed mappings.

[2021-06-17 16:08:52.369] [jointLog] [info] Mapping rate = 3.86744%

[2021-06-17 16:08:52.369] [jointLog] [info] finished quantifyLibrary()
[2021-06-17 16:08:52.370] [jointLog] [info] Starting optimizer
[2021-06-17 16:08:52.377] [jointLog] [info] Marked 0 weighted equivalence classes as degenerate
[2021-06-17 16:08:52.378] [jointLog] [info] iteration = 0 | max rel diff. = 2753.7
[2021-06-17 16:08:52.411] [jointLog] [info] iteration = 100 | max rel diff. = 0.0315244
[2021-06-17 16:08:52.423] [jointLog] [info] iteration = 138 | max rel diff. = 0.00249609
[2021-06-17 16:08:52.423] [jointLog] [info] Finished optimizer
[2021-06-17 16:08:52.423] [jointLog] [info] writing output 

[2021-06-17 16:08:52.427] [jointLog] [info] Starting Bootstrapping
[2021-06-17 16:08:52.427] [jointLog] [info] Will draw 50 bootstrap samples
[2021-06-17 16:08:52.427] [jointLog] [info] Optimizing over 3,682 equivalence classes
[2021-06-17 16:08:52.427] [jointLog] [info] Marked 0 weighted equivalence classes as degenerate
[2021-06-17 16:08:52.365] [fileLog] [info] 
At end of round 0
==================
Observed 50155662 total fragments (50155662 in most recent round)

[2021-06-17 16:08:52.642] [jointLog] [info] wrote 1 bootstraps
[2021-06-17 16:08:52.644] [jointLog] [info] wrote 2 bootstraps
[2021-06-17 16:08:52.647] [jointLog] [info] wrote 3 bootstraps
[2021-06-17 16:08:52.648] [jointLog] [info] wrote 4 bootstraps
[2021-06-17 16:08:52.652] [jointLog] [info] wrote 5 bootstraps
[2021-06-17 16:08:52.653] [jointLog] [info] wrote 6 bootstraps
[2021-06-17 16:08:52.654] [jointLog] [info] wrote 7 bootstraps
[2021-06-17 16:08:52.655] [jointLog] [info] wrote 8 bootstraps
[2021-06-17 16:08:52.660] [jointLog] [info] wrote 9 bootstraps
[2021-06-17 16:08:52.662] [jointLog] [info] wrote 10 bootstraps
[2021-06-17 16:08:52.666] [jointLog] [info] wrote 11 bootstraps
[2021-06-17 16:08:52.667] [jointLog] [info] wrote 12 bootstraps
[2021-06-17 16:08:52.669] [jointLog] [info] wrote 13 bootstraps
[2021-06-17 16:08:52.670] [jointLog] [info] wrote 14 bootstraps
[2021-06-17 16:08:52.673] [jointLog] [info] wrote 15 bootstraps
[2021-06-17 16:08:52.677] [jointLog] [info] wrote 16 bootstraps
[2021-06-17 16:08:52.681] [jointLog] [info] wrote 17 bootstraps
[2021-06-17 16:08:52.685] [jointLog] [info] wrote 18 bootstraps
[2021-06-17 16:08:52.709] [jointLog] [info] wrote 19 bootstraps
[2021-06-17 16:08:52.717] [jointLog] [info] wrote 20 bootstraps
[2021-06-17 16:08:52.725] [jointLog] [info] wrote 21 bootstraps
[2021-06-17 16:08:52.737] [jointLog] [info] wrote 22 bootstraps
[2021-06-17 16:08:52.746] [jointLog] [info] wrote 23 bootstraps
[2021-06-17 16:08:52.857] [jointLog] [info] wrote 24 bootstraps
[2021-06-17 16:08:52.859] [jointLog] [info] wrote 25 bootstraps
[2021-06-17 16:08:52.860] [jointLog] [info] wrote 26 bootstraps
[2021-06-17 16:08:52.870] [jointLog] [info] wrote 27 bootstraps
[2021-06-17 16:08:52.877] [jointLog] [info] wrote 28 bootstraps
[2021-06-17 16:08:52.878] [jointLog] [info] wrote 29 bootstraps
[2021-06-17 16:08:52.882] [jointLog] [info] wrote 30 bootstraps
[2021-06-17 16:08:52.884] [jointLog] [info] wrote 31 bootstraps
[2021-06-17 16:08:52.885] [jointLog] [info] wrote 32 bootstraps
[2021-06-17 16:08:52.886] [jointLog] [info] wrote 33 bootstraps
[2021-06-17 16:08:52.889] [jointLog] [info] wrote 34 bootstraps
[2021-06-17 16:08:52.890] [jointLog] [info] wrote 35 bootstraps
[2021-06-17 16:08:52.893] [jointLog] [info] wrote 36 bootstraps
[2021-06-17 16:08:52.894] [jointLog] [info] wrote 37 bootstraps
[2021-06-17 16:08:52.897] [jointLog] [info] wrote 38 bootstraps
[2021-06-17 16:08:52.904] [jointLog] [info] wrote 39 bootstraps
[2021-06-17 16:08:52.917] [jointLog] [info] wrote 40 bootstraps
[2021-06-17 16:08:52.920] [jointLog] [info] wrote 41 bootstraps
[2021-06-17 16:08:52.939] [jointLog] [info] wrote 42 bootstraps
[2021-06-17 16:08:52.940] [jointLog] [info] wrote 43 bootstraps
[2021-06-17 16:08:52.946] [jointLog] [info] wrote 44 bootstraps
[2021-06-17 16:08:52.955] [jointLog] [info] wrote 45 bootstraps
[2021-06-17 16:08:52.972] [jointLog] [info] wrote 46 bootstraps
[2021-06-17 16:08:53.065] [jointLog] [info] wrote 47 bootstraps
[2021-06-17 16:08:53.066] [jointLog] [info] wrote 48 bootstraps
[2021-06-17 16:08:53.069] [jointLog] [info] wrote 49 bootstraps
[2021-06-17 16:08:53.071] [jointLog] [info] wrote 50 bootstraps
[2021-06-17 16:08:53.071] [jointLog] [info] Finished Bootstrapping
