[2021-06-17 15:53:25.252] [jointLog] [info] setting maxHashResizeThreads to 24
[2021-06-17 15:53:25.252] [jointLog] [info] Fragment incompatibility prior below threshold.  Incompatible fragments will be ignored.
[2021-06-17 15:53:25.252] [jointLog] [info] Usage of --validateMappings implies use of minScoreFraction. Since not explicitly specified, it is being set to 0.65
[2021-06-17 15:53:25.252] [jointLog] [info] Setting consensusSlack to selective-alignment default of 0.35.
[2021-06-17 15:53:25.252] [jointLog] [info] parsing read library format
[2021-06-17 15:53:25.252] [jointLog] [info] There is 1 library.
[2021-06-17 15:53:25.332] [jointLog] [info] Loading pufferfish index
[2021-06-17 15:53:25.332] [jointLog] [info] Loading dense pufferfish index.
[2021-06-17 15:53:25.339] [jointLog] [info] done
[2021-06-17 15:53:25.339] [jointLog] [info] Index contained 1,293 targets
[2021-06-17 15:53:25.340] [jointLog] [info] Number of decoys : 0
[2021-06-17 15:53:28.931] [jointLog] [info] Automatically detected most likely library type as ISR

[2021-06-17 15:55:22.936] [jointLog] [info] Thread saw mini-batch with a maximum of 0.30% zero probability fragments
[2021-06-17 15:55:22.936] [jointLog] [info] Thread saw mini-batch with a maximum of 0.30% zero probability fragments
[2021-06-17 15:55:22.937] [jointLog] [info] Thread saw mini-batch with a maximum of 0.30% zero probability fragments
[2021-06-17 15:55:22.937] [jointLog] [info] Thread saw mini-batch with a maximum of 0.32% zero probability fragments
[2021-06-17 15:55:22.937] [jointLog] [info] Thread saw mini-batch with a maximum of 0.32% zero probability fragments
[2021-06-17 15:55:22.937] [jointLog] [info] Thread saw mini-batch with a maximum of 0.28% zero probability fragments
[2021-06-17 15:55:22.937] [jointLog] [info] Thread saw mini-batch with a maximum of 0.30% zero probability fragments
[2021-06-17 15:55:22.937] [jointLog] [info] Thread saw mini-batch with a maximum of 0.30% zero probability fragments
[2021-06-17 15:55:22.950] [jointLog] [info] Thread saw mini-batch with a maximum of 0.28% zero probability fragments
[2021-06-17 15:55:22.953] [jointLog] [info] Thread saw mini-batch with a maximum of 0.30% zero probability fragments
[2021-06-17 15:55:22.959] [jointLog] [info] Thread saw mini-batch with a maximum of 0.30% zero probability fragments
[2021-06-17 15:55:22.979] [jointLog] [info] Thread saw mini-batch with a maximum of 0.30% zero probability fragments
[2021-06-17 15:55:22.992] [jointLog] [info] Thread saw mini-batch with a maximum of 0.32% zero probability fragments
[2021-06-17 15:55:23.016] [jointLog] [info] Thread saw mini-batch with a maximum of 0.30% zero probability fragments
[2021-06-17 15:55:23.017] [jointLog] [info] Thread saw mini-batch with a maximum of 0.34% zero probability fragments
[2021-06-17 15:55:23.027] [jointLog] [info] Thread saw mini-batch with a maximum of 0.30% zero probability fragments
[2021-06-17 15:55:23.036] [jointLog] [info] Thread saw mini-batch with a maximum of 0.40% zero probability fragments
[2021-06-17 15:55:23.050] [jointLog] [info] Thread saw mini-batch with a maximum of 0.38% zero probability fragments
[2021-06-17 15:55:23.056] [jointLog] [info] Thread saw mini-batch with a maximum of 0.34% zero probability fragments
[2021-06-17 15:55:23.057] [jointLog] [info] Thread saw mini-batch with a maximum of 0.36% zero probability fragments
[2021-06-17 15:55:23.058] [jointLog] [info] Thread saw mini-batch with a maximum of 0.38% zero probability fragments
[2021-06-17 15:55:23.060] [jointLog] [info] Thread saw mini-batch with a maximum of 0.32% zero probability fragments
[2021-06-17 15:55:23.065] [jointLog] [info] Thread saw mini-batch with a maximum of 0.32% zero probability fragments
[2021-06-17 15:55:23.075] [jointLog] [info] Thread saw mini-batch with a maximum of 0.36% zero probability fragments
[2021-06-17 15:55:23.211] [jointLog] [info] Computed 3,915 rich equivalence classes for further processing
[2021-06-17 15:55:23.211] [jointLog] [info] Counted 2,299,646 total reads in the equivalence classes 
[2021-06-17 15:55:23.216] [jointLog] [info] Number of mappings discarded because of alignment score : 754,363
[2021-06-17 15:55:23.216] [jointLog] [info] Number of fragments entirely discarded because of alignment score : 594,656
[2021-06-17 15:55:23.216] [jointLog] [info] Number of fragments discarded because they are best-mapped to decoys : 0
[2021-06-17 15:55:23.216] [jointLog] [warning] Only 2299646 fragments were mapped, but the number of burn-in fragments was set to 5000000.
The effective lengths have been computed using the observed mappings.

[2021-06-17 15:55:23.216] [jointLog] [info] Mapping rate = 4.62382%

[2021-06-17 15:55:23.217] [jointLog] [info] finished quantifyLibrary()
[2021-06-17 15:55:23.217] [jointLog] [info] Starting optimizer
[2021-06-17 15:55:23.226] [jointLog] [info] Marked 0 weighted equivalence classes as degenerate
[2021-06-17 15:55:23.228] [jointLog] [info] iteration = 0 | max rel diff. = 40771.2
[2021-06-17 15:55:23.263] [jointLog] [info] iteration = 100 | max rel diff. = 0.210807
[2021-06-17 15:55:23.266] [jointLog] [info] iteration = 108 | max rel diff. = 0.00172842
[2021-06-17 15:55:23.266] [jointLog] [info] Finished optimizer
[2021-06-17 15:55:23.266] [jointLog] [info] writing output 

[2021-06-17 15:55:23.269] [jointLog] [info] Starting Bootstrapping
[2021-06-17 15:55:23.270] [jointLog] [info] Will draw 50 bootstrap samples
[2021-06-17 15:55:23.270] [jointLog] [info] Optimizing over 3,915 equivalence classes
[2021-06-17 15:55:23.270] [jointLog] [info] Marked 0 weighted equivalence classes as degenerate
[2021-06-17 15:55:23.212] [fileLog] [info] 
At end of round 0
==================
Observed 49734772 total fragments (49734772 in most recent round)

[2021-06-17 15:55:23.532] [jointLog] [info] wrote 1 bootstraps
[2021-06-17 15:55:23.533] [jointLog] [info] wrote 2 bootstraps
[2021-06-17 15:55:23.534] [jointLog] [info] wrote 3 bootstraps
[2021-06-17 15:55:23.535] [jointLog] [info] wrote 4 bootstraps
[2021-06-17 15:55:23.536] [jointLog] [info] wrote 5 bootstraps
[2021-06-17 15:55:23.537] [jointLog] [info] wrote 6 bootstraps
[2021-06-17 15:55:23.538] [jointLog] [info] wrote 7 bootstraps
[2021-06-17 15:55:23.544] [jointLog] [info] wrote 8 bootstraps
[2021-06-17 15:55:23.545] [jointLog] [info] wrote 9 bootstraps
[2021-06-17 15:55:23.552] [jointLog] [info] wrote 10 bootstraps
[2021-06-17 15:55:23.554] [jointLog] [info] wrote 11 bootstraps
[2021-06-17 15:55:23.570] [jointLog] [info] wrote 12 bootstraps
[2021-06-17 15:55:23.572] [jointLog] [info] wrote 13 bootstraps
[2021-06-17 15:55:23.591] [jointLog] [info] wrote 14 bootstraps
[2021-06-17 15:55:23.594] [jointLog] [info] wrote 15 bootstraps
[2021-06-17 15:55:23.600] [jointLog] [info] wrote 16 bootstraps
[2021-06-17 15:55:23.604] [jointLog] [info] wrote 17 bootstraps
[2021-06-17 15:55:23.605] [jointLog] [info] wrote 18 bootstraps
[2021-06-17 15:55:23.609] [jointLog] [info] wrote 19 bootstraps
[2021-06-17 15:55:23.610] [jointLog] [info] wrote 20 bootstraps
[2021-06-17 15:55:23.628] [jointLog] [info] wrote 21 bootstraps
[2021-06-17 15:55:23.644] [jointLog] [info] wrote 22 bootstraps
[2021-06-17 15:55:23.672] [jointLog] [info] wrote 23 bootstraps
[2021-06-17 15:55:23.793] [jointLog] [info] wrote 24 bootstraps
[2021-06-17 15:55:23.794] [jointLog] [info] wrote 25 bootstraps
[2021-06-17 15:55:23.795] [jointLog] [info] wrote 26 bootstraps
[2021-06-17 15:55:23.796] [jointLog] [info] wrote 27 bootstraps
[2021-06-17 15:55:23.799] [jointLog] [info] wrote 28 bootstraps
[2021-06-17 15:55:23.801] [jointLog] [info] wrote 29 bootstraps
[2021-06-17 15:55:23.803] [jointLog] [info] wrote 30 bootstraps
[2021-06-17 15:55:23.805] [jointLog] [info] wrote 31 bootstraps
[2021-06-17 15:55:23.812] [jointLog] [info] wrote 32 bootstraps
[2021-06-17 15:55:23.819] [jointLog] [info] wrote 33 bootstraps
[2021-06-17 15:55:23.826] [jointLog] [info] wrote 34 bootstraps
[2021-06-17 15:55:23.831] [jointLog] [info] wrote 35 bootstraps
[2021-06-17 15:55:23.832] [jointLog] [info] wrote 36 bootstraps
[2021-06-17 15:55:23.851] [jointLog] [info] wrote 37 bootstraps
[2021-06-17 15:55:23.860] [jointLog] [info] wrote 38 bootstraps
[2021-06-17 15:55:23.861] [jointLog] [info] wrote 39 bootstraps
[2021-06-17 15:55:23.863] [jointLog] [info] wrote 40 bootstraps
[2021-06-17 15:55:23.866] [jointLog] [info] wrote 41 bootstraps
[2021-06-17 15:55:23.870] [jointLog] [info] wrote 42 bootstraps
[2021-06-17 15:55:23.871] [jointLog] [info] wrote 43 bootstraps
[2021-06-17 15:55:23.877] [jointLog] [info] wrote 44 bootstraps
[2021-06-17 15:55:23.903] [jointLog] [info] wrote 45 bootstraps
[2021-06-17 15:55:23.930] [jointLog] [info] wrote 46 bootstraps
[2021-06-17 15:55:24.037] [jointLog] [info] wrote 47 bootstraps
[2021-06-17 15:55:24.038] [jointLog] [info] wrote 48 bootstraps
[2021-06-17 15:55:24.040] [jointLog] [info] wrote 49 bootstraps
[2021-06-17 15:55:24.057] [jointLog] [info] wrote 50 bootstraps
[2021-06-17 15:55:24.058] [jointLog] [info] Finished Bootstrapping
