[2021-06-17 15:35:02.631] [jointLog] [info] setting maxHashResizeThreads to 24
[2021-06-17 15:35:02.631] [jointLog] [info] Fragment incompatibility prior below threshold.  Incompatible fragments will be ignored.
[2021-06-17 15:35:02.631] [jointLog] [info] Usage of --validateMappings implies use of minScoreFraction. Since not explicitly specified, it is being set to 0.65
[2021-06-17 15:35:02.631] [jointLog] [info] Setting consensusSlack to selective-alignment default of 0.35.
[2021-06-17 15:35:02.631] [jointLog] [info] parsing read library format
[2021-06-17 15:35:02.631] [jointLog] [info] There is 1 library.
[2021-06-17 15:35:02.682] [jointLog] [info] Loading pufferfish index
[2021-06-17 15:35:02.682] [jointLog] [info] Loading dense pufferfish index.
[2021-06-17 15:35:02.689] [jointLog] [info] done
[2021-06-17 15:35:02.689] [jointLog] [info] Index contained 1,293 targets
[2021-06-17 15:35:02.690] [jointLog] [info] Number of decoys : 0
[2021-06-17 15:35:06.283] [jointLog] [info] Automatically detected most likely library type as ISR

[2021-06-17 15:36:52.884] [jointLog] [info] Thread saw mini-batch with a maximum of 0.30% zero probability fragments
[2021-06-17 15:36:52.884] [jointLog] [info] Thread saw mini-batch with a maximum of 0.48% zero probability fragments
[2021-06-17 15:36:52.884] [jointLog] [info] Thread saw mini-batch with a maximum of 0.42% zero probability fragments
[2021-06-17 15:36:52.885] [jointLog] [info] Thread saw mini-batch with a maximum of 0.38% zero probability fragments
[2021-06-17 15:36:52.885] [jointLog] [info] Thread saw mini-batch with a maximum of 0.40% zero probability fragments
[2021-06-17 15:36:52.885] [jointLog] [info] Thread saw mini-batch with a maximum of 0.38% zero probability fragments
[2021-06-17 15:36:52.885] [jointLog] [info] Thread saw mini-batch with a maximum of 0.34% zero probability fragments
[2021-06-17 15:36:52.885] [jointLog] [info] Thread saw mini-batch with a maximum of 0.34% zero probability fragments
[2021-06-17 15:36:52.885] [jointLog] [info] Thread saw mini-batch with a maximum of 0.36% zero probability fragments
[2021-06-17 15:36:52.911] [jointLog] [info] Thread saw mini-batch with a maximum of 0.36% zero probability fragments
[2021-06-17 15:36:52.917] [jointLog] [info] Thread saw mini-batch with a maximum of 0.42% zero probability fragments
[2021-06-17 15:36:52.921] [jointLog] [info] Thread saw mini-batch with a maximum of 0.32% zero probability fragments
[2021-06-17 15:36:52.926] [jointLog] [info] Thread saw mini-batch with a maximum of 0.32% zero probability fragments
[2021-06-17 15:36:52.950] [jointLog] [info] Thread saw mini-batch with a maximum of 0.34% zero probability fragments
[2021-06-17 15:36:52.955] [jointLog] [info] Thread saw mini-batch with a maximum of 0.38% zero probability fragments
[2021-06-17 15:36:52.960] [jointLog] [info] Thread saw mini-batch with a maximum of 0.38% zero probability fragments
[2021-06-17 15:36:52.964] [jointLog] [info] Thread saw mini-batch with a maximum of 0.36% zero probability fragments
[2021-06-17 15:36:52.986] [jointLog] [info] Thread saw mini-batch with a maximum of 0.34% zero probability fragments
[2021-06-17 15:36:52.995] [jointLog] [info] Thread saw mini-batch with a maximum of 0.36% zero probability fragments
[2021-06-17 15:36:53.002] [jointLog] [info] Thread saw mini-batch with a maximum of 0.32% zero probability fragments
[2021-06-17 15:36:53.006] [jointLog] [info] Thread saw mini-batch with a maximum of 0.36% zero probability fragments
[2021-06-17 15:36:53.026] [jointLog] [info] Thread saw mini-batch with a maximum of 0.40% zero probability fragments
[2021-06-17 15:36:53.033] [jointLog] [info] Thread saw mini-batch with a maximum of 0.34% zero probability fragments
[2021-06-17 15:36:53.050] [jointLog] [info] Thread saw mini-batch with a maximum of 0.40% zero probability fragments
[2021-06-17 15:36:53.235] [jointLog] [info] Computed 4,077 rich equivalence classes for further processing
[2021-06-17 15:36:53.235] [jointLog] [info] Counted 2,327,327 total reads in the equivalence classes 
[2021-06-17 15:36:53.239] [jointLog] [info] Number of mappings discarded because of alignment score : 793,318
[2021-06-17 15:36:53.239] [jointLog] [info] Number of fragments entirely discarded because of alignment score : 626,674
[2021-06-17 15:36:53.239] [jointLog] [info] Number of fragments discarded because they are best-mapped to decoys : 0
[2021-06-17 15:36:53.240] [jointLog] [warning] Only 2327327 fragments were mapped, but the number of burn-in fragments was set to 5000000.
The effective lengths have been computed using the observed mappings.

[2021-06-17 15:36:53.240] [jointLog] [info] Mapping rate = 4.86859%

[2021-06-17 15:36:53.240] [jointLog] [info] finished quantifyLibrary()
[2021-06-17 15:36:53.241] [jointLog] [info] Starting optimizer
[2021-06-17 15:36:53.247] [jointLog] [info] Marked 0 weighted equivalence classes as degenerate
[2021-06-17 15:36:53.248] [jointLog] [info] iteration = 0 | max rel diff. = 24934.1
[2021-06-17 15:36:53.281] [jointLog] [info] iteration = 100 | max rel diff. = 0.00277989
[2021-06-17 15:36:53.281] [jointLog] [info] Finished optimizer
[2021-06-17 15:36:53.281] [jointLog] [info] writing output 

[2021-06-17 15:36:53.285] [jointLog] [info] Starting Bootstrapping
[2021-06-17 15:36:53.285] [jointLog] [info] Will draw 50 bootstrap samples
[2021-06-17 15:36:53.285] [jointLog] [info] Optimizing over 4,077 equivalence classes
[2021-06-17 15:36:53.285] [jointLog] [info] Marked 0 weighted equivalence classes as degenerate
[2021-06-17 15:36:53.236] [fileLog] [info] 
At end of round 0
==================
Observed 47802934 total fragments (47802934 in most recent round)

[2021-06-17 15:36:53.547] [jointLog] [info] wrote 1 bootstraps
[2021-06-17 15:36:53.547] [jointLog] [info] wrote 2 bootstraps
[2021-06-17 15:36:53.552] [jointLog] [info] wrote 3 bootstraps
[2021-06-17 15:36:53.553] [jointLog] [info] wrote 4 bootstraps
[2021-06-17 15:36:53.558] [jointLog] [info] wrote 5 bootstraps
[2021-06-17 15:36:53.560] [jointLog] [info] wrote 6 bootstraps
[2021-06-17 15:36:53.570] [jointLog] [info] wrote 7 bootstraps
[2021-06-17 15:36:53.580] [jointLog] [info] wrote 8 bootstraps
[2021-06-17 15:36:53.582] [jointLog] [info] wrote 9 bootstraps
[2021-06-17 15:36:53.583] [jointLog] [info] wrote 10 bootstraps
[2021-06-17 15:36:53.584] [jointLog] [info] wrote 11 bootstraps
[2021-06-17 15:36:53.585] [jointLog] [info] wrote 12 bootstraps
[2021-06-17 15:36:53.587] [jointLog] [info] wrote 13 bootstraps
[2021-06-17 15:36:53.589] [jointLog] [info] wrote 14 bootstraps
[2021-06-17 15:36:53.592] [jointLog] [info] wrote 15 bootstraps
[2021-06-17 15:36:53.593] [jointLog] [info] wrote 16 bootstraps
[2021-06-17 15:36:53.594] [jointLog] [info] wrote 17 bootstraps
[2021-06-17 15:36:53.603] [jointLog] [info] wrote 18 bootstraps
[2021-06-17 15:36:53.615] [jointLog] [info] wrote 19 bootstraps
[2021-06-17 15:36:53.619] [jointLog] [info] wrote 20 bootstraps
[2021-06-17 15:36:53.621] [jointLog] [info] wrote 21 bootstraps
[2021-06-17 15:36:53.633] [jointLog] [info] wrote 22 bootstraps
[2021-06-17 15:36:53.634] [jointLog] [info] wrote 23 bootstraps
[2021-06-17 15:36:53.803] [jointLog] [info] wrote 24 bootstraps
[2021-06-17 15:36:53.811] [jointLog] [info] wrote 25 bootstraps
[2021-06-17 15:36:53.817] [jointLog] [info] wrote 26 bootstraps
[2021-06-17 15:36:53.819] [jointLog] [info] wrote 27 bootstraps
[2021-06-17 15:36:53.820] [jointLog] [info] wrote 28 bootstraps
[2021-06-17 15:36:53.829] [jointLog] [info] wrote 29 bootstraps
[2021-06-17 15:36:53.839] [jointLog] [info] wrote 30 bootstraps
[2021-06-17 15:36:53.842] [jointLog] [info] wrote 31 bootstraps
[2021-06-17 15:36:53.852] [jointLog] [info] wrote 32 bootstraps
[2021-06-17 15:36:53.855] [jointLog] [info] wrote 33 bootstraps
[2021-06-17 15:36:53.856] [jointLog] [info] wrote 34 bootstraps
[2021-06-17 15:36:53.857] [jointLog] [info] wrote 35 bootstraps
[2021-06-17 15:36:53.860] [jointLog] [info] wrote 36 bootstraps
[2021-06-17 15:36:53.861] [jointLog] [info] wrote 37 bootstraps
[2021-06-17 15:36:53.864] [jointLog] [info] wrote 38 bootstraps
[2021-06-17 15:36:53.866] [jointLog] [info] wrote 39 bootstraps
[2021-06-17 15:36:53.868] [jointLog] [info] wrote 40 bootstraps
[2021-06-17 15:36:53.876] [jointLog] [info] wrote 41 bootstraps
[2021-06-17 15:36:53.896] [jointLog] [info] wrote 42 bootstraps
[2021-06-17 15:36:53.903] [jointLog] [info] wrote 43 bootstraps
[2021-06-17 15:36:53.906] [jointLog] [info] wrote 44 bootstraps
[2021-06-17 15:36:53.907] [jointLog] [info] wrote 45 bootstraps
[2021-06-17 15:36:53.912] [jointLog] [info] wrote 46 bootstraps
[2021-06-17 15:36:54.047] [jointLog] [info] wrote 47 bootstraps
[2021-06-17 15:36:54.055] [jointLog] [info] wrote 48 bootstraps
[2021-06-17 15:36:54.071] [jointLog] [info] wrote 49 bootstraps
[2021-06-17 15:36:54.077] [jointLog] [info] wrote 50 bootstraps
[2021-06-17 15:36:54.077] [jointLog] [info] Finished Bootstrapping
