[2021-06-17 15:58:12.832] [jointLog] [info] setting maxHashResizeThreads to 24
[2021-06-17 15:58:12.832] [jointLog] [info] Fragment incompatibility prior below threshold.  Incompatible fragments will be ignored.
[2021-06-17 15:58:12.832] [jointLog] [info] Usage of --validateMappings implies use of minScoreFraction. Since not explicitly specified, it is being set to 0.65
[2021-06-17 15:58:12.832] [jointLog] [info] Setting consensusSlack to selective-alignment default of 0.35.
[2021-06-17 15:58:12.833] [jointLog] [info] parsing read library format
[2021-06-17 15:58:12.833] [jointLog] [info] There is 1 library.
[2021-06-17 15:58:12.884] [jointLog] [info] Loading pufferfish index
[2021-06-17 15:58:12.884] [jointLog] [info] Loading dense pufferfish index.
[2021-06-17 15:58:12.892] [jointLog] [info] done
[2021-06-17 15:58:12.892] [jointLog] [info] Index contained 1,293 targets
[2021-06-17 15:58:12.893] [jointLog] [info] Number of decoys : 0
[2021-06-17 15:58:16.466] [jointLog] [info] Automatically detected most likely library type as ISR

[2021-06-17 16:00:07.672] [jointLog] [info] Thread saw mini-batch with a maximum of 0.18% zero probability fragments
[2021-06-17 16:00:07.672] [jointLog] [info] Thread saw mini-batch with a maximum of 0.26% zero probability fragments
[2021-06-17 16:00:07.672] [jointLog] [info] Thread saw mini-batch with a maximum of 0.24% zero probability fragments
[2021-06-17 16:00:07.672] [jointLog] [info] Thread saw mini-batch with a maximum of 0.18% zero probability fragments
[2021-06-17 16:00:07.672] [jointLog] [info] Thread saw mini-batch with a maximum of 0.20% zero probability fragments
[2021-06-17 16:00:07.672] [jointLog] [info] Thread saw mini-batch with a maximum of 0.20% zero probability fragments
[2021-06-17 16:00:07.692] [jointLog] [info] Thread saw mini-batch with a maximum of 0.20% zero probability fragments
[2021-06-17 16:00:07.699] [jointLog] [info] Thread saw mini-batch with a maximum of 0.20% zero probability fragments
[2021-06-17 16:00:07.702] [jointLog] [info] Thread saw mini-batch with a maximum of 0.20% zero probability fragments
[2021-06-17 16:00:07.703] [jointLog] [info] Thread saw mini-batch with a maximum of 0.24% zero probability fragments
[2021-06-17 16:00:07.713] [jointLog] [info] Thread saw mini-batch with a maximum of 0.22% zero probability fragments
[2021-06-17 16:00:07.725] [jointLog] [info] Thread saw mini-batch with a maximum of 0.20% zero probability fragments
[2021-06-17 16:00:07.730] [jointLog] [info] Thread saw mini-batch with a maximum of 0.20% zero probability fragments
[2021-06-17 16:00:07.740] [jointLog] [info] Thread saw mini-batch with a maximum of 0.22% zero probability fragments
[2021-06-17 16:00:07.754] [jointLog] [info] Thread saw mini-batch with a maximum of 0.20% zero probability fragments
[2021-06-17 16:00:07.758] [jointLog] [info] Thread saw mini-batch with a maximum of 0.20% zero probability fragments
[2021-06-17 16:00:07.758] [jointLog] [info] Thread saw mini-batch with a maximum of 0.22% zero probability fragments
[2021-06-17 16:00:07.770] [jointLog] [info] Thread saw mini-batch with a maximum of 0.22% zero probability fragments
[2021-06-17 16:00:07.773] [jointLog] [info] Thread saw mini-batch with a maximum of 0.18% zero probability fragments
[2021-06-17 16:00:07.781] [jointLog] [info] Thread saw mini-batch with a maximum of 0.20% zero probability fragments
[2021-06-17 16:00:07.782] [jointLog] [info] Thread saw mini-batch with a maximum of 0.24% zero probability fragments
[2021-06-17 16:00:07.786] [jointLog] [info] Thread saw mini-batch with a maximum of 0.20% zero probability fragments
[2021-06-17 16:00:07.788] [jointLog] [info] Thread saw mini-batch with a maximum of 0.18% zero probability fragments
[2021-06-17 16:00:07.806] [jointLog] [info] Thread saw mini-batch with a maximum of 0.22% zero probability fragments
[2021-06-17 16:00:07.947] [jointLog] [info] Computed 4,398 rich equivalence classes for further processing
[2021-06-17 16:00:07.947] [jointLog] [info] Counted 2,626,419 total reads in the equivalence classes 
[2021-06-17 16:00:07.952] [jointLog] [info] Number of mappings discarded because of alignment score : 789,382
[2021-06-17 16:00:07.952] [jointLog] [info] Number of fragments entirely discarded because of alignment score : 607,847
[2021-06-17 16:00:07.952] [jointLog] [info] Number of fragments discarded because they are best-mapped to decoys : 0
[2021-06-17 16:00:07.952] [jointLog] [warning] Only 2626419 fragments were mapped, but the number of burn-in fragments was set to 5000000.
The effective lengths have been computed using the observed mappings.

[2021-06-17 16:00:07.952] [jointLog] [info] Mapping rate = 5.06014%

[2021-06-17 16:00:07.952] [jointLog] [info] finished quantifyLibrary()
[2021-06-17 16:00:07.953] [jointLog] [info] Starting optimizer
[2021-06-17 16:00:07.963] [jointLog] [info] Marked 0 weighted equivalence classes as degenerate
[2021-06-17 16:00:07.963] [jointLog] [info] iteration = 0 | max rel diff. = 1923.61
[2021-06-17 16:00:07.998] [jointLog] [info] iteration = 100 | max rel diff. = 0.0548533
[2021-06-17 16:00:08.010] [jointLog] [info] iteration = 135 | max rel diff. = 0.0082591
[2021-06-17 16:00:08.010] [jointLog] [info] Finished optimizer
[2021-06-17 16:00:08.010] [jointLog] [info] writing output 

[2021-06-17 16:00:08.014] [jointLog] [info] Starting Bootstrapping
[2021-06-17 16:00:08.014] [jointLog] [info] Will draw 50 bootstrap samples
[2021-06-17 16:00:08.014] [jointLog] [info] Optimizing over 4,398 equivalence classes
[2021-06-17 16:00:08.014] [jointLog] [info] Marked 0 weighted equivalence classes as degenerate
[2021-06-17 16:00:07.948] [fileLog] [info] 
At end of round 0
==================
Observed 51904042 total fragments (51904042 in most recent round)

[2021-06-17 16:00:08.326] [jointLog] [info] wrote 1 bootstraps
[2021-06-17 16:00:08.327] [jointLog] [info] wrote 2 bootstraps
[2021-06-17 16:00:08.328] [jointLog] [info] wrote 3 bootstraps
[2021-06-17 16:00:08.329] [jointLog] [info] wrote 4 bootstraps
[2021-06-17 16:00:08.330] [jointLog] [info] wrote 5 bootstraps
[2021-06-17 16:00:08.331] [jointLog] [info] wrote 6 bootstraps
[2021-06-17 16:00:08.332] [jointLog] [info] wrote 7 bootstraps
[2021-06-17 16:00:08.337] [jointLog] [info] wrote 8 bootstraps
[2021-06-17 16:00:08.338] [jointLog] [info] wrote 9 bootstraps
[2021-06-17 16:00:08.340] [jointLog] [info] wrote 10 bootstraps
[2021-06-17 16:00:08.343] [jointLog] [info] wrote 11 bootstraps
[2021-06-17 16:00:08.345] [jointLog] [info] wrote 12 bootstraps
[2021-06-17 16:00:08.346] [jointLog] [info] wrote 13 bootstraps
[2021-06-17 16:00:08.347] [jointLog] [info] wrote 14 bootstraps
[2021-06-17 16:00:08.349] [jointLog] [info] wrote 15 bootstraps
[2021-06-17 16:00:08.351] [jointLog] [info] wrote 16 bootstraps
[2021-06-17 16:00:08.352] [jointLog] [info] wrote 17 bootstraps
[2021-06-17 16:00:08.355] [jointLog] [info] wrote 18 bootstraps
[2021-06-17 16:00:08.362] [jointLog] [info] wrote 19 bootstraps
[2021-06-17 16:00:08.376] [jointLog] [info] wrote 20 bootstraps
[2021-06-17 16:00:08.388] [jointLog] [info] wrote 21 bootstraps
[2021-06-17 16:00:08.392] [jointLog] [info] wrote 22 bootstraps
[2021-06-17 16:00:08.400] [jointLog] [info] wrote 23 bootstraps
[2021-06-17 16:00:08.629] [jointLog] [info] wrote 24 bootstraps
[2021-06-17 16:00:08.632] [jointLog] [info] wrote 25 bootstraps
[2021-06-17 16:00:08.634] [jointLog] [info] wrote 26 bootstraps
[2021-06-17 16:00:08.637] [jointLog] [info] wrote 27 bootstraps
[2021-06-17 16:00:08.639] [jointLog] [info] wrote 28 bootstraps
[2021-06-17 16:00:08.644] [jointLog] [info] wrote 29 bootstraps
[2021-06-17 16:00:08.646] [jointLog] [info] wrote 30 bootstraps
[2021-06-17 16:00:08.649] [jointLog] [info] wrote 31 bootstraps
[2021-06-17 16:00:08.650] [jointLog] [info] wrote 32 bootstraps
[2021-06-17 16:00:08.651] [jointLog] [info] wrote 33 bootstraps
[2021-06-17 16:00:08.656] [jointLog] [info] wrote 34 bootstraps
[2021-06-17 16:00:08.657] [jointLog] [info] wrote 35 bootstraps
[2021-06-17 16:00:08.658] [jointLog] [info] wrote 36 bootstraps
[2021-06-17 16:00:08.682] [jointLog] [info] wrote 37 bootstraps
[2021-06-17 16:00:08.683] [jointLog] [info] wrote 38 bootstraps
[2021-06-17 16:00:08.691] [jointLog] [info] wrote 39 bootstraps
[2021-06-17 16:00:08.693] [jointLog] [info] wrote 40 bootstraps
[2021-06-17 16:00:08.697] [jointLog] [info] wrote 41 bootstraps
[2021-06-17 16:00:08.702] [jointLog] [info] wrote 42 bootstraps
[2021-06-17 16:00:08.706] [jointLog] [info] wrote 43 bootstraps
[2021-06-17 16:00:08.712] [jointLog] [info] wrote 44 bootstraps
[2021-06-17 16:00:08.719] [jointLog] [info] wrote 45 bootstraps
[2021-06-17 16:00:08.722] [jointLog] [info] wrote 46 bootstraps
[2021-06-17 16:00:08.921] [jointLog] [info] wrote 47 bootstraps
[2021-06-17 16:00:08.925] [jointLog] [info] wrote 48 bootstraps
[2021-06-17 16:00:08.951] [jointLog] [info] wrote 49 bootstraps
[2021-06-17 16:00:08.954] [jointLog] [info] wrote 50 bootstraps
[2021-06-17 16:00:08.955] [jointLog] [info] Finished Bootstrapping
