[2018-10-25 13:05:38.513] [jointLog] [info] Fragment incompatibility prior below threshold.  Incompatible fragments will be ignored.
[2018-10-25 13:05:38.513] [jointLog] [info] parsing read library format
[2018-10-25 13:05:38.513] [jointLog] [info] There is 1 library.
[2018-10-25 13:05:38.553] [jointLog] [info] Loading Quasi index
[2018-10-25 13:05:38.554] [jointLog] [info] Loading 32-bit quasi index
[2018-10-25 13:05:47.496] [jointLog] [info] done
[2018-10-25 13:05:47.496] [jointLog] [info] Index contained 101,973 targets
[2018-10-25 13:05:48.993] [jointLog] [info] Automatically detected most likely library type as ISR
[2018-10-25 13:18:54.717] [jointLog] [info] Thread saw mini-batch with a maximum of 3.92% zero probability fragments
[2018-10-25 13:18:54.739] [jointLog] [info] Thread saw mini-batch with a maximum of 3.86% zero probability fragments
[2018-10-25 13:18:54.779] [jointLog] [info] Thread saw mini-batch with a maximum of 3.86% zero probability fragments
[2018-10-25 13:18:54.782] [jointLog] [info] Thread saw mini-batch with a maximum of 3.78% zero probability fragments
[2018-10-25 13:18:54.789] [jointLog] [info] Thread saw mini-batch with a maximum of 3.80% zero probability fragments
[2018-10-25 13:18:54.808] [jointLog] [info] Thread saw mini-batch with a maximum of 3.82% zero probability fragments
[2018-10-25 13:18:54.928] [jointLog] [info] Computed 77,977 rich equivalence classes for further processing
[2018-10-25 13:18:54.928] [jointLog] [info] Counted 32,927,735 total reads in the equivalence classes 
[2018-10-25 13:18:54.931] [jointLog] [info] Mapping rate = 60.9286%

[2018-10-25 13:18:54.931] [jointLog] [info] finished quantifyLibrary()
[2018-10-25 13:18:54.939] [jointLog] [info] Starting optimizer
[2018-10-25 13:18:54.993] [jointLog] [info] Marked 0 weighted equivalence classes as degenerate
[2018-10-25 13:18:54.999] [jointLog] [info] iteration = 0 | max rel diff. = 6555.62
[2018-10-25 13:18:54.928] [fileLog] [info] 
At end of round 0
==================
Observed 54043148 total fragments (54043148 in most recent round)

[2018-10-25 13:18:55.563] [jointLog] [info] iteration = 100 | max rel diff. = 4.20972
[2018-10-25 13:18:56.125] [jointLog] [info] iteration = 200 | max rel diff. = 0.482693
[2018-10-25 13:18:56.689] [jointLog] [info] iteration = 300 | max rel diff. = 0.235725
[2018-10-25 13:18:57.253] [jointLog] [info] iteration = 400 | max rel diff. = 0.101894
[2018-10-25 13:18:57.814] [jointLog] [info] iteration = 500 | max rel diff. = 0.186546
[2018-10-25 13:18:57.848] [jointLog] [info] iteration = 507 | max rel diff. = 0.00817648
[2018-10-25 13:18:57.856] [jointLog] [info] Finished optimizer
[2018-10-25 13:18:57.856] [jointLog] [info] writing output 

[2018-10-25 13:18:58.227] [jointLog] [info] Starting Bootstrapping
[2018-10-25 13:18:58.246] [jointLog] [info] Will draw 50 bootstrap samples
[2018-10-25 13:18:58.246] [jointLog] [info] Optimizing over 77,977 equivalence classes
[2018-10-25 13:18:58.252] [jointLog] [info] Marked 0 weighted equivalence classes as degenerate
[2018-10-25 13:19:11.797] [jointLog] [info] wrote 1 bootstraps
[2018-10-25 13:19:12.629] [jointLog] [info] wrote 2 bootstraps
[2018-10-25 13:19:14.446] [jointLog] [info] wrote 3 bootstraps
[2018-10-25 13:19:14.630] [jointLog] [info] wrote 4 bootstraps
[2018-10-25 13:19:16.589] [jointLog] [info] wrote 5 bootstraps
[2018-10-25 13:19:28.463] [jointLog] [info] wrote 6 bootstraps
[2018-10-25 13:19:30.302] [jointLog] [info] wrote 7 bootstraps
[2018-10-25 13:19:31.202] [jointLog] [info] wrote 8 bootstraps
[2018-10-25 13:19:31.804] [jointLog] [info] wrote 9 bootstraps
[2018-10-25 13:19:35.231] [jointLog] [info] wrote 10 bootstraps
[2018-10-25 13:19:45.125] [jointLog] [info] wrote 11 bootstraps
[2018-10-25 13:19:46.277] [jointLog] [info] wrote 12 bootstraps
[2018-10-25 13:19:46.539] [jointLog] [info] wrote 13 bootstraps
[2018-10-25 13:19:50.244] [jointLog] [info] wrote 14 bootstraps
[2018-10-25 13:19:51.933] [jointLog] [info] wrote 15 bootstraps
[2018-10-25 13:20:01.634] [jointLog] [info] wrote 16 bootstraps
[2018-10-25 13:20:03.130] [jointLog] [info] wrote 17 bootstraps
[2018-10-25 13:20:05.579] [jointLog] [info] wrote 18 bootstraps
[2018-10-25 13:20:07.010] [jointLog] [info] wrote 19 bootstraps
[2018-10-25 13:20:08.670] [jointLog] [info] wrote 20 bootstraps
[2018-10-25 13:20:17.663] [jointLog] [info] wrote 21 bootstraps
[2018-10-25 13:20:19.500] [jointLog] [info] wrote 22 bootstraps
[2018-10-25 13:20:20.162] [jointLog] [info] wrote 23 bootstraps
[2018-10-25 13:20:28.789] [jointLog] [info] wrote 24 bootstraps
[2018-10-25 13:20:31.260] [jointLog] [info] wrote 25 bootstraps
[2018-10-25 13:20:36.945] [jointLog] [info] wrote 26 bootstraps
[2018-10-25 13:20:37.520] [jointLog] [info] wrote 27 bootstraps
[2018-10-25 13:20:37.755] [jointLog] [info] wrote 28 bootstraps
[2018-10-25 13:20:49.081] [jointLog] [info] wrote 29 bootstraps
[2018-10-25 13:20:50.248] [jointLog] [info] wrote 30 bootstraps
[2018-10-25 13:20:55.368] [jointLog] [info] wrote 31 bootstraps
[2018-10-25 13:20:55.701] [jointLog] [info] wrote 32 bootstraps
[2018-10-25 13:20:56.927] [jointLog] [info] wrote 33 bootstraps
[2018-10-25 13:21:09.973] [jointLog] [info] wrote 34 bootstraps
[2018-10-25 13:21:10.509] [jointLog] [info] wrote 35 bootstraps
[2018-10-25 13:21:12.123] [jointLog] [info] wrote 36 bootstraps
[2018-10-25 13:21:13.395] [jointLog] [info] wrote 37 bootstraps
[2018-10-25 13:21:15.378] [jointLog] [info] wrote 38 bootstraps
[2018-10-25 13:21:29.315] [jointLog] [info] wrote 39 bootstraps
[2018-10-25 13:21:30.279] [jointLog] [info] wrote 40 bootstraps
[2018-10-25 13:21:30.662] [jointLog] [info] wrote 41 bootstraps
[2018-10-25 13:21:30.723] [jointLog] [info] wrote 42 bootstraps
[2018-10-25 13:21:31.766] [jointLog] [info] wrote 43 bootstraps
[2018-10-25 13:21:44.786] [jointLog] [info] wrote 44 bootstraps
[2018-10-25 13:21:45.928] [jointLog] [info] wrote 45 bootstraps
[2018-10-25 13:21:47.520] [jointLog] [info] wrote 46 bootstraps
[2018-10-25 13:21:48.556] [jointLog] [info] wrote 47 bootstraps
[2018-10-25 13:21:51.503] [jointLog] [info] wrote 48 bootstraps
[2018-10-25 13:21:59.896] [jointLog] [info] wrote 49 bootstraps
[2018-10-25 13:22:01.897] [jointLog] [info] wrote 50 bootstraps
[2018-10-25 13:22:01.907] [jointLog] [info] Finished Bootstrapping
