[2021-06-17 15:13:31.889] [jointLog] [info] setting maxHashResizeThreads to 24
[2021-06-17 15:13:31.889] [jointLog] [info] Fragment incompatibility prior below threshold.  Incompatible fragments will be ignored.
[2021-06-17 15:13:31.889] [jointLog] [info] Usage of --validateMappings implies use of minScoreFraction. Since not explicitly specified, it is being set to 0.65
[2021-06-17 15:13:31.889] [jointLog] [info] Setting consensusSlack to selective-alignment default of 0.35.
[2021-06-17 15:13:31.889] [jointLog] [info] parsing read library format
[2021-06-17 15:13:31.889] [jointLog] [info] There is 1 library.
[2021-06-17 15:13:31.969] [jointLog] [info] Loading pufferfish index
[2021-06-17 15:13:31.969] [jointLog] [info] Loading dense pufferfish index.
[2021-06-17 15:13:31.981] [jointLog] [info] done
[2021-06-17 15:13:31.981] [jointLog] [info] Index contained 1,293 targets
[2021-06-17 15:13:31.983] [jointLog] [info] Number of decoys : 0
[2021-06-17 15:13:35.529] [jointLog] [info] Automatically detected most likely library type as ISR

[2021-06-17 15:15:39.047] [jointLog] [info] Thread saw mini-batch with a maximum of 0.20% zero probability fragments
[2021-06-17 15:15:39.047] [jointLog] [info] Thread saw mini-batch with a maximum of 0.18% zero probability fragments
[2021-06-17 15:15:39.047] [jointLog] [info] Thread saw mini-batch with a maximum of 0.18% zero probability fragments
[2021-06-17 15:15:39.047] [jointLog] [info] Thread saw mini-batch with a maximum of 0.18% zero probability fragments
[2021-06-17 15:15:39.047] [jointLog] [info] Thread saw mini-batch with a maximum of 0.24% zero probability fragments
[2021-06-17 15:15:39.047] [jointLog] [info] Thread saw mini-batch with a maximum of 0.20% zero probability fragments
[2021-06-17 15:15:39.047] [jointLog] [info] Thread saw mini-batch with a maximum of 0.22% zero probability fragments
[2021-06-17 15:15:39.047] [jointLog] [info] Thread saw mini-batch with a maximum of 0.20% zero probability fragments
[2021-06-17 15:15:39.047] [jointLog] [info] Thread saw mini-batch with a maximum of 0.20% zero probability fragments
[2021-06-17 15:15:39.047] [jointLog] [info] Thread saw mini-batch with a maximum of 0.22% zero probability fragments
[2021-06-17 15:15:39.047] [jointLog] [info] Thread saw mini-batch with a maximum of 0.24% zero probability fragments
[2021-06-17 15:15:39.047] [jointLog] [info] Thread saw mini-batch with a maximum of 0.20% zero probability fragments
[2021-06-17 15:15:39.047] [jointLog] [info] Thread saw mini-batch with a maximum of 0.22% zero probability fragments
[2021-06-17 15:15:39.047] [jointLog] [info] Thread saw mini-batch with a maximum of 0.20% zero probability fragments
[2021-06-17 15:15:39.047] [jointLog] [info] Thread saw mini-batch with a maximum of 0.20% zero probability fragments
[2021-06-17 15:15:39.061] [jointLog] [info] Thread saw mini-batch with a maximum of 0.24% zero probability fragments
[2021-06-17 15:15:39.088] [jointLog] [info] Thread saw mini-batch with a maximum of 0.16% zero probability fragments
[2021-06-17 15:15:39.088] [jointLog] [info] Thread saw mini-batch with a maximum of 0.22% zero probability fragments
[2021-06-17 15:15:39.095] [jointLog] [info] Thread saw mini-batch with a maximum of 0.20% zero probability fragments
[2021-06-17 15:15:39.099] [jointLog] [info] Thread saw mini-batch with a maximum of 0.18% zero probability fragments
[2021-06-17 15:15:39.126] [jointLog] [info] Thread saw mini-batch with a maximum of 0.20% zero probability fragments
[2021-06-17 15:15:39.126] [jointLog] [info] Thread saw mini-batch with a maximum of 0.20% zero probability fragments
[2021-06-17 15:15:39.128] [jointLog] [info] Thread saw mini-batch with a maximum of 0.18% zero probability fragments
[2021-06-17 15:15:39.140] [jointLog] [info] Thread saw mini-batch with a maximum of 0.30% zero probability fragments
[2021-06-17 15:15:39.321] [jointLog] [info] Computed 3,856 rich equivalence classes for further processing
[2021-06-17 15:15:39.321] [jointLog] [info] Counted 2,469,005 total reads in the equivalence classes 
[2021-06-17 15:15:39.326] [jointLog] [info] Number of mappings discarded because of alignment score : 750,900
[2021-06-17 15:15:39.326] [jointLog] [info] Number of fragments entirely discarded because of alignment score : 592,070
[2021-06-17 15:15:39.326] [jointLog] [info] Number of fragments discarded because they are best-mapped to decoys : 0
[2021-06-17 15:15:39.327] [jointLog] [warning] Only 2469005 fragments were mapped, but the number of burn-in fragments was set to 5000000.
The effective lengths have been computed using the observed mappings.

[2021-06-17 15:15:39.327] [jointLog] [info] Mapping rate = 4.52884%

[2021-06-17 15:15:39.327] [jointLog] [info] finished quantifyLibrary()
[2021-06-17 15:15:39.328] [jointLog] [info] Starting optimizer
[2021-06-17 15:15:39.335] [jointLog] [info] Marked 0 weighted equivalence classes as degenerate
[2021-06-17 15:15:39.337] [jointLog] [info] iteration = 0 | max rel diff. = 1814.27
[2021-06-17 15:15:39.379] [jointLog] [info] iteration = 100 | max rel diff. = 0.520455
[2021-06-17 15:15:39.380] [jointLog] [info] iteration = 104 | max rel diff. = 0.00251749
[2021-06-17 15:15:39.380] [jointLog] [info] Finished optimizer
[2021-06-17 15:15:39.380] [jointLog] [info] writing output 

[2021-06-17 15:15:39.383] [jointLog] [info] Starting Bootstrapping
[2021-06-17 15:15:39.384] [jointLog] [info] Will draw 50 bootstrap samples
[2021-06-17 15:15:39.384] [jointLog] [info] Optimizing over 3,856 equivalence classes
[2021-06-17 15:15:39.384] [jointLog] [info] Marked 0 weighted equivalence classes as degenerate
[2021-06-17 15:15:39.322] [fileLog] [info] 
At end of round 0
==================
Observed 54517400 total fragments (54517400 in most recent round)

[2021-06-17 15:15:39.650] [jointLog] [info] wrote 1 bootstraps
[2021-06-17 15:15:39.651] [jointLog] [info] wrote 2 bootstraps
[2021-06-17 15:15:39.652] [jointLog] [info] wrote 3 bootstraps
[2021-06-17 15:15:39.653] [jointLog] [info] wrote 4 bootstraps
[2021-06-17 15:15:39.656] [jointLog] [info] wrote 5 bootstraps
[2021-06-17 15:15:39.661] [jointLog] [info] wrote 6 bootstraps
[2021-06-17 15:15:39.662] [jointLog] [info] wrote 7 bootstraps
[2021-06-17 15:15:39.664] [jointLog] [info] wrote 8 bootstraps
[2021-06-17 15:15:39.666] [jointLog] [info] wrote 9 bootstraps
[2021-06-17 15:15:39.667] [jointLog] [info] wrote 10 bootstraps
[2021-06-17 15:15:39.668] [jointLog] [info] wrote 11 bootstraps
[2021-06-17 15:15:39.670] [jointLog] [info] wrote 12 bootstraps
[2021-06-17 15:15:39.674] [jointLog] [info] wrote 13 bootstraps
[2021-06-17 15:15:39.681] [jointLog] [info] wrote 14 bootstraps
[2021-06-17 15:15:39.685] [jointLog] [info] wrote 15 bootstraps
[2021-06-17 15:15:39.687] [jointLog] [info] wrote 16 bootstraps
[2021-06-17 15:15:39.691] [jointLog] [info] wrote 17 bootstraps
[2021-06-17 15:15:39.697] [jointLog] [info] wrote 18 bootstraps
[2021-06-17 15:15:39.727] [jointLog] [info] wrote 19 bootstraps
[2021-06-17 15:15:39.732] [jointLog] [info] wrote 20 bootstraps
[2021-06-17 15:15:39.743] [jointLog] [info] wrote 21 bootstraps
[2021-06-17 15:15:39.752] [jointLog] [info] wrote 22 bootstraps
[2021-06-17 15:15:39.755] [jointLog] [info] wrote 23 bootstraps
[2021-06-17 15:15:39.914] [jointLog] [info] wrote 24 bootstraps
[2021-06-17 15:15:39.919] [jointLog] [info] wrote 25 bootstraps
[2021-06-17 15:15:39.920] [jointLog] [info] wrote 26 bootstraps
[2021-06-17 15:15:39.921] [jointLog] [info] wrote 27 bootstraps
[2021-06-17 15:15:39.922] [jointLog] [info] wrote 28 bootstraps
[2021-06-17 15:15:39.924] [jointLog] [info] wrote 29 bootstraps
[2021-06-17 15:15:39.926] [jointLog] [info] wrote 30 bootstraps
[2021-06-17 15:15:39.929] [jointLog] [info] wrote 31 bootstraps
[2021-06-17 15:15:39.930] [jointLog] [info] wrote 32 bootstraps
[2021-06-17 15:15:39.940] [jointLog] [info] wrote 33 bootstraps
[2021-06-17 15:15:39.945] [jointLog] [info] wrote 34 bootstraps
[2021-06-17 15:15:39.952] [jointLog] [info] wrote 35 bootstraps
[2021-06-17 15:15:39.953] [jointLog] [info] wrote 36 bootstraps
[2021-06-17 15:15:39.954] [jointLog] [info] wrote 37 bootstraps
[2021-06-17 15:15:39.955] [jointLog] [info] wrote 38 bootstraps
[2021-06-17 15:15:39.963] [jointLog] [info] wrote 39 bootstraps
[2021-06-17 15:15:39.971] [jointLog] [info] wrote 40 bootstraps
[2021-06-17 15:15:39.973] [jointLog] [info] wrote 41 bootstraps
[2021-06-17 15:15:39.999] [jointLog] [info] wrote 42 bootstraps
[2021-06-17 15:15:40.006] [jointLog] [info] wrote 43 bootstraps
[2021-06-17 15:15:40.010] [jointLog] [info] wrote 44 bootstraps
[2021-06-17 15:15:40.013] [jointLog] [info] wrote 45 bootstraps
[2021-06-17 15:15:40.030] [jointLog] [info] wrote 46 bootstraps
[2021-06-17 15:15:40.168] [jointLog] [info] wrote 47 bootstraps
[2021-06-17 15:15:40.171] [jointLog] [info] wrote 48 bootstraps
[2021-06-17 15:15:40.174] [jointLog] [info] wrote 49 bootstraps
[2021-06-17 15:15:40.181] [jointLog] [info] wrote 50 bootstraps
[2021-06-17 15:15:40.182] [jointLog] [info] Finished Bootstrapping
