[2021-06-17 15:55:24.534] [jointLog] [info] setting maxHashResizeThreads to 24
[2021-06-17 15:55:24.534] [jointLog] [info] Fragment incompatibility prior below threshold.  Incompatible fragments will be ignored.
[2021-06-17 15:55:24.534] [jointLog] [info] Usage of --validateMappings implies use of minScoreFraction. Since not explicitly specified, it is being set to 0.65
[2021-06-17 15:55:24.534] [jointLog] [info] Setting consensusSlack to selective-alignment default of 0.35.
[2021-06-17 15:55:24.534] [jointLog] [info] parsing read library format
[2021-06-17 15:55:24.534] [jointLog] [info] There is 1 library.
[2021-06-17 15:55:24.600] [jointLog] [info] Loading pufferfish index
[2021-06-17 15:55:24.600] [jointLog] [info] Loading dense pufferfish index.
[2021-06-17 15:55:24.607] [jointLog] [info] done
[2021-06-17 15:55:24.607] [jointLog] [info] Index contained 1,293 targets
[2021-06-17 15:55:24.608] [jointLog] [info] Number of decoys : 0
[2021-06-17 15:55:29.303] [jointLog] [info] Automatically detected most likely library type as ISR

[2021-06-17 15:58:10.240] [jointLog] [info] Thread saw mini-batch with a maximum of 0.20% zero probability fragments
[2021-06-17 15:58:10.240] [jointLog] [info] Thread saw mini-batch with a maximum of 0.20% zero probability fragments
[2021-06-17 15:58:10.240] [jointLog] [info] Thread saw mini-batch with a maximum of 0.18% zero probability fragments
[2021-06-17 15:58:10.240] [jointLog] [info] Thread saw mini-batch with a maximum of 0.16% zero probability fragments
[2021-06-17 15:58:10.240] [jointLog] [info] Thread saw mini-batch with a maximum of 0.16% zero probability fragments
[2021-06-17 15:58:10.240] [jointLog] [info] Thread saw mini-batch with a maximum of 0.16% zero probability fragments
[2021-06-17 15:58:10.240] [jointLog] [info] Thread saw mini-batch with a maximum of 0.18% zero probability fragments
[2021-06-17 15:58:10.240] [jointLog] [info] Thread saw mini-batch with a maximum of 0.20% zero probability fragments
[2021-06-17 15:58:10.243] [jointLog] [info] Thread saw mini-batch with a maximum of 0.16% zero probability fragments
[2021-06-17 15:58:10.259] [jointLog] [info] Thread saw mini-batch with a maximum of 0.16% zero probability fragments
[2021-06-17 15:58:10.273] [jointLog] [info] Thread saw mini-batch with a maximum of 0.16% zero probability fragments
[2021-06-17 15:58:10.285] [jointLog] [info] Thread saw mini-batch with a maximum of 0.18% zero probability fragments
[2021-06-17 15:58:10.286] [jointLog] [info] Thread saw mini-batch with a maximum of 0.16% zero probability fragments
[2021-06-17 15:58:10.302] [jointLog] [info] Thread saw mini-batch with a maximum of 0.18% zero probability fragments
[2021-06-17 15:58:10.303] [jointLog] [info] Thread saw mini-batch with a maximum of 0.20% zero probability fragments
[2021-06-17 15:58:10.313] [jointLog] [info] Thread saw mini-batch with a maximum of 0.18% zero probability fragments
[2021-06-17 15:58:10.330] [jointLog] [info] Thread saw mini-batch with a maximum of 0.26% zero probability fragments
[2021-06-17 15:58:10.337] [jointLog] [info] Thread saw mini-batch with a maximum of 0.18% zero probability fragments
[2021-06-17 15:58:10.340] [jointLog] [info] Thread saw mini-batch with a maximum of 0.20% zero probability fragments
[2021-06-17 15:58:10.341] [jointLog] [info] Thread saw mini-batch with a maximum of 0.18% zero probability fragments
[2021-06-17 15:58:10.341] [jointLog] [info] Thread saw mini-batch with a maximum of 0.16% zero probability fragments
[2021-06-17 15:58:10.351] [jointLog] [info] Thread saw mini-batch with a maximum of 0.18% zero probability fragments
[2021-06-17 15:58:10.351] [jointLog] [info] Thread saw mini-batch with a maximum of 0.22% zero probability fragments
[2021-06-17 15:58:10.359] [jointLog] [info] Thread saw mini-batch with a maximum of 0.26% zero probability fragments
[2021-06-17 15:58:10.479] [jointLog] [info] Computed 4,144 rich equivalence classes for further processing
[2021-06-17 15:58:10.479] [jointLog] [info] Counted 2,885,062 total reads in the equivalence classes 
[2021-06-17 15:58:10.483] [jointLog] [info] Number of mappings discarded because of alignment score : 879,244
[2021-06-17 15:58:10.483] [jointLog] [info] Number of fragments entirely discarded because of alignment score : 693,140
[2021-06-17 15:58:10.483] [jointLog] [info] Number of fragments discarded because they are best-mapped to decoys : 0
[2021-06-17 15:58:10.484] [jointLog] [warning] Only 2885062 fragments were mapped, but the number of burn-in fragments was set to 5000000.
The effective lengths have been computed using the observed mappings.

[2021-06-17 15:58:10.484] [jointLog] [info] Mapping rate = 4.03709%

[2021-06-17 15:58:10.484] [jointLog] [info] finished quantifyLibrary()
[2021-06-17 15:58:10.484] [jointLog] [info] Starting optimizer
[2021-06-17 15:58:10.492] [jointLog] [info] Marked 0 weighted equivalence classes as degenerate
[2021-06-17 15:58:10.492] [jointLog] [info] iteration = 0 | max rel diff. = 2101.6
[2021-06-17 15:58:10.527] [jointLog] [info] iteration = 100 | max rel diff. = 0.268066
[2021-06-17 15:58:10.529] [jointLog] [info] iteration = 106 | max rel diff. = 0.00889126
[2021-06-17 15:58:10.529] [jointLog] [info] Finished optimizer
[2021-06-17 15:58:10.529] [jointLog] [info] writing output 

[2021-06-17 15:58:10.533] [jointLog] [info] Starting Bootstrapping
[2021-06-17 15:58:10.533] [jointLog] [info] Will draw 50 bootstrap samples
[2021-06-17 15:58:10.533] [jointLog] [info] Optimizing over 4,144 equivalence classes
[2021-06-17 15:58:10.533] [jointLog] [info] Marked 0 weighted equivalence classes as degenerate
[2021-06-17 15:58:10.480] [fileLog] [info] 
At end of round 0
==================
Observed 71463986 total fragments (71463986 in most recent round)

[2021-06-17 15:58:10.849] [jointLog] [info] wrote 1 bootstraps
[2021-06-17 15:58:10.853] [jointLog] [info] wrote 2 bootstraps
[2021-06-17 15:58:10.858] [jointLog] [info] wrote 3 bootstraps
[2021-06-17 15:58:10.865] [jointLog] [info] wrote 4 bootstraps
[2021-06-17 15:58:10.869] [jointLog] [info] wrote 5 bootstraps
[2021-06-17 15:58:10.871] [jointLog] [info] wrote 6 bootstraps
[2021-06-17 15:58:10.872] [jointLog] [info] wrote 7 bootstraps
[2021-06-17 15:58:10.873] [jointLog] [info] wrote 8 bootstraps
[2021-06-17 15:58:10.877] [jointLog] [info] wrote 9 bootstraps
[2021-06-17 15:58:10.880] [jointLog] [info] wrote 10 bootstraps
[2021-06-17 15:58:10.881] [jointLog] [info] wrote 11 bootstraps
[2021-06-17 15:58:10.884] [jointLog] [info] wrote 12 bootstraps
[2021-06-17 15:58:10.894] [jointLog] [info] wrote 13 bootstraps
[2021-06-17 15:58:10.899] [jointLog] [info] wrote 14 bootstraps
[2021-06-17 15:58:10.901] [jointLog] [info] wrote 15 bootstraps
[2021-06-17 15:58:10.913] [jointLog] [info] wrote 16 bootstraps
[2021-06-17 15:58:10.914] [jointLog] [info] wrote 17 bootstraps
[2021-06-17 15:58:10.916] [jointLog] [info] wrote 18 bootstraps
[2021-06-17 15:58:10.917] [jointLog] [info] wrote 19 bootstraps
[2021-06-17 15:58:10.918] [jointLog] [info] wrote 20 bootstraps
[2021-06-17 15:58:10.919] [jointLog] [info] wrote 21 bootstraps
[2021-06-17 15:58:10.920] [jointLog] [info] wrote 22 bootstraps
[2021-06-17 15:58:10.926] [jointLog] [info] wrote 23 bootstraps
[2021-06-17 15:58:11.169] [jointLog] [info] wrote 24 bootstraps
[2021-06-17 15:58:11.180] [jointLog] [info] wrote 25 bootstraps
[2021-06-17 15:58:11.192] [jointLog] [info] wrote 26 bootstraps
[2021-06-17 15:58:11.194] [jointLog] [info] wrote 27 bootstraps
[2021-06-17 15:58:11.196] [jointLog] [info] wrote 28 bootstraps
[2021-06-17 15:58:11.205] [jointLog] [info] wrote 29 bootstraps
[2021-06-17 15:58:11.207] [jointLog] [info] wrote 30 bootstraps
[2021-06-17 15:58:11.219] [jointLog] [info] wrote 31 bootstraps
[2021-06-17 15:58:11.223] [jointLog] [info] wrote 32 bootstraps
[2021-06-17 15:58:11.226] [jointLog] [info] wrote 33 bootstraps
[2021-06-17 15:58:11.227] [jointLog] [info] wrote 34 bootstraps
[2021-06-17 15:58:11.230] [jointLog] [info] wrote 35 bootstraps
[2021-06-17 15:58:11.234] [jointLog] [info] wrote 36 bootstraps
[2021-06-17 15:58:11.240] [jointLog] [info] wrote 37 bootstraps
[2021-06-17 15:58:11.244] [jointLog] [info] wrote 38 bootstraps
[2021-06-17 15:58:11.248] [jointLog] [info] wrote 39 bootstraps
[2021-06-17 15:58:11.250] [jointLog] [info] wrote 40 bootstraps
[2021-06-17 15:58:11.264] [jointLog] [info] wrote 41 bootstraps
[2021-06-17 15:58:11.268] [jointLog] [info] wrote 42 bootstraps
[2021-06-17 15:58:11.275] [jointLog] [info] wrote 43 bootstraps
[2021-06-17 15:58:11.279] [jointLog] [info] wrote 44 bootstraps
[2021-06-17 15:58:11.280] [jointLog] [info] wrote 45 bootstraps
[2021-06-17 15:58:11.298] [jointLog] [info] wrote 46 bootstraps
[2021-06-17 15:58:11.513] [jointLog] [info] wrote 47 bootstraps
[2021-06-17 15:58:11.516] [jointLog] [info] wrote 48 bootstraps
[2021-06-17 15:58:11.524] [jointLog] [info] wrote 49 bootstraps
[2021-06-17 15:58:11.525] [jointLog] [info] wrote 50 bootstraps
[2021-06-17 15:58:11.525] [jointLog] [info] Finished Bootstrapping
