[2021-06-17 15:49:17.085] [jointLog] [info] setting maxHashResizeThreads to 24
[2021-06-17 15:49:17.085] [jointLog] [info] Fragment incompatibility prior below threshold.  Incompatible fragments will be ignored.
[2021-06-17 15:49:17.085] [jointLog] [info] Usage of --validateMappings implies use of minScoreFraction. Since not explicitly specified, it is being set to 0.65
[2021-06-17 15:49:17.085] [jointLog] [info] Setting consensusSlack to selective-alignment default of 0.35.
[2021-06-17 15:49:17.085] [jointLog] [info] parsing read library format
[2021-06-17 15:49:17.085] [jointLog] [info] There is 1 library.
[2021-06-17 15:49:17.137] [jointLog] [info] Loading pufferfish index
[2021-06-17 15:49:17.137] [jointLog] [info] Loading dense pufferfish index.
[2021-06-17 15:49:17.148] [jointLog] [info] done
[2021-06-17 15:49:17.148] [jointLog] [info] Index contained 1,293 targets
[2021-06-17 15:49:17.149] [jointLog] [info] Number of decoys : 0
[2021-06-17 15:49:21.564] [jointLog] [info] Automatically detected most likely library type as ISR

[2021-06-17 15:51:17.073] [jointLog] [info] Thread saw mini-batch with a maximum of 0.22% zero probability fragments
[2021-06-17 15:51:17.073] [jointLog] [info] Thread saw mini-batch with a maximum of 0.24% zero probability fragments
[2021-06-17 15:51:17.073] [jointLog] [info] Thread saw mini-batch with a maximum of 0.26% zero probability fragments
[2021-06-17 15:51:17.073] [jointLog] [info] Thread saw mini-batch with a maximum of 0.26% zero probability fragments
[2021-06-17 15:51:17.073] [jointLog] [info] Thread saw mini-batch with a maximum of 0.28% zero probability fragments
[2021-06-17 15:51:17.074] [jointLog] [info] Thread saw mini-batch with a maximum of 0.26% zero probability fragments
[2021-06-17 15:51:17.074] [jointLog] [info] Thread saw mini-batch with a maximum of 0.26% zero probability fragments
[2021-06-17 15:51:17.074] [jointLog] [info] Thread saw mini-batch with a maximum of 0.34% zero probability fragments
[2021-06-17 15:51:17.074] [jointLog] [info] Thread saw mini-batch with a maximum of 0.22% zero probability fragments
[2021-06-17 15:51:17.080] [jointLog] [info] Thread saw mini-batch with a maximum of 0.30% zero probability fragments
[2021-06-17 15:51:17.083] [jointLog] [info] Thread saw mini-batch with a maximum of 0.26% zero probability fragments
[2021-06-17 15:51:17.087] [jointLog] [info] Thread saw mini-batch with a maximum of 0.24% zero probability fragments
[2021-06-17 15:51:17.091] [jointLog] [info] Thread saw mini-batch with a maximum of 0.34% zero probability fragments
[2021-06-17 15:51:17.092] [jointLog] [info] Thread saw mini-batch with a maximum of 0.26% zero probability fragments
[2021-06-17 15:51:17.097] [jointLog] [info] Thread saw mini-batch with a maximum of 0.28% zero probability fragments
[2021-06-17 15:51:17.133] [jointLog] [info] Thread saw mini-batch with a maximum of 0.22% zero probability fragments
[2021-06-17 15:51:17.155] [jointLog] [info] Thread saw mini-batch with a maximum of 0.24% zero probability fragments
[2021-06-17 15:51:17.181] [jointLog] [info] Thread saw mini-batch with a maximum of 0.26% zero probability fragments
[2021-06-17 15:51:17.181] [jointLog] [info] Thread saw mini-batch with a maximum of 0.26% zero probability fragments
[2021-06-17 15:51:17.181] [jointLog] [info] Thread saw mini-batch with a maximum of 0.26% zero probability fragments
[2021-06-17 15:51:17.183] [jointLog] [info] Thread saw mini-batch with a maximum of 0.24% zero probability fragments
[2021-06-17 15:51:17.192] [jointLog] [info] Thread saw mini-batch with a maximum of 0.24% zero probability fragments
[2021-06-17 15:51:17.195] [jointLog] [info] Thread saw mini-batch with a maximum of 0.24% zero probability fragments
[2021-06-17 15:51:17.263] [jointLog] [info] Thread saw mini-batch with a maximum of 0.22% zero probability fragments
[2021-06-17 15:51:17.442] [jointLog] [info] Computed 3,917 rich equivalence classes for further processing
[2021-06-17 15:51:17.442] [jointLog] [info] Counted 2,149,091 total reads in the equivalence classes 
[2021-06-17 15:51:17.446] [jointLog] [info] Number of mappings discarded because of alignment score : 733,875
[2021-06-17 15:51:17.446] [jointLog] [info] Number of fragments entirely discarded because of alignment score : 569,897
[2021-06-17 15:51:17.446] [jointLog] [info] Number of fragments discarded because they are best-mapped to decoys : 0
[2021-06-17 15:51:17.447] [jointLog] [warning] Only 2149091 fragments were mapped, but the number of burn-in fragments was set to 5000000.
The effective lengths have been computed using the observed mappings.

[2021-06-17 15:51:17.447] [jointLog] [info] Mapping rate = 4.14191%

[2021-06-17 15:51:17.447] [jointLog] [info] finished quantifyLibrary()
[2021-06-17 15:51:17.451] [jointLog] [info] Starting optimizer
[2021-06-17 15:51:17.459] [jointLog] [info] Marked 0 weighted equivalence classes as degenerate
[2021-06-17 15:51:17.460] [jointLog] [info] iteration = 0 | max rel diff. = 2188.41
[2021-06-17 15:51:17.501] [jointLog] [info] iteration = 100 | max rel diff. = 0.397524
[2021-06-17 15:51:17.503] [jointLog] [info] iteration = 105 | max rel diff. = 0.00185856
[2021-06-17 15:51:17.503] [jointLog] [info] Finished optimizer
[2021-06-17 15:51:17.503] [jointLog] [info] writing output 

[2021-06-17 15:51:17.506] [jointLog] [info] Starting Bootstrapping
[2021-06-17 15:51:17.507] [jointLog] [info] Will draw 50 bootstrap samples
[2021-06-17 15:51:17.507] [jointLog] [info] Optimizing over 3,917 equivalence classes
[2021-06-17 15:51:17.507] [jointLog] [info] Marked 0 weighted equivalence classes as degenerate
[2021-06-17 15:51:17.442] [fileLog] [info] 
At end of round 0
==================
Observed 51886513 total fragments (51886513 in most recent round)

[2021-06-17 15:51:17.754] [jointLog] [info] wrote 1 bootstraps
[2021-06-17 15:51:17.761] [jointLog] [info] wrote 2 bootstraps
[2021-06-17 15:51:17.765] [jointLog] [info] wrote 3 bootstraps
[2021-06-17 15:51:17.766] [jointLog] [info] wrote 4 bootstraps
[2021-06-17 15:51:17.770] [jointLog] [info] wrote 5 bootstraps
[2021-06-17 15:51:17.773] [jointLog] [info] wrote 6 bootstraps
[2021-06-17 15:51:17.781] [jointLog] [info] wrote 7 bootstraps
[2021-06-17 15:51:17.782] [jointLog] [info] wrote 8 bootstraps
[2021-06-17 15:51:17.794] [jointLog] [info] wrote 9 bootstraps
[2021-06-17 15:51:17.796] [jointLog] [info] wrote 10 bootstraps
[2021-06-17 15:51:17.797] [jointLog] [info] wrote 11 bootstraps
[2021-06-17 15:51:17.798] [jointLog] [info] wrote 12 bootstraps
[2021-06-17 15:51:17.800] [jointLog] [info] wrote 13 bootstraps
[2021-06-17 15:51:17.810] [jointLog] [info] wrote 14 bootstraps
[2021-06-17 15:51:17.811] [jointLog] [info] wrote 15 bootstraps
[2021-06-17 15:51:17.813] [jointLog] [info] wrote 16 bootstraps
[2021-06-17 15:51:17.817] [jointLog] [info] wrote 17 bootstraps
[2021-06-17 15:51:17.820] [jointLog] [info] wrote 18 bootstraps
[2021-06-17 15:51:17.827] [jointLog] [info] wrote 19 bootstraps
[2021-06-17 15:51:17.828] [jointLog] [info] wrote 20 bootstraps
[2021-06-17 15:51:17.829] [jointLog] [info] wrote 21 bootstraps
[2021-06-17 15:51:17.838] [jointLog] [info] wrote 22 bootstraps
[2021-06-17 15:51:17.854] [jointLog] [info] wrote 23 bootstraps
[2021-06-17 15:51:17.997] [jointLog] [info] wrote 24 bootstraps
[2021-06-17 15:51:18.010] [jointLog] [info] wrote 25 bootstraps
[2021-06-17 15:51:18.012] [jointLog] [info] wrote 26 bootstraps
[2021-06-17 15:51:18.013] [jointLog] [info] wrote 27 bootstraps
[2021-06-17 15:51:18.029] [jointLog] [info] wrote 28 bootstraps
[2021-06-17 15:51:18.034] [jointLog] [info] wrote 29 bootstraps
[2021-06-17 15:51:18.039] [jointLog] [info] wrote 30 bootstraps
[2021-06-17 15:51:18.040] [jointLog] [info] wrote 31 bootstraps
[2021-06-17 15:51:18.044] [jointLog] [info] wrote 32 bootstraps
[2021-06-17 15:51:18.044] [jointLog] [info] wrote 33 bootstraps
[2021-06-17 15:51:18.049] [jointLog] [info] wrote 34 bootstraps
[2021-06-17 15:51:18.050] [jointLog] [info] wrote 35 bootstraps
[2021-06-17 15:51:18.052] [jointLog] [info] wrote 36 bootstraps
[2021-06-17 15:51:18.053] [jointLog] [info] wrote 37 bootstraps
[2021-06-17 15:51:18.066] [jointLog] [info] wrote 38 bootstraps
[2021-06-17 15:51:18.071] [jointLog] [info] wrote 39 bootstraps
[2021-06-17 15:51:18.076] [jointLog] [info] wrote 40 bootstraps
[2021-06-17 15:51:18.080] [jointLog] [info] wrote 41 bootstraps
[2021-06-17 15:51:18.081] [jointLog] [info] wrote 42 bootstraps
[2021-06-17 15:51:18.083] [jointLog] [info] wrote 43 bootstraps
[2021-06-17 15:51:18.084] [jointLog] [info] wrote 44 bootstraps
[2021-06-17 15:51:18.087] [jointLog] [info] wrote 45 bootstraps
[2021-06-17 15:51:18.101] [jointLog] [info] wrote 46 bootstraps
[2021-06-17 15:51:18.226] [jointLog] [info] wrote 47 bootstraps
[2021-06-17 15:51:18.243] [jointLog] [info] wrote 48 bootstraps
[2021-06-17 15:51:18.247] [jointLog] [info] wrote 49 bootstraps
[2021-06-17 15:51:18.252] [jointLog] [info] wrote 50 bootstraps
[2021-06-17 15:51:18.253] [jointLog] [info] Finished Bootstrapping
