[2021-06-17 15:51:18.877] [jointLog] [info] setting maxHashResizeThreads to 24
[2021-06-17 15:51:18.877] [jointLog] [info] Fragment incompatibility prior below threshold.  Incompatible fragments will be ignored.
[2021-06-17 15:51:18.877] [jointLog] [info] Usage of --validateMappings implies use of minScoreFraction. Since not explicitly specified, it is being set to 0.65
[2021-06-17 15:51:18.877] [jointLog] [info] Setting consensusSlack to selective-alignment default of 0.35.
[2021-06-17 15:51:18.877] [jointLog] [info] parsing read library format
[2021-06-17 15:51:18.877] [jointLog] [info] There is 1 library.
[2021-06-17 15:51:18.937] [jointLog] [info] Loading pufferfish index
[2021-06-17 15:51:18.937] [jointLog] [info] Loading dense pufferfish index.
[2021-06-17 15:51:18.947] [jointLog] [info] done
[2021-06-17 15:51:18.947] [jointLog] [info] Index contained 1,293 targets
[2021-06-17 15:51:18.948] [jointLog] [info] Number of decoys : 0
[2021-06-17 15:51:22.678] [jointLog] [info] Automatically detected most likely library type as ISR

[2021-06-17 15:53:23.592] [jointLog] [info] Thread saw mini-batch with a maximum of 0.26% zero probability fragments
[2021-06-17 15:53:23.592] [jointLog] [info] Thread saw mini-batch with a maximum of 0.32% zero probability fragments
[2021-06-17 15:53:23.592] [jointLog] [info] Thread saw mini-batch with a maximum of 0.26% zero probability fragments
[2021-06-17 15:53:23.592] [jointLog] [info] Thread saw mini-batch with a maximum of 0.24% zero probability fragments
[2021-06-17 15:53:23.592] [jointLog] [info] Thread saw mini-batch with a maximum of 0.30% zero probability fragments
[2021-06-17 15:53:23.592] [jointLog] [info] Thread saw mini-batch with a maximum of 0.26% zero probability fragments
[2021-06-17 15:53:23.593] [jointLog] [info] Thread saw mini-batch with a maximum of 0.32% zero probability fragments
[2021-06-17 15:53:23.605] [jointLog] [info] Thread saw mini-batch with a maximum of 0.26% zero probability fragments
[2021-06-17 15:53:23.619] [jointLog] [info] Thread saw mini-batch with a maximum of 0.24% zero probability fragments
[2021-06-17 15:53:23.622] [jointLog] [info] Thread saw mini-batch with a maximum of 0.22% zero probability fragments
[2021-06-17 15:53:23.623] [jointLog] [info] Thread saw mini-batch with a maximum of 0.30% zero probability fragments
[2021-06-17 15:53:23.639] [jointLog] [info] Thread saw mini-batch with a maximum of 0.24% zero probability fragments
[2021-06-17 15:53:23.658] [jointLog] [info] Thread saw mini-batch with a maximum of 0.26% zero probability fragments
[2021-06-17 15:53:23.667] [jointLog] [info] Thread saw mini-batch with a maximum of 0.28% zero probability fragments
[2021-06-17 15:53:23.670] [jointLog] [info] Thread saw mini-batch with a maximum of 0.28% zero probability fragments
[2021-06-17 15:53:23.683] [jointLog] [info] Thread saw mini-batch with a maximum of 0.24% zero probability fragments
[2021-06-17 15:53:23.687] [jointLog] [info] Thread saw mini-batch with a maximum of 0.30% zero probability fragments
[2021-06-17 15:53:23.700] [jointLog] [info] Thread saw mini-batch with a maximum of 0.28% zero probability fragments
[2021-06-17 15:53:23.702] [jointLog] [info] Thread saw mini-batch with a maximum of 0.24% zero probability fragments
[2021-06-17 15:53:23.702] [jointLog] [info] Thread saw mini-batch with a maximum of 0.26% zero probability fragments
[2021-06-17 15:53:23.704] [jointLog] [info] Thread saw mini-batch with a maximum of 0.28% zero probability fragments
[2021-06-17 15:53:23.714] [jointLog] [info] Thread saw mini-batch with a maximum of 0.24% zero probability fragments
[2021-06-17 15:53:23.714] [jointLog] [info] Thread saw mini-batch with a maximum of 0.30% zero probability fragments
[2021-06-17 15:53:23.718] [jointLog] [info] Thread saw mini-batch with a maximum of 0.26% zero probability fragments
[2021-06-17 15:53:23.862] [jointLog] [info] Computed 3,959 rich equivalence classes for further processing
[2021-06-17 15:53:23.862] [jointLog] [info] Counted 2,393,003 total reads in the equivalence classes 
[2021-06-17 15:53:23.866] [jointLog] [info] Number of mappings discarded because of alignment score : 770,908
[2021-06-17 15:53:23.866] [jointLog] [info] Number of fragments entirely discarded because of alignment score : 608,489
[2021-06-17 15:53:23.866] [jointLog] [info] Number of fragments discarded because they are best-mapped to decoys : 0
[2021-06-17 15:53:23.867] [jointLog] [warning] Only 2393003 fragments were mapped, but the number of burn-in fragments was set to 5000000.
The effective lengths have been computed using the observed mappings.

[2021-06-17 15:53:23.867] [jointLog] [info] Mapping rate = 4.39162%

[2021-06-17 15:53:23.867] [jointLog] [info] finished quantifyLibrary()
[2021-06-17 15:53:23.868] [jointLog] [info] Starting optimizer
[2021-06-17 15:53:23.874] [jointLog] [info] Marked 0 weighted equivalence classes as degenerate
[2021-06-17 15:53:23.875] [jointLog] [info] iteration = 0 | max rel diff. = 1761.21
[2021-06-17 15:53:23.908] [jointLog] [info] iteration = 100 | max rel diff. = 0.00956426
[2021-06-17 15:53:23.909] [jointLog] [info] Finished optimizer
[2021-06-17 15:53:23.909] [jointLog] [info] writing output 

[2021-06-17 15:53:23.912] [jointLog] [info] Starting Bootstrapping
[2021-06-17 15:53:23.912] [jointLog] [info] Will draw 50 bootstrap samples
[2021-06-17 15:53:23.912] [jointLog] [info] Optimizing over 3,959 equivalence classes
[2021-06-17 15:53:23.912] [jointLog] [info] Marked 0 weighted equivalence classes as degenerate
[2021-06-17 15:53:23.863] [fileLog] [info] 
At end of round 0
==================
Observed 54490248 total fragments (54490248 in most recent round)

[2021-06-17 15:53:24.182] [jointLog] [info] wrote 1 bootstraps
[2021-06-17 15:53:24.183] [jointLog] [info] wrote 2 bootstraps
[2021-06-17 15:53:24.188] [jointLog] [info] wrote 3 bootstraps
[2021-06-17 15:53:24.193] [jointLog] [info] wrote 4 bootstraps
[2021-06-17 15:53:24.194] [jointLog] [info] wrote 5 bootstraps
[2021-06-17 15:53:24.196] [jointLog] [info] wrote 6 bootstraps
[2021-06-17 15:53:24.197] [jointLog] [info] wrote 7 bootstraps
[2021-06-17 15:53:24.198] [jointLog] [info] wrote 8 bootstraps
[2021-06-17 15:53:24.199] [jointLog] [info] wrote 9 bootstraps
[2021-06-17 15:53:24.205] [jointLog] [info] wrote 10 bootstraps
[2021-06-17 15:53:24.206] [jointLog] [info] wrote 11 bootstraps
[2021-06-17 15:53:24.207] [jointLog] [info] wrote 12 bootstraps
[2021-06-17 15:53:24.208] [jointLog] [info] wrote 13 bootstraps
[2021-06-17 15:53:24.209] [jointLog] [info] wrote 14 bootstraps
[2021-06-17 15:53:24.210] [jointLog] [info] wrote 15 bootstraps
[2021-06-17 15:53:24.211] [jointLog] [info] wrote 16 bootstraps
[2021-06-17 15:53:24.212] [jointLog] [info] wrote 17 bootstraps
[2021-06-17 15:53:24.213] [jointLog] [info] wrote 18 bootstraps
[2021-06-17 15:53:24.214] [jointLog] [info] wrote 19 bootstraps
[2021-06-17 15:53:24.221] [jointLog] [info] wrote 20 bootstraps
[2021-06-17 15:53:24.268] [jointLog] [info] wrote 21 bootstraps
[2021-06-17 15:53:24.299] [jointLog] [info] wrote 22 bootstraps
[2021-06-17 15:53:24.389] [jointLog] [info] wrote 23 bootstraps
[2021-06-17 15:53:24.451] [jointLog] [info] wrote 24 bootstraps
[2021-06-17 15:53:24.452] [jointLog] [info] wrote 25 bootstraps
[2021-06-17 15:53:24.459] [jointLog] [info] wrote 26 bootstraps
[2021-06-17 15:53:24.461] [jointLog] [info] wrote 27 bootstraps
[2021-06-17 15:53:24.462] [jointLog] [info] wrote 28 bootstraps
[2021-06-17 15:53:24.464] [jointLog] [info] wrote 29 bootstraps
[2021-06-17 15:53:24.468] [jointLog] [info] wrote 30 bootstraps
[2021-06-17 15:53:24.470] [jointLog] [info] wrote 31 bootstraps
[2021-06-17 15:53:24.471] [jointLog] [info] wrote 32 bootstraps
[2021-06-17 15:53:24.472] [jointLog] [info] wrote 33 bootstraps
[2021-06-17 15:53:24.473] [jointLog] [info] wrote 34 bootstraps
[2021-06-17 15:53:24.476] [jointLog] [info] wrote 35 bootstraps
[2021-06-17 15:53:24.477] [jointLog] [info] wrote 36 bootstraps
[2021-06-17 15:53:24.478] [jointLog] [info] wrote 37 bootstraps
[2021-06-17 15:53:24.479] [jointLog] [info] wrote 38 bootstraps
[2021-06-17 15:53:24.480] [jointLog] [info] wrote 39 bootstraps
[2021-06-17 15:53:24.482] [jointLog] [info] wrote 40 bootstraps
[2021-06-17 15:53:24.487] [jointLog] [info] wrote 41 bootstraps
[2021-06-17 15:53:24.488] [jointLog] [info] wrote 42 bootstraps
[2021-06-17 15:53:24.494] [jointLog] [info] wrote 43 bootstraps
[2021-06-17 15:53:24.557] [jointLog] [info] wrote 44 bootstraps
[2021-06-17 15:53:24.656] [jointLog] [info] wrote 45 bootstraps
[2021-06-17 15:53:24.658] [jointLog] [info] wrote 46 bootstraps
[2021-06-17 15:53:24.697] [jointLog] [info] wrote 47 bootstraps
[2021-06-17 15:53:24.707] [jointLog] [info] wrote 48 bootstraps
[2021-06-17 15:53:24.714] [jointLog] [info] wrote 49 bootstraps
[2021-06-17 15:53:24.715] [jointLog] [info] wrote 50 bootstraps
[2021-06-17 15:53:24.715] [jointLog] [info] Finished Bootstrapping
