[2018-10-25 13:48:43.165] [jointLog] [info] Fragment incompatibility prior below threshold.  Incompatible fragments will be ignored.
[2018-10-25 13:48:43.165] [jointLog] [info] parsing read library format
[2018-10-25 13:48:43.165] [jointLog] [info] There is 1 library.
[2018-10-25 13:48:43.203] [jointLog] [info] Loading Quasi index
[2018-10-25 13:48:43.204] [jointLog] [info] Loading 32-bit quasi index
[2018-10-25 13:48:52.105] [jointLog] [info] done
[2018-10-25 13:48:52.105] [jointLog] [info] Index contained 101,973 targets
[2018-10-25 13:48:53.657] [jointLog] [info] Automatically detected most likely library type as ISR
[2018-10-25 13:55:14.819] [jointLog] [info] Thread saw mini-batch with a maximum of 4.44% zero probability fragments
[2018-10-25 13:55:14.846] [jointLog] [info] Thread saw mini-batch with a maximum of 4.38% zero probability fragments
[2018-10-25 13:55:14.867] [jointLog] [info] Thread saw mini-batch with a maximum of 4.46% zero probability fragments
[2018-10-25 13:55:14.875] [jointLog] [info] Thread saw mini-batch with a maximum of 4.38% zero probability fragments
[2018-10-25 13:55:14.891] [jointLog] [info] Thread saw mini-batch with a maximum of 4.56% zero probability fragments
[2018-10-25 13:55:14.929] [jointLog] [info] Thread saw mini-batch with a maximum of 4.26% zero probability fragments
[2018-10-25 13:55:15.031] [jointLog] [info] Computed 65,236 rich equivalence classes for further processing
[2018-10-25 13:55:15.031] [jointLog] [info] Counted 19,228,512 total reads in the equivalence classes 
[2018-10-25 13:55:15.034] [jointLog] [info] Mapping rate = 46.8936%

[2018-10-25 13:55:15.034] [jointLog] [info] finished quantifyLibrary()
[2018-10-25 13:55:15.052] [jointLog] [info] Starting optimizer
[2018-10-25 13:55:15.108] [jointLog] [info] Marked 0 weighted equivalence classes as degenerate
[2018-10-25 13:55:15.114] [jointLog] [info] iteration = 0 | max rel diff. = 6098.27
[2018-10-25 13:55:15.032] [fileLog] [info] 
At end of round 0
==================
Observed 41004530 total fragments (41004530 in most recent round)

[2018-10-25 13:55:15.643] [jointLog] [info] iteration = 100 | max rel diff. = 2.9688
[2018-10-25 13:55:16.169] [jointLog] [info] iteration = 200 | max rel diff. = 0.4767
[2018-10-25 13:55:16.701] [jointLog] [info] iteration = 300 | max rel diff. = 0.72055
[2018-10-25 13:55:17.250] [jointLog] [info] iteration = 400 | max rel diff. = 0.892346
[2018-10-25 13:55:17.808] [jointLog] [info] iteration = 500 | max rel diff. = 0.0661553
[2018-10-25 13:55:18.358] [jointLog] [info] iteration = 600 | max rel diff. = 0.169062
[2018-10-25 13:55:18.908] [jointLog] [info] iteration = 700 | max rel diff. = 0.0460806
[2018-10-25 13:55:19.459] [jointLog] [info] iteration = 800 | max rel diff. = 0.0993155
[2018-10-25 13:55:19.519] [jointLog] [info] iteration = 812 | max rel diff. = 0.0080168
[2018-10-25 13:55:19.527] [jointLog] [info] Finished optimizer
[2018-10-25 13:55:19.527] [jointLog] [info] writing output 

[2018-10-25 13:55:19.910] [jointLog] [info] Starting Bootstrapping
[2018-10-25 13:55:19.929] [jointLog] [info] Will draw 50 bootstrap samples
[2018-10-25 13:55:19.929] [jointLog] [info] Optimizing over 65,236 equivalence classes
[2018-10-25 13:55:19.935] [jointLog] [info] Marked 0 weighted equivalence classes as degenerate
[2018-10-25 13:55:35.676] [jointLog] [info] wrote 1 bootstraps
[2018-10-25 13:55:37.700] [jointLog] [info] wrote 2 bootstraps
[2018-10-25 13:55:38.000] [jointLog] [info] wrote 3 bootstraps
[2018-10-25 13:55:38.516] [jointLog] [info] wrote 4 bootstraps
[2018-10-25 13:55:41.000] [jointLog] [info] wrote 5 bootstraps
[2018-10-25 13:55:53.068] [jointLog] [info] wrote 6 bootstraps
[2018-10-25 13:55:53.928] [jointLog] [info] wrote 7 bootstraps
[2018-10-25 13:55:57.262] [jointLog] [info] wrote 8 bootstraps
[2018-10-25 13:55:58.444] [jointLog] [info] wrote 9 bootstraps
[2018-10-25 13:55:59.974] [jointLog] [info] wrote 10 bootstraps
[2018-10-25 13:56:11.137] [jointLog] [info] wrote 11 bootstraps
[2018-10-25 13:56:13.821] [jointLog] [info] wrote 12 bootstraps
[2018-10-25 13:56:15.127] [jointLog] [info] wrote 13 bootstraps
[2018-10-25 13:56:19.018] [jointLog] [info] wrote 14 bootstraps
[2018-10-25 13:56:19.204] [jointLog] [info] wrote 15 bootstraps
[2018-10-25 13:56:33.047] [jointLog] [info] wrote 16 bootstraps
[2018-10-25 13:56:33.520] [jointLog] [info] wrote 17 bootstraps
[2018-10-25 13:56:34.283] [jointLog] [info] wrote 18 bootstraps
[2018-10-25 13:56:37.789] [jointLog] [info] wrote 19 bootstraps
[2018-10-25 13:56:38.265] [jointLog] [info] wrote 20 bootstraps
[2018-10-25 13:56:46.819] [jointLog] [info] wrote 21 bootstraps
[2018-10-25 13:56:48.831] [jointLog] [info] wrote 22 bootstraps
[2018-10-25 13:56:52.002] [jointLog] [info] wrote 23 bootstraps
[2018-10-25 13:56:53.097] [jointLog] [info] wrote 24 bootstraps
[2018-10-25 13:56:56.106] [jointLog] [info] wrote 25 bootstraps
[2018-10-25 13:57:02.426] [jointLog] [info] wrote 26 bootstraps
[2018-10-25 13:57:07.117] [jointLog] [info] wrote 27 bootstraps
[2018-10-25 13:57:08.146] [jointLog] [info] wrote 28 bootstraps
[2018-10-25 13:57:09.621] [jointLog] [info] wrote 29 bootstraps
[2018-10-25 13:57:14.462] [jointLog] [info] wrote 30 bootstraps
[2018-10-25 13:57:16.732] [jointLog] [info] wrote 31 bootstraps
[2018-10-25 13:57:20.038] [jointLog] [info] wrote 32 bootstraps
[2018-10-25 13:57:22.179] [jointLog] [info] wrote 33 bootstraps
[2018-10-25 13:57:25.207] [jointLog] [info] wrote 34 bootstraps
[2018-10-25 13:57:28.603] [jointLog] [info] wrote 35 bootstraps
[2018-10-25 13:57:34.525] [jointLog] [info] wrote 36 bootstraps
[2018-10-25 13:57:39.039] [jointLog] [info] wrote 37 bootstraps
[2018-10-25 13:57:42.969] [jointLog] [info] wrote 38 bootstraps
[2018-10-25 13:57:44.950] [jointLog] [info] wrote 39 bootstraps
[2018-10-25 13:57:47.976] [jointLog] [info] wrote 40 bootstraps
[2018-10-25 13:57:57.970] [jointLog] [info] wrote 41 bootstraps
[2018-10-25 13:57:59.151] [jointLog] [info] wrote 42 bootstraps
[2018-10-25 13:58:01.254] [jointLog] [info] wrote 43 bootstraps
[2018-10-25 13:58:05.734] [jointLog] [info] wrote 44 bootstraps
[2018-10-25 13:58:09.107] [jointLog] [info] wrote 45 bootstraps
[2018-10-25 13:58:14.647] [jointLog] [info] wrote 46 bootstraps
[2018-10-25 13:58:18.247] [jointLog] [info] wrote 47 bootstraps
[2018-10-25 13:58:18.518] [jointLog] [info] wrote 48 bootstraps
[2018-10-25 13:58:24.309] [jointLog] [info] wrote 49 bootstraps
[2018-10-25 13:58:26.917] [jointLog] [info] wrote 50 bootstraps
[2018-10-25 13:58:26.925] [jointLog] [info] Finished Bootstrapping
