[2018-10-25 12:03:46.457] [jointLog] [info] Fragment incompatibility prior below threshold.  Incompatible fragments will be ignored.
[2018-10-25 12:03:46.457] [jointLog] [info] parsing read library format
[2018-10-25 12:03:46.457] [jointLog] [info] There is 1 library.
[2018-10-25 12:03:46.721] [jointLog] [info] Loading Quasi index
[2018-10-25 12:03:46.723] [jointLog] [info] Loading 32-bit quasi index
[2018-10-25 12:03:55.822] [jointLog] [info] done
[2018-10-25 12:03:55.822] [jointLog] [info] Index contained 101,973 targets
[2018-10-25 12:03:57.245] [jointLog] [info] Automatically detected most likely library type as ISR
[2018-10-25 12:18:38.851] [jointLog] [info] Thread saw mini-batch with a maximum of 3.68% zero probability fragments
[2018-10-25 12:18:38.861] [jointLog] [info] Thread saw mini-batch with a maximum of 3.70% zero probability fragments
[2018-10-25 12:18:38.871] [jointLog] [info] Thread saw mini-batch with a maximum of 3.56% zero probability fragments
[2018-10-25 12:18:38.877] [jointLog] [info] Thread saw mini-batch with a maximum of 3.80% zero probability fragments
[2018-10-25 12:18:38.920] [jointLog] [info] Thread saw mini-batch with a maximum of 3.62% zero probability fragments
[2018-10-25 12:18:38.962] [jointLog] [info] Thread saw mini-batch with a maximum of 3.60% zero probability fragments
[2018-10-25 12:18:39.067] [jointLog] [info] Computed 47,307 rich equivalence classes for further processing
[2018-10-25 12:18:39.067] [jointLog] [info] Counted 33,959,009 total reads in the equivalence classes 
[2018-10-25 12:18:39.072] [jointLog] [info] Mapping rate = 54.7434%

[2018-10-25 12:18:39.072] [jointLog] [info] finished quantifyLibrary()
[2018-10-25 12:18:39.080] [jointLog] [info] Starting optimizer
[2018-10-25 12:18:39.137] [jointLog] [info] Marked 0 weighted equivalence classes as degenerate
[2018-10-25 12:18:39.142] [jointLog] [info] iteration = 0 | max rel diff. = 3356.68
[2018-10-25 12:18:39.068] [fileLog] [info] 
At end of round 0
==================
Observed 62033040 total fragments (62033040 in most recent round)

[2018-10-25 12:18:39.621] [jointLog] [info] iteration = 100 | max rel diff. = 5.70056
[2018-10-25 12:18:40.101] [jointLog] [info] iteration = 200 | max rel diff. = 14.0283
[2018-10-25 12:18:40.575] [jointLog] [info] iteration = 300 | max rel diff. = 0.360114
[2018-10-25 12:18:41.056] [jointLog] [info] iteration = 400 | max rel diff. = 8.25391
[2018-10-25 12:18:41.525] [jointLog] [info] iteration = 500 | max rel diff. = 2.00747
[2018-10-25 12:18:42.002] [jointLog] [info] iteration = 600 | max rel diff. = 0.0496783
[2018-10-25 12:18:42.471] [jointLog] [info] iteration = 700 | max rel diff. = 0.0218983
[2018-10-25 12:18:42.945] [jointLog] [info] iteration = 800 | max rel diff. = 0.0606318
[2018-10-25 12:18:43.410] [jointLog] [info] iteration = 900 | max rel diff. = 2.02633
[2018-10-25 12:18:43.881] [jointLog] [info] iteration = 1,000 | max rel diff. = 0.0394929
[2018-10-25 12:18:44.345] [jointLog] [info] iteration = 1,100 | max rel diff. = 0.0644193
[2018-10-25 12:18:44.812] [jointLog] [info] iteration = 1,200 | max rel diff. = 0.544696
[2018-10-25 12:18:45.009] [jointLog] [info] iteration = 1,243 | max rel diff. = 0.00244841
[2018-10-25 12:18:45.016] [jointLog] [info] Finished optimizer
[2018-10-25 12:18:45.016] [jointLog] [info] writing output 

[2018-10-25 12:18:45.380] [jointLog] [info] Starting Bootstrapping
[2018-10-25 12:18:45.395] [jointLog] [info] Will draw 50 bootstrap samples
[2018-10-25 12:18:45.395] [jointLog] [info] Optimizing over 47,307 equivalence classes
[2018-10-25 12:18:45.400] [jointLog] [info] Marked 0 weighted equivalence classes as degenerate
[2018-10-25 12:19:01.373] [jointLog] [info] wrote 1 bootstraps
[2018-10-25 12:19:05.317] [jointLog] [info] wrote 2 bootstraps
[2018-10-25 12:19:05.359] [jointLog] [info] wrote 3 bootstraps
[2018-10-25 12:19:09.661] [jointLog] [info] wrote 4 bootstraps
[2018-10-25 12:19:11.698] [jointLog] [info] wrote 5 bootstraps
[2018-10-25 12:19:23.345] [jointLog] [info] wrote 6 bootstraps
[2018-10-25 12:19:23.534] [jointLog] [info] wrote 7 bootstraps
[2018-10-25 12:19:28.877] [jointLog] [info] wrote 8 bootstraps
[2018-10-25 12:19:30.040] [jointLog] [info] wrote 9 bootstraps
[2018-10-25 12:19:42.359] [jointLog] [info] wrote 10 bootstraps
[2018-10-25 12:19:43.614] [jointLog] [info] wrote 11 bootstraps
[2018-10-25 12:19:44.461] [jointLog] [info] wrote 12 bootstraps
[2018-10-25 12:19:50.459] [jointLog] [info] wrote 13 bootstraps
[2018-10-25 12:19:54.013] [jointLog] [info] wrote 14 bootstraps
[2018-10-25 12:20:02.842] [jointLog] [info] wrote 15 bootstraps
[2018-10-25 12:20:05.801] [jointLog] [info] wrote 16 bootstraps
[2018-10-25 12:20:06.052] [jointLog] [info] wrote 17 bootstraps
[2018-10-25 12:20:08.224] [jointLog] [info] wrote 18 bootstraps
[2018-10-25 12:20:10.341] [jointLog] [info] wrote 19 bootstraps
[2018-10-25 12:20:23.953] [jointLog] [info] wrote 20 bootstraps
[2018-10-25 12:20:24.282] [jointLog] [info] wrote 21 bootstraps
[2018-10-25 12:20:26.388] [jointLog] [info] wrote 22 bootstraps
[2018-10-25 12:20:27.617] [jointLog] [info] wrote 23 bootstraps
[2018-10-25 12:20:37.257] [jointLog] [info] wrote 24 bootstraps
[2018-10-25 12:20:44.839] [jointLog] [info] wrote 25 bootstraps
[2018-10-25 12:20:46.314] [jointLog] [info] wrote 26 bootstraps
[2018-10-25 12:20:48.659] [jointLog] [info] wrote 27 bootstraps
[2018-10-25 12:20:55.004] [jointLog] [info] wrote 28 bootstraps
[2018-10-25 12:20:56.952] [jointLog] [info] wrote 29 bootstraps
[2018-10-25 12:21:07.450] [jointLog] [info] wrote 30 bootstraps
[2018-10-25 12:21:07.652] [jointLog] [info] wrote 31 bootstraps
[2018-10-25 12:21:08.618] [jointLog] [info] wrote 32 bootstraps
[2018-10-25 12:21:15.176] [jointLog] [info] wrote 33 bootstraps
[2018-10-25 12:21:15.237] [jointLog] [info] wrote 34 bootstraps
[2018-10-25 12:21:27.928] [jointLog] [info] wrote 35 bootstraps
[2018-10-25 12:21:31.565] [jointLog] [info] wrote 36 bootstraps
[2018-10-25 12:21:32.205] [jointLog] [info] wrote 37 bootstraps
[2018-10-25 12:21:33.959] [jointLog] [info] wrote 38 bootstraps
[2018-10-25 12:21:38.011] [jointLog] [info] wrote 39 bootstraps
[2018-10-25 12:21:52.872] [jointLog] [info] wrote 40 bootstraps
[2018-10-25 12:21:53.284] [jointLog] [info] wrote 41 bootstraps
[2018-10-25 12:21:54.880] [jointLog] [info] wrote 42 bootstraps
[2018-10-25 12:21:58.462] [jointLog] [info] wrote 43 bootstraps
[2018-10-25 12:22:01.438] [jointLog] [info] wrote 44 bootstraps
[2018-10-25 12:22:13.539] [jointLog] [info] wrote 45 bootstraps
[2018-10-25 12:22:15.560] [jointLog] [info] wrote 46 bootstraps
[2018-10-25 12:22:15.757] [jointLog] [info] wrote 47 bootstraps
[2018-10-25 12:22:23.989] [jointLog] [info] wrote 48 bootstraps
[2018-10-25 12:22:27.731] [jointLog] [info] wrote 49 bootstraps
[2018-10-25 12:22:38.344] [jointLog] [info] wrote 50 bootstraps
[2018-10-25 12:22:38.351] [jointLog] [info] Finished Bootstrapping
