[2021-06-17 15:10:52.071] [jointLog] [info] setting maxHashResizeThreads to 24
[2021-06-17 15:10:52.071] [jointLog] [info] Fragment incompatibility prior below threshold.  Incompatible fragments will be ignored.
[2021-06-17 15:10:52.071] [jointLog] [info] Usage of --validateMappings implies use of minScoreFraction. Since not explicitly specified, it is being set to 0.65
[2021-06-17 15:10:52.071] [jointLog] [info] Setting consensusSlack to selective-alignment default of 0.35.
[2021-06-17 15:10:52.071] [jointLog] [info] parsing read library format
[2021-06-17 15:10:52.071] [jointLog] [info] There is 1 library.
[2021-06-17 15:10:52.121] [jointLog] [info] Loading pufferfish index
[2021-06-17 15:10:52.121] [jointLog] [info] Loading dense pufferfish index.
[2021-06-17 15:10:52.128] [jointLog] [info] done
[2021-06-17 15:10:52.128] [jointLog] [info] Index contained 1,293 targets
[2021-06-17 15:10:52.129] [jointLog] [info] Number of decoys : 0
[2021-06-17 15:10:56.075] [jointLog] [info] Automatically detected most likely library type as ISR

[2021-06-17 15:13:29.487] [jointLog] [info] Thread saw mini-batch with a maximum of 0.22% zero probability fragments
[2021-06-17 15:13:29.487] [jointLog] [info] Thread saw mini-batch with a maximum of 0.20% zero probability fragments
[2021-06-17 15:13:29.487] [jointLog] [info] Thread saw mini-batch with a maximum of 0.24% zero probability fragments
[2021-06-17 15:13:29.487] [jointLog] [info] Thread saw mini-batch with a maximum of 0.20% zero probability fragments
[2021-06-17 15:13:29.487] [jointLog] [info] Thread saw mini-batch with a maximum of 0.20% zero probability fragments
[2021-06-17 15:13:29.487] [jointLog] [info] Thread saw mini-batch with a maximum of 0.22% zero probability fragments
[2021-06-17 15:13:29.487] [jointLog] [info] Thread saw mini-batch with a maximum of 0.20% zero probability fragments
[2021-06-17 15:13:29.487] [jointLog] [info] Thread saw mini-batch with a maximum of 0.18% zero probability fragments
[2021-06-17 15:13:29.488] [jointLog] [info] Thread saw mini-batch with a maximum of 0.18% zero probability fragments
[2021-06-17 15:13:29.488] [jointLog] [info] Thread saw mini-batch with a maximum of 0.20% zero probability fragments
[2021-06-17 15:13:29.488] [jointLog] [info] Thread saw mini-batch with a maximum of 0.18% zero probability fragments
[2021-06-17 15:13:29.488] [jointLog] [info] Thread saw mini-batch with a maximum of 0.20% zero probability fragments
[2021-06-17 15:13:29.494] [jointLog] [info] Thread saw mini-batch with a maximum of 0.20% zero probability fragments
[2021-06-17 15:13:29.507] [jointLog] [info] Thread saw mini-batch with a maximum of 0.22% zero probability fragments
[2021-06-17 15:13:29.511] [jointLog] [info] Thread saw mini-batch with a maximum of 0.22% zero probability fragments
[2021-06-17 15:13:29.514] [jointLog] [info] Thread saw mini-batch with a maximum of 0.22% zero probability fragments
[2021-06-17 15:13:29.538] [jointLog] [info] Thread saw mini-batch with a maximum of 0.18% zero probability fragments
[2021-06-17 15:13:29.541] [jointLog] [info] Thread saw mini-batch with a maximum of 0.20% zero probability fragments
[2021-06-17 15:13:29.547] [jointLog] [info] Thread saw mini-batch with a maximum of 0.18% zero probability fragments
[2021-06-17 15:13:29.551] [jointLog] [info] Thread saw mini-batch with a maximum of 0.20% zero probability fragments
[2021-06-17 15:13:29.562] [jointLog] [info] Thread saw mini-batch with a maximum of 0.20% zero probability fragments
[2021-06-17 15:13:29.565] [jointLog] [info] Thread saw mini-batch with a maximum of 0.18% zero probability fragments
[2021-06-17 15:13:29.571] [jointLog] [info] Thread saw mini-batch with a maximum of 0.20% zero probability fragments
[2021-06-17 15:13:29.590] [jointLog] [info] Thread saw mini-batch with a maximum of 0.20% zero probability fragments
[2021-06-17 15:13:29.762] [jointLog] [info] Computed 4,239 rich equivalence classes for further processing
[2021-06-17 15:13:29.762] [jointLog] [info] Counted 3,042,298 total reads in the equivalence classes 
[2021-06-17 15:13:29.766] [jointLog] [info] Number of mappings discarded because of alignment score : 905,794
[2021-06-17 15:13:29.766] [jointLog] [info] Number of fragments entirely discarded because of alignment score : 722,902
[2021-06-17 15:13:29.766] [jointLog] [info] Number of fragments discarded because they are best-mapped to decoys : 0
[2021-06-17 15:13:29.767] [jointLog] [warning] Only 3042298 fragments were mapped, but the number of burn-in fragments was set to 5000000.
The effective lengths have been computed using the observed mappings.

[2021-06-17 15:13:29.767] [jointLog] [info] Mapping rate = 4.54646%

[2021-06-17 15:13:29.767] [jointLog] [info] finished quantifyLibrary()
[2021-06-17 15:13:29.768] [jointLog] [info] Starting optimizer
[2021-06-17 15:13:29.776] [jointLog] [info] Marked 0 weighted equivalence classes as degenerate
[2021-06-17 15:13:29.777] [jointLog] [info] iteration = 0 | max rel diff. = 2208.8
[2021-06-17 15:13:29.763] [fileLog] [info] 
At end of round 0
==================
Observed 66915795 total fragments (66915795 in most recent round)

[2021-06-17 15:13:29.812] [jointLog] [info] iteration = 100 | max rel diff. = 0.0244786
[2021-06-17 15:13:29.846] [jointLog] [info] iteration = 200 | max rel diff. = 0.938047
[2021-06-17 15:13:29.847] [jointLog] [info] iteration = 203 | max rel diff. = 0.000193448
[2021-06-17 15:13:29.847] [jointLog] [info] Finished optimizer
[2021-06-17 15:13:29.847] [jointLog] [info] writing output 

[2021-06-17 15:13:29.851] [jointLog] [info] Starting Bootstrapping
[2021-06-17 15:13:29.851] [jointLog] [info] Will draw 50 bootstrap samples
[2021-06-17 15:13:29.851] [jointLog] [info] Optimizing over 4,239 equivalence classes
[2021-06-17 15:13:29.851] [jointLog] [info] Marked 0 weighted equivalence classes as degenerate
[2021-06-17 15:13:30.177] [jointLog] [info] wrote 1 bootstraps
[2021-06-17 15:13:30.182] [jointLog] [info] wrote 2 bootstraps
[2021-06-17 15:13:30.186] [jointLog] [info] wrote 3 bootstraps
[2021-06-17 15:13:30.187] [jointLog] [info] wrote 4 bootstraps
[2021-06-17 15:13:30.188] [jointLog] [info] wrote 5 bootstraps
[2021-06-17 15:13:30.190] [jointLog] [info] wrote 6 bootstraps
[2021-06-17 15:13:30.191] [jointLog] [info] wrote 7 bootstraps
[2021-06-17 15:13:30.191] [jointLog] [info] wrote 8 bootstraps
[2021-06-17 15:13:30.193] [jointLog] [info] wrote 9 bootstraps
[2021-06-17 15:13:30.194] [jointLog] [info] wrote 10 bootstraps
[2021-06-17 15:13:30.197] [jointLog] [info] wrote 11 bootstraps
[2021-06-17 15:13:30.199] [jointLog] [info] wrote 12 bootstraps
[2021-06-17 15:13:30.200] [jointLog] [info] wrote 13 bootstraps
[2021-06-17 15:13:30.205] [jointLog] [info] wrote 14 bootstraps
[2021-06-17 15:13:30.207] [jointLog] [info] wrote 15 bootstraps
[2021-06-17 15:13:30.212] [jointLog] [info] wrote 16 bootstraps
[2021-06-17 15:13:30.213] [jointLog] [info] wrote 17 bootstraps
[2021-06-17 15:13:30.216] [jointLog] [info] wrote 18 bootstraps
[2021-06-17 15:13:30.218] [jointLog] [info] wrote 19 bootstraps
[2021-06-17 15:13:30.231] [jointLog] [info] wrote 20 bootstraps
[2021-06-17 15:13:30.233] [jointLog] [info] wrote 21 bootstraps
[2021-06-17 15:13:30.249] [jointLog] [info] wrote 22 bootstraps
[2021-06-17 15:13:30.251] [jointLog] [info] wrote 23 bootstraps
[2021-06-17 15:13:30.504] [jointLog] [info] wrote 24 bootstraps
[2021-06-17 15:13:30.514] [jointLog] [info] wrote 25 bootstraps
[2021-06-17 15:13:30.523] [jointLog] [info] wrote 26 bootstraps
[2021-06-17 15:13:30.524] [jointLog] [info] wrote 27 bootstraps
[2021-06-17 15:13:30.531] [jointLog] [info] wrote 28 bootstraps
[2021-06-17 15:13:30.532] [jointLog] [info] wrote 29 bootstraps
[2021-06-17 15:13:30.533] [jointLog] [info] wrote 30 bootstraps
[2021-06-17 15:13:30.534] [jointLog] [info] wrote 31 bootstraps
[2021-06-17 15:13:30.536] [jointLog] [info] wrote 32 bootstraps
[2021-06-17 15:13:30.537] [jointLog] [info] wrote 33 bootstraps
[2021-06-17 15:13:30.542] [jointLog] [info] wrote 34 bootstraps
[2021-06-17 15:13:30.546] [jointLog] [info] wrote 35 bootstraps
[2021-06-17 15:13:30.546] [jointLog] [info] wrote 36 bootstraps
[2021-06-17 15:13:30.547] [jointLog] [info] wrote 37 bootstraps
[2021-06-17 15:13:30.549] [jointLog] [info] wrote 38 bootstraps
[2021-06-17 15:13:30.549] [jointLog] [info] wrote 39 bootstraps
[2021-06-17 15:13:30.552] [jointLog] [info] wrote 40 bootstraps
[2021-06-17 15:13:30.555] [jointLog] [info] wrote 41 bootstraps
[2021-06-17 15:13:30.561] [jointLog] [info] wrote 42 bootstraps
[2021-06-17 15:13:30.562] [jointLog] [info] wrote 43 bootstraps
[2021-06-17 15:13:30.574] [jointLog] [info] wrote 44 bootstraps
[2021-06-17 15:13:30.576] [jointLog] [info] wrote 45 bootstraps
[2021-06-17 15:13:30.597] [jointLog] [info] wrote 46 bootstraps
[2021-06-17 15:13:30.840] [jointLog] [info] wrote 47 bootstraps
[2021-06-17 15:13:30.851] [jointLog] [info] wrote 48 bootstraps
[2021-06-17 15:13:30.854] [jointLog] [info] wrote 49 bootstraps
[2021-06-17 15:13:30.855] [jointLog] [info] wrote 50 bootstraps
[2021-06-17 15:13:30.856] [jointLog] [info] Finished Bootstrapping
