[2021-06-17 15:08:25.765] [jointLog] [info] setting maxHashResizeThreads to 24
[2021-06-17 15:08:25.765] [jointLog] [info] Fragment incompatibility prior below threshold.  Incompatible fragments will be ignored.
[2021-06-17 15:08:25.765] [jointLog] [info] Usage of --validateMappings implies use of minScoreFraction. Since not explicitly specified, it is being set to 0.65
[2021-06-17 15:08:25.765] [jointLog] [info] Setting consensusSlack to selective-alignment default of 0.35.
[2021-06-17 15:08:25.765] [jointLog] [info] parsing read library format
[2021-06-17 15:08:25.765] [jointLog] [info] There is 1 library.
[2021-06-17 15:08:25.852] [jointLog] [info] Loading pufferfish index
[2021-06-17 15:08:25.853] [jointLog] [info] Loading dense pufferfish index.
[2021-06-17 15:08:25.863] [jointLog] [info] done
[2021-06-17 15:08:25.863] [jointLog] [info] Index contained 1,293 targets
[2021-06-17 15:08:25.864] [jointLog] [info] Number of decoys : 0
[2021-06-17 15:08:29.986] [jointLog] [info] Automatically detected most likely library type as ISR

[2021-06-17 15:10:50.322] [jointLog] [info] Thread saw mini-batch with a maximum of 0.16% zero probability fragments
[2021-06-17 15:10:50.322] [jointLog] [info] Thread saw mini-batch with a maximum of 0.22% zero probability fragments
[2021-06-17 15:10:50.322] [jointLog] [info] Thread saw mini-batch with a maximum of 0.18% zero probability fragments
[2021-06-17 15:10:50.322] [jointLog] [info] Thread saw mini-batch with a maximum of 0.16% zero probability fragments
[2021-06-17 15:10:50.322] [jointLog] [info] Thread saw mini-batch with a maximum of 0.18% zero probability fragments
[2021-06-17 15:10:50.322] [jointLog] [info] Thread saw mini-batch with a maximum of 0.20% zero probability fragments
[2021-06-17 15:10:50.322] [jointLog] [info] Thread saw mini-batch with a maximum of 0.22% zero probability fragments
[2021-06-17 15:10:50.323] [jointLog] [info] Thread saw mini-batch with a maximum of 0.24% zero probability fragments
[2021-06-17 15:10:50.325] [jointLog] [info] Thread saw mini-batch with a maximum of 0.18% zero probability fragments
[2021-06-17 15:10:50.328] [jointLog] [info] Thread saw mini-batch with a maximum of 0.24% zero probability fragments
[2021-06-17 15:10:50.344] [jointLog] [info] Thread saw mini-batch with a maximum of 0.22% zero probability fragments
[2021-06-17 15:10:50.354] [jointLog] [info] Thread saw mini-batch with a maximum of 0.22% zero probability fragments
[2021-06-17 15:10:50.377] [jointLog] [info] Thread saw mini-batch with a maximum of 0.20% zero probability fragments
[2021-06-17 15:10:50.386] [jointLog] [info] Thread saw mini-batch with a maximum of 0.26% zero probability fragments
[2021-06-17 15:10:50.402] [jointLog] [info] Thread saw mini-batch with a maximum of 0.22% zero probability fragments
[2021-06-17 15:10:50.407] [jointLog] [info] Thread saw mini-batch with a maximum of 0.22% zero probability fragments
[2021-06-17 15:10:50.413] [jointLog] [info] Thread saw mini-batch with a maximum of 0.20% zero probability fragments
[2021-06-17 15:10:50.418] [jointLog] [info] Thread saw mini-batch with a maximum of 0.18% zero probability fragments
[2021-06-17 15:10:50.418] [jointLog] [info] Thread saw mini-batch with a maximum of 0.18% zero probability fragments
[2021-06-17 15:10:50.433] [jointLog] [info] Thread saw mini-batch with a maximum of 0.22% zero probability fragments
[2021-06-17 15:10:50.437] [jointLog] [info] Thread saw mini-batch with a maximum of 0.20% zero probability fragments
[2021-06-17 15:10:50.443] [jointLog] [info] Thread saw mini-batch with a maximum of 0.20% zero probability fragments
[2021-06-17 15:10:50.448] [jointLog] [info] Thread saw mini-batch with a maximum of 0.18% zero probability fragments
[2021-06-17 15:10:50.468] [jointLog] [info] Thread saw mini-batch with a maximum of 0.24% zero probability fragments
[2021-06-17 15:10:50.626] [jointLog] [info] Computed 4,192 rich equivalence classes for further processing
[2021-06-17 15:10:50.626] [jointLog] [info] Counted 2,641,472 total reads in the equivalence classes 
[2021-06-17 15:10:50.630] [jointLog] [info] Number of mappings discarded because of alignment score : 775,607
[2021-06-17 15:10:50.630] [jointLog] [info] Number of fragments entirely discarded because of alignment score : 620,266
[2021-06-17 15:10:50.630] [jointLog] [info] Number of fragments discarded because they are best-mapped to decoys : 0
[2021-06-17 15:10:50.631] [jointLog] [warning] Only 2641472 fragments were mapped, but the number of burn-in fragments was set to 5000000.
The effective lengths have been computed using the observed mappings.

[2021-06-17 15:10:50.631] [jointLog] [info] Mapping rate = 4.59997%

[2021-06-17 15:10:50.631] [jointLog] [info] finished quantifyLibrary()
[2021-06-17 15:10:50.632] [jointLog] [info] Starting optimizer
[2021-06-17 15:10:50.639] [jointLog] [info] Marked 0 weighted equivalence classes as degenerate
[2021-06-17 15:10:50.640] [jointLog] [info] iteration = 0 | max rel diff. = 3664.09
[2021-06-17 15:10:50.675] [jointLog] [info] iteration = 100 | max rel diff. = 1.19343
[2021-06-17 15:10:50.683] [jointLog] [info] iteration = 122 | max rel diff. = 0.00622005
[2021-06-17 15:10:50.683] [jointLog] [info] Finished optimizer
[2021-06-17 15:10:50.683] [jointLog] [info] writing output 

[2021-06-17 15:10:50.686] [jointLog] [info] Starting Bootstrapping
[2021-06-17 15:10:50.687] [jointLog] [info] Will draw 50 bootstrap samples
[2021-06-17 15:10:50.687] [jointLog] [info] Optimizing over 4,192 equivalence classes
[2021-06-17 15:10:50.687] [jointLog] [info] Marked 0 weighted equivalence classes as degenerate
[2021-06-17 15:10:50.627] [fileLog] [info] 
At end of round 0
==================
Observed 57423735 total fragments (57423735 in most recent round)

[2021-06-17 15:10:50.974] [jointLog] [info] wrote 1 bootstraps
[2021-06-17 15:10:50.977] [jointLog] [info] wrote 2 bootstraps
[2021-06-17 15:10:50.978] [jointLog] [info] wrote 3 bootstraps
[2021-06-17 15:10:50.982] [jointLog] [info] wrote 4 bootstraps
[2021-06-17 15:10:50.983] [jointLog] [info] wrote 5 bootstraps
[2021-06-17 15:10:50.992] [jointLog] [info] wrote 6 bootstraps
[2021-06-17 15:10:50.994] [jointLog] [info] wrote 7 bootstraps
[2021-06-17 15:10:51.003] [jointLog] [info] wrote 8 bootstraps
[2021-06-17 15:10:51.004] [jointLog] [info] wrote 9 bootstraps
[2021-06-17 15:10:51.005] [jointLog] [info] wrote 10 bootstraps
[2021-06-17 15:10:51.006] [jointLog] [info] wrote 11 bootstraps
[2021-06-17 15:10:51.008] [jointLog] [info] wrote 12 bootstraps
[2021-06-17 15:10:51.009] [jointLog] [info] wrote 13 bootstraps
[2021-06-17 15:10:51.021] [jointLog] [info] wrote 14 bootstraps
[2021-06-17 15:10:51.028] [jointLog] [info] wrote 15 bootstraps
[2021-06-17 15:10:51.030] [jointLog] [info] wrote 16 bootstraps
[2021-06-17 15:10:51.033] [jointLog] [info] wrote 17 bootstraps
[2021-06-17 15:10:51.036] [jointLog] [info] wrote 18 bootstraps
[2021-06-17 15:10:51.037] [jointLog] [info] wrote 19 bootstraps
[2021-06-17 15:10:51.038] [jointLog] [info] wrote 20 bootstraps
[2021-06-17 15:10:51.041] [jointLog] [info] wrote 21 bootstraps
[2021-06-17 15:10:51.049] [jointLog] [info] wrote 22 bootstraps
[2021-06-17 15:10:51.052] [jointLog] [info] wrote 23 bootstraps
[2021-06-17 15:10:51.242] [jointLog] [info] wrote 24 bootstraps
[2021-06-17 15:10:51.265] [jointLog] [info] wrote 25 bootstraps
[2021-06-17 15:10:51.272] [jointLog] [info] wrote 26 bootstraps
[2021-06-17 15:10:51.273] [jointLog] [info] wrote 27 bootstraps
[2021-06-17 15:10:51.275] [jointLog] [info] wrote 28 bootstraps
[2021-06-17 15:10:51.281] [jointLog] [info] wrote 29 bootstraps
[2021-06-17 15:10:51.288] [jointLog] [info] wrote 30 bootstraps
[2021-06-17 15:10:51.297] [jointLog] [info] wrote 31 bootstraps
[2021-06-17 15:10:51.299] [jointLog] [info] wrote 32 bootstraps
[2021-06-17 15:10:51.300] [jointLog] [info] wrote 33 bootstraps
[2021-06-17 15:10:51.303] [jointLog] [info] wrote 34 bootstraps
[2021-06-17 15:10:51.312] [jointLog] [info] wrote 35 bootstraps
[2021-06-17 15:10:51.320] [jointLog] [info] wrote 36 bootstraps
[2021-06-17 15:10:51.321] [jointLog] [info] wrote 37 bootstraps
[2021-06-17 15:10:51.322] [jointLog] [info] wrote 38 bootstraps
[2021-06-17 15:10:51.323] [jointLog] [info] wrote 39 bootstraps
[2021-06-17 15:10:51.325] [jointLog] [info] wrote 40 bootstraps
[2021-06-17 15:10:51.331] [jointLog] [info] wrote 41 bootstraps
[2021-06-17 15:10:51.336] [jointLog] [info] wrote 42 bootstraps
[2021-06-17 15:10:51.341] [jointLog] [info] wrote 43 bootstraps
[2021-06-17 15:10:51.345] [jointLog] [info] wrote 44 bootstraps
[2021-06-17 15:10:51.348] [jointLog] [info] wrote 45 bootstraps
[2021-06-17 15:10:51.361] [jointLog] [info] wrote 46 bootstraps
[2021-06-17 15:10:51.524] [jointLog] [info] wrote 47 bootstraps
[2021-06-17 15:10:51.545] [jointLog] [info] wrote 48 bootstraps
[2021-06-17 15:10:51.549] [jointLog] [info] wrote 49 bootstraps
[2021-06-17 15:10:51.559] [jointLog] [info] wrote 50 bootstraps
[2021-06-17 15:10:51.560] [jointLog] [info] Finished Bootstrapping
