[2021-06-17 16:04:33.323] [jointLog] [info] setting maxHashResizeThreads to 24
[2021-06-17 16:04:33.323] [jointLog] [info] Fragment incompatibility prior below threshold.  Incompatible fragments will be ignored.
[2021-06-17 16:04:33.323] [jointLog] [info] Usage of --validateMappings implies use of minScoreFraction. Since not explicitly specified, it is being set to 0.65
[2021-06-17 16:04:33.323] [jointLog] [info] Setting consensusSlack to selective-alignment default of 0.35.
[2021-06-17 16:04:33.323] [jointLog] [info] parsing read library format
[2021-06-17 16:04:33.323] [jointLog] [info] There is 1 library.
[2021-06-17 16:04:33.374] [jointLog] [info] Loading pufferfish index
[2021-06-17 16:04:33.374] [jointLog] [info] Loading dense pufferfish index.
[2021-06-17 16:04:33.381] [jointLog] [info] done
[2021-06-17 16:04:33.381] [jointLog] [info] Index contained 1,293 targets
[2021-06-17 16:04:33.382] [jointLog] [info] Number of decoys : 0
[2021-06-17 16:04:37.994] [jointLog] [info] Automatically detected most likely library type as ISR

[2021-06-17 16:06:51.691] [jointLog] [info] Thread saw mini-batch with a maximum of 0.22% zero probability fragments
[2021-06-17 16:06:51.691] [jointLog] [info] Thread saw mini-batch with a maximum of 0.30% zero probability fragments
[2021-06-17 16:06:51.692] [jointLog] [info] Thread saw mini-batch with a maximum of 0.20% zero probability fragments
[2021-06-17 16:06:51.692] [jointLog] [info] Thread saw mini-batch with a maximum of 0.20% zero probability fragments
[2021-06-17 16:06:51.692] [jointLog] [info] Thread saw mini-batch with a maximum of 0.20% zero probability fragments
[2021-06-17 16:06:51.692] [jointLog] [info] Thread saw mini-batch with a maximum of 0.22% zero probability fragments
[2021-06-17 16:06:51.696] [jointLog] [info] Thread saw mini-batch with a maximum of 0.22% zero probability fragments
[2021-06-17 16:06:51.705] [jointLog] [info] Thread saw mini-batch with a maximum of 0.20% zero probability fragments
[2021-06-17 16:06:51.718] [jointLog] [info] Thread saw mini-batch with a maximum of 0.18% zero probability fragments
[2021-06-17 16:06:51.720] [jointLog] [info] Thread saw mini-batch with a maximum of 0.24% zero probability fragments
[2021-06-17 16:06:51.726] [jointLog] [info] Thread saw mini-batch with a maximum of 0.20% zero probability fragments
[2021-06-17 16:06:51.736] [jointLog] [info] Thread saw mini-batch with a maximum of 0.18% zero probability fragments
[2021-06-17 16:06:51.739] [jointLog] [info] Thread saw mini-batch with a maximum of 0.18% zero probability fragments
[2021-06-17 16:06:51.741] [jointLog] [info] Thread saw mini-batch with a maximum of 0.26% zero probability fragments
[2021-06-17 16:06:51.749] [jointLog] [info] Thread saw mini-batch with a maximum of 0.20% zero probability fragments
[2021-06-17 16:06:51.768] [jointLog] [info] Thread saw mini-batch with a maximum of 0.20% zero probability fragments
[2021-06-17 16:06:51.772] [jointLog] [info] Thread saw mini-batch with a maximum of 0.22% zero probability fragments
[2021-06-17 16:06:51.785] [jointLog] [info] Thread saw mini-batch with a maximum of 0.22% zero probability fragments
[2021-06-17 16:06:51.791] [jointLog] [info] Thread saw mini-batch with a maximum of 0.22% zero probability fragments
[2021-06-17 16:06:51.792] [jointLog] [info] Thread saw mini-batch with a maximum of 0.18% zero probability fragments
[2021-06-17 16:06:51.795] [jointLog] [info] Thread saw mini-batch with a maximum of 0.20% zero probability fragments
[2021-06-17 16:06:51.803] [jointLog] [info] Thread saw mini-batch with a maximum of 0.22% zero probability fragments
[2021-06-17 16:06:51.807] [jointLog] [info] Thread saw mini-batch with a maximum of 0.18% zero probability fragments
[2021-06-17 16:06:51.812] [jointLog] [info] Thread saw mini-batch with a maximum of 0.22% zero probability fragments
[2021-06-17 16:06:51.959] [jointLog] [info] Computed 3,848 rich equivalence classes for further processing
[2021-06-17 16:06:51.959] [jointLog] [info] Counted 2,282,419 total reads in the equivalence classes 
[2021-06-17 16:06:51.964] [jointLog] [info] Number of mappings discarded because of alignment score : 739,814
[2021-06-17 16:06:51.964] [jointLog] [info] Number of fragments entirely discarded because of alignment score : 585,166
[2021-06-17 16:06:51.964] [jointLog] [info] Number of fragments discarded because they are best-mapped to decoys : 0
[2021-06-17 16:06:51.964] [jointLog] [warning] Only 2282419 fragments were mapped, but the number of burn-in fragments was set to 5000000.
The effective lengths have been computed using the observed mappings.

[2021-06-17 16:06:51.964] [jointLog] [info] Mapping rate = 4.01258%

[2021-06-17 16:06:51.964] [jointLog] [info] finished quantifyLibrary()
[2021-06-17 16:06:51.965] [jointLog] [info] Starting optimizer
[2021-06-17 16:06:51.972] [jointLog] [info] Marked 0 weighted equivalence classes as degenerate
[2021-06-17 16:06:51.973] [jointLog] [info] iteration = 0 | max rel diff. = 3534.47
[2021-06-17 16:06:52.008] [jointLog] [info] iteration = 100 | max rel diff. = 0.00231279
[2021-06-17 16:06:52.008] [jointLog] [info] Finished optimizer
[2021-06-17 16:06:52.008] [jointLog] [info] writing output 

[2021-06-17 16:06:52.012] [jointLog] [info] Starting Bootstrapping
[2021-06-17 16:06:52.012] [jointLog] [info] Will draw 50 bootstrap samples
[2021-06-17 16:06:52.012] [jointLog] [info] Optimizing over 3,848 equivalence classes
[2021-06-17 16:06:52.012] [jointLog] [info] Marked 0 weighted equivalence classes as degenerate
[2021-06-17 16:06:51.960] [fileLog] [info] 
At end of round 0
==================
Observed 56881512 total fragments (56881512 in most recent round)

[2021-06-17 16:06:52.271] [jointLog] [info] wrote 1 bootstraps
[2021-06-17 16:06:52.272] [jointLog] [info] wrote 2 bootstraps
[2021-06-17 16:06:52.273] [jointLog] [info] wrote 3 bootstraps
[2021-06-17 16:06:52.277] [jointLog] [info] wrote 4 bootstraps
[2021-06-17 16:06:52.284] [jointLog] [info] wrote 5 bootstraps
[2021-06-17 16:06:52.289] [jointLog] [info] wrote 6 bootstraps
[2021-06-17 16:06:52.292] [jointLog] [info] wrote 7 bootstraps
[2021-06-17 16:06:52.293] [jointLog] [info] wrote 8 bootstraps
[2021-06-17 16:06:52.294] [jointLog] [info] wrote 9 bootstraps
[2021-06-17 16:06:52.296] [jointLog] [info] wrote 10 bootstraps
[2021-06-17 16:06:52.296] [jointLog] [info] wrote 11 bootstraps
[2021-06-17 16:06:52.305] [jointLog] [info] wrote 12 bootstraps
[2021-06-17 16:06:52.306] [jointLog] [info] wrote 13 bootstraps
[2021-06-17 16:06:52.312] [jointLog] [info] wrote 14 bootstraps
[2021-06-17 16:06:52.323] [jointLog] [info] wrote 15 bootstraps
[2021-06-17 16:06:52.325] [jointLog] [info] wrote 16 bootstraps
[2021-06-17 16:06:52.335] [jointLog] [info] wrote 17 bootstraps
[2021-06-17 16:06:52.336] [jointLog] [info] wrote 18 bootstraps
[2021-06-17 16:06:52.346] [jointLog] [info] wrote 19 bootstraps
[2021-06-17 16:06:52.352] [jointLog] [info] wrote 20 bootstraps
[2021-06-17 16:06:52.356] [jointLog] [info] wrote 21 bootstraps
[2021-06-17 16:06:52.361] [jointLog] [info] wrote 22 bootstraps
[2021-06-17 16:06:52.372] [jointLog] [info] wrote 23 bootstraps
[2021-06-17 16:06:52.517] [jointLog] [info] wrote 24 bootstraps
[2021-06-17 16:06:52.522] [jointLog] [info] wrote 25 bootstraps
[2021-06-17 16:06:52.524] [jointLog] [info] wrote 26 bootstraps
[2021-06-17 16:06:52.525] [jointLog] [info] wrote 27 bootstraps
[2021-06-17 16:06:52.542] [jointLog] [info] wrote 28 bootstraps
[2021-06-17 16:06:52.544] [jointLog] [info] wrote 29 bootstraps
[2021-06-17 16:06:52.545] [jointLog] [info] wrote 30 bootstraps
[2021-06-17 16:06:52.547] [jointLog] [info] wrote 31 bootstraps
[2021-06-17 16:06:52.552] [jointLog] [info] wrote 32 bootstraps
[2021-06-17 16:06:52.553] [jointLog] [info] wrote 33 bootstraps
[2021-06-17 16:06:52.554] [jointLog] [info] wrote 34 bootstraps
[2021-06-17 16:06:52.557] [jointLog] [info] wrote 35 bootstraps
[2021-06-17 16:06:52.561] [jointLog] [info] wrote 36 bootstraps
[2021-06-17 16:06:52.562] [jointLog] [info] wrote 37 bootstraps
[2021-06-17 16:06:52.572] [jointLog] [info] wrote 38 bootstraps
[2021-06-17 16:06:52.574] [jointLog] [info] wrote 39 bootstraps
[2021-06-17 16:06:52.588] [jointLog] [info] wrote 40 bootstraps
[2021-06-17 16:06:52.599] [jointLog] [info] wrote 41 bootstraps
[2021-06-17 16:06:52.601] [jointLog] [info] wrote 42 bootstraps
[2021-06-17 16:06:52.605] [jointLog] [info] wrote 43 bootstraps
[2021-06-17 16:06:52.612] [jointLog] [info] wrote 44 bootstraps
[2021-06-17 16:06:52.633] [jointLog] [info] wrote 45 bootstraps
[2021-06-17 16:06:52.659] [jointLog] [info] wrote 46 bootstraps
[2021-06-17 16:06:52.754] [jointLog] [info] wrote 47 bootstraps
[2021-06-17 16:06:52.756] [jointLog] [info] wrote 48 bootstraps
[2021-06-17 16:06:52.765] [jointLog] [info] wrote 49 bootstraps
[2021-06-17 16:06:52.772] [jointLog] [info] wrote 50 bootstraps
[2021-06-17 16:06:52.772] [jointLog] [info] Finished Bootstrapping
