[2021-06-17 15:30:37.065] [jointLog] [info] setting maxHashResizeThreads to 24
[2021-06-17 15:30:37.065] [jointLog] [info] Fragment incompatibility prior below threshold.  Incompatible fragments will be ignored.
[2021-06-17 15:30:37.065] [jointLog] [info] Usage of --validateMappings implies use of minScoreFraction. Since not explicitly specified, it is being set to 0.65
[2021-06-17 15:30:37.065] [jointLog] [info] Setting consensusSlack to selective-alignment default of 0.35.
[2021-06-17 15:30:37.065] [jointLog] [info] parsing read library format
[2021-06-17 15:30:37.065] [jointLog] [info] There is 1 library.
[2021-06-17 15:30:37.156] [jointLog] [info] Loading pufferfish index
[2021-06-17 15:30:37.156] [jointLog] [info] Loading dense pufferfish index.
[2021-06-17 15:30:37.168] [jointLog] [info] done
[2021-06-17 15:30:37.168] [jointLog] [info] Index contained 1,293 targets
[2021-06-17 15:30:37.170] [jointLog] [info] Number of decoys : 0
[2021-06-17 15:30:41.817] [jointLog] [info] Automatically detected most likely library type as ISR

[2021-06-17 15:32:53.307] [jointLog] [info] Thread saw mini-batch with a maximum of 0.18% zero probability fragments
[2021-06-17 15:32:53.307] [jointLog] [info] Thread saw mini-batch with a maximum of 0.16% zero probability fragments
[2021-06-17 15:32:53.307] [jointLog] [info] Thread saw mini-batch with a maximum of 0.14% zero probability fragments
[2021-06-17 15:32:53.307] [jointLog] [info] Thread saw mini-batch with a maximum of 0.14% zero probability fragments
[2021-06-17 15:32:53.307] [jointLog] [info] Thread saw mini-batch with a maximum of 0.18% zero probability fragments
[2021-06-17 15:32:53.307] [jointLog] [info] Thread saw mini-batch with a maximum of 0.22% zero probability fragments
[2021-06-17 15:32:53.307] [jointLog] [info] Thread saw mini-batch with a maximum of 0.16% zero probability fragments
[2021-06-17 15:32:53.307] [jointLog] [info] Thread saw mini-batch with a maximum of 0.20% zero probability fragments
[2021-06-17 15:32:53.315] [jointLog] [info] Thread saw mini-batch with a maximum of 0.16% zero probability fragments
[2021-06-17 15:32:53.317] [jointLog] [info] Thread saw mini-batch with a maximum of 0.18% zero probability fragments
[2021-06-17 15:32:53.324] [jointLog] [info] Thread saw mini-batch with a maximum of 0.16% zero probability fragments
[2021-06-17 15:32:53.330] [jointLog] [info] Thread saw mini-batch with a maximum of 0.16% zero probability fragments
[2021-06-17 15:32:53.339] [jointLog] [info] Thread saw mini-batch with a maximum of 0.16% zero probability fragments
[2021-06-17 15:32:53.348] [jointLog] [info] Thread saw mini-batch with a maximum of 0.18% zero probability fragments
[2021-06-17 15:32:53.352] [jointLog] [info] Thread saw mini-batch with a maximum of 0.20% zero probability fragments
[2021-06-17 15:32:53.369] [jointLog] [info] Thread saw mini-batch with a maximum of 0.16% zero probability fragments
[2021-06-17 15:32:53.393] [jointLog] [info] Thread saw mini-batch with a maximum of 0.16% zero probability fragments
[2021-06-17 15:32:53.394] [jointLog] [info] Thread saw mini-batch with a maximum of 0.16% zero probability fragments
[2021-06-17 15:32:53.397] [jointLog] [info] Thread saw mini-batch with a maximum of 0.16% zero probability fragments
[2021-06-17 15:32:53.407] [jointLog] [info] Thread saw mini-batch with a maximum of 0.18% zero probability fragments
[2021-06-17 15:32:53.411] [jointLog] [info] Thread saw mini-batch with a maximum of 0.16% zero probability fragments
[2021-06-17 15:32:53.414] [jointLog] [info] Thread saw mini-batch with a maximum of 0.18% zero probability fragments
[2021-06-17 15:32:53.449] [jointLog] [info] Thread saw mini-batch with a maximum of 0.16% zero probability fragments
[2021-06-17 15:32:53.516] [jointLog] [info] Thread saw mini-batch with a maximum of 0.18% zero probability fragments
[2021-06-17 15:32:53.693] [jointLog] [info] Computed 3,660 rich equivalence classes for further processing
[2021-06-17 15:32:53.693] [jointLog] [info] Counted 2,324,943 total reads in the equivalence classes 
[2021-06-17 15:32:53.697] [jointLog] [info] Number of mappings discarded because of alignment score : 761,662
[2021-06-17 15:32:53.697] [jointLog] [info] Number of fragments entirely discarded because of alignment score : 599,489
[2021-06-17 15:32:53.697] [jointLog] [info] Number of fragments discarded because they are best-mapped to decoys : 0
[2021-06-17 15:32:53.698] [jointLog] [warning] Only 2324943 fragments were mapped, but the number of burn-in fragments was set to 5000000.
The effective lengths have been computed using the observed mappings.

[2021-06-17 15:32:53.698] [jointLog] [info] Mapping rate = 3.91911%

[2021-06-17 15:32:53.698] [jointLog] [info] finished quantifyLibrary()
[2021-06-17 15:32:53.699] [jointLog] [info] Starting optimizer
[2021-06-17 15:32:53.706] [jointLog] [info] Marked 0 weighted equivalence classes as degenerate
[2021-06-17 15:32:53.706] [jointLog] [info] iteration = 0 | max rel diff. = 1796.56
[2021-06-17 15:32:53.739] [jointLog] [info] iteration = 100 | max rel diff. = 0.0695033
[2021-06-17 15:32:53.764] [jointLog] [info] iteration = 177 | max rel diff. = 0.000114214
[2021-06-17 15:32:53.764] [jointLog] [info] Finished optimizer
[2021-06-17 15:32:53.764] [jointLog] [info] writing output 

[2021-06-17 15:32:53.768] [jointLog] [info] Starting Bootstrapping
[2021-06-17 15:32:53.694] [fileLog] [info] 
At end of round 0
==================
Observed 59323298 total fragments (59323298 in most recent round)

[2021-06-17 15:32:53.768] [jointLog] [info] Will draw 50 bootstrap samples
[2021-06-17 15:32:53.768] [jointLog] [info] Optimizing over 3,660 equivalence classes
[2021-06-17 15:32:53.768] [jointLog] [info] Marked 0 weighted equivalence classes as degenerate
[2021-06-17 15:32:54.022] [jointLog] [info] wrote 1 bootstraps
[2021-06-17 15:32:54.023] [jointLog] [info] wrote 2 bootstraps
[2021-06-17 15:32:54.025] [jointLog] [info] wrote 3 bootstraps
[2021-06-17 15:32:54.029] [jointLog] [info] wrote 4 bootstraps
[2021-06-17 15:32:54.030] [jointLog] [info] wrote 5 bootstraps
[2021-06-17 15:32:54.036] [jointLog] [info] wrote 6 bootstraps
[2021-06-17 15:32:54.041] [jointLog] [info] wrote 7 bootstraps
[2021-06-17 15:32:54.042] [jointLog] [info] wrote 8 bootstraps
[2021-06-17 15:32:54.043] [jointLog] [info] wrote 9 bootstraps
[2021-06-17 15:32:54.045] [jointLog] [info] wrote 10 bootstraps
[2021-06-17 15:32:54.046] [jointLog] [info] wrote 11 bootstraps
[2021-06-17 15:32:54.047] [jointLog] [info] wrote 12 bootstraps
[2021-06-17 15:32:54.049] [jointLog] [info] wrote 13 bootstraps
[2021-06-17 15:32:54.050] [jointLog] [info] wrote 14 bootstraps
[2021-06-17 15:32:54.051] [jointLog] [info] wrote 15 bootstraps
[2021-06-17 15:32:54.054] [jointLog] [info] wrote 16 bootstraps
[2021-06-17 15:32:54.055] [jointLog] [info] wrote 17 bootstraps
[2021-06-17 15:32:54.056] [jointLog] [info] wrote 18 bootstraps
[2021-06-17 15:32:54.058] [jointLog] [info] wrote 19 bootstraps
[2021-06-17 15:32:54.080] [jointLog] [info] wrote 20 bootstraps
[2021-06-17 15:32:54.090] [jointLog] [info] wrote 21 bootstraps
[2021-06-17 15:32:54.092] [jointLog] [info] wrote 22 bootstraps
[2021-06-17 15:32:54.102] [jointLog] [info] wrote 23 bootstraps
[2021-06-17 15:32:54.285] [jointLog] [info] wrote 24 bootstraps
[2021-06-17 15:32:54.288] [jointLog] [info] wrote 25 bootstraps
[2021-06-17 15:32:54.295] [jointLog] [info] wrote 26 bootstraps
[2021-06-17 15:32:54.297] [jointLog] [info] wrote 27 bootstraps
[2021-06-17 15:32:54.298] [jointLog] [info] wrote 28 bootstraps
[2021-06-17 15:32:54.299] [jointLog] [info] wrote 29 bootstraps
[2021-06-17 15:32:54.304] [jointLog] [info] wrote 30 bootstraps
[2021-06-17 15:32:54.305] [jointLog] [info] wrote 31 bootstraps
[2021-06-17 15:32:54.306] [jointLog] [info] wrote 32 bootstraps
[2021-06-17 15:32:54.307] [jointLog] [info] wrote 33 bootstraps
[2021-06-17 15:32:54.312] [jointLog] [info] wrote 34 bootstraps
[2021-06-17 15:32:54.315] [jointLog] [info] wrote 35 bootstraps
[2021-06-17 15:32:54.319] [jointLog] [info] wrote 36 bootstraps
[2021-06-17 15:32:54.326] [jointLog] [info] wrote 37 bootstraps
[2021-06-17 15:32:54.335] [jointLog] [info] wrote 38 bootstraps
[2021-06-17 15:32:54.336] [jointLog] [info] wrote 39 bootstraps
[2021-06-17 15:32:54.336] [jointLog] [info] wrote 40 bootstraps
[2021-06-17 15:32:54.340] [jointLog] [info] wrote 41 bootstraps
[2021-06-17 15:32:54.354] [jointLog] [info] wrote 42 bootstraps
[2021-06-17 15:32:54.359] [jointLog] [info] wrote 43 bootstraps
[2021-06-17 15:32:54.361] [jointLog] [info] wrote 44 bootstraps
[2021-06-17 15:32:54.362] [jointLog] [info] wrote 45 bootstraps
[2021-06-17 15:32:54.364] [jointLog] [info] wrote 46 bootstraps
[2021-06-17 15:32:54.525] [jointLog] [info] wrote 47 bootstraps
[2021-06-17 15:32:54.534] [jointLog] [info] wrote 48 bootstraps
[2021-06-17 15:32:54.539] [jointLog] [info] wrote 49 bootstraps
[2021-06-17 15:32:54.543] [jointLog] [info] wrote 50 bootstraps
[2021-06-17 15:32:54.543] [jointLog] [info] Finished Bootstrapping
