[2021-06-17 15:42:47.145] [jointLog] [info] setting maxHashResizeThreads to 24
[2021-06-17 15:42:47.145] [jointLog] [info] Fragment incompatibility prior below threshold.  Incompatible fragments will be ignored.
[2021-06-17 15:42:47.145] [jointLog] [info] Usage of --validateMappings implies use of minScoreFraction. Since not explicitly specified, it is being set to 0.65
[2021-06-17 15:42:47.145] [jointLog] [info] Setting consensusSlack to selective-alignment default of 0.35.
[2021-06-17 15:42:47.145] [jointLog] [info] parsing read library format
[2021-06-17 15:42:47.145] [jointLog] [info] There is 1 library.
[2021-06-17 15:42:47.231] [jointLog] [info] Loading pufferfish index
[2021-06-17 15:42:47.232] [jointLog] [info] Loading dense pufferfish index.
[2021-06-17 15:42:47.244] [jointLog] [info] done
[2021-06-17 15:42:47.244] [jointLog] [info] Index contained 1,293 targets
[2021-06-17 15:42:47.245] [jointLog] [info] Number of decoys : 0
[2021-06-17 15:42:50.983] [jointLog] [info] Automatically detected most likely library type as ISR

[2021-06-17 15:45:03.651] [jointLog] [info] Thread saw mini-batch with a maximum of 0.20% zero probability fragments
[2021-06-17 15:45:03.651] [jointLog] [info] Thread saw mini-batch with a maximum of 0.26% zero probability fragments
[2021-06-17 15:45:03.651] [jointLog] [info] Thread saw mini-batch with a maximum of 0.26% zero probability fragments
[2021-06-17 15:45:03.651] [jointLog] [info] Thread saw mini-batch with a maximum of 0.22% zero probability fragments
[2021-06-17 15:45:03.651] [jointLog] [info] Thread saw mini-batch with a maximum of 0.20% zero probability fragments
[2021-06-17 15:45:03.651] [jointLog] [info] Thread saw mini-batch with a maximum of 0.22% zero probability fragments
[2021-06-17 15:45:03.651] [jointLog] [info] Thread saw mini-batch with a maximum of 0.22% zero probability fragments
[2021-06-17 15:45:03.651] [jointLog] [info] Thread saw mini-batch with a maximum of 0.28% zero probability fragments
[2021-06-17 15:45:03.659] [jointLog] [info] Thread saw mini-batch with a maximum of 0.28% zero probability fragments
[2021-06-17 15:45:03.689] [jointLog] [info] Thread saw mini-batch with a maximum of 0.24% zero probability fragments
[2021-06-17 15:45:03.690] [jointLog] [info] Thread saw mini-batch with a maximum of 0.24% zero probability fragments
[2021-06-17 15:45:03.696] [jointLog] [info] Thread saw mini-batch with a maximum of 0.22% zero probability fragments
[2021-06-17 15:45:03.697] [jointLog] [info] Thread saw mini-batch with a maximum of 0.22% zero probability fragments
[2021-06-17 15:45:03.717] [jointLog] [info] Thread saw mini-batch with a maximum of 0.30% zero probability fragments
[2021-06-17 15:45:03.722] [jointLog] [info] Thread saw mini-batch with a maximum of 0.24% zero probability fragments
[2021-06-17 15:45:03.731] [jointLog] [info] Thread saw mini-batch with a maximum of 0.26% zero probability fragments
[2021-06-17 15:45:03.737] [jointLog] [info] Thread saw mini-batch with a maximum of 0.24% zero probability fragments
[2021-06-17 15:45:03.737] [jointLog] [info] Thread saw mini-batch with a maximum of 0.24% zero probability fragments
[2021-06-17 15:45:03.755] [jointLog] [info] Thread saw mini-batch with a maximum of 0.24% zero probability fragments
[2021-06-17 15:45:03.758] [jointLog] [info] Thread saw mini-batch with a maximum of 0.22% zero probability fragments
[2021-06-17 15:45:03.764] [jointLog] [info] Thread saw mini-batch with a maximum of 0.26% zero probability fragments
[2021-06-17 15:45:03.767] [jointLog] [info] Thread saw mini-batch with a maximum of 0.24% zero probability fragments
[2021-06-17 15:45:03.784] [jointLog] [info] Thread saw mini-batch with a maximum of 0.22% zero probability fragments
[2021-06-17 15:45:03.806] [jointLog] [info] Thread saw mini-batch with a maximum of 0.24% zero probability fragments
[2021-06-17 15:45:03.962] [jointLog] [info] Computed 4,714 rich equivalence classes for further processing
[2021-06-17 15:45:03.962] [jointLog] [info] Counted 3,190,884 total reads in the equivalence classes 
[2021-06-17 15:45:03.967] [jointLog] [info] Number of mappings discarded because of alignment score : 936,659
[2021-06-17 15:45:03.967] [jointLog] [info] Number of fragments entirely discarded because of alignment score : 730,787
[2021-06-17 15:45:03.967] [jointLog] [info] Number of fragments discarded because they are best-mapped to decoys : 0
[2021-06-17 15:45:03.968] [jointLog] [warning] Only 3190884 fragments were mapped, but the number of burn-in fragments was set to 5000000.
The effective lengths have been computed using the observed mappings.

[2021-06-17 15:45:03.968] [jointLog] [info] Mapping rate = 6.11952%

[2021-06-17 15:45:03.968] [jointLog] [info] finished quantifyLibrary()
[2021-06-17 15:45:03.969] [jointLog] [info] Starting optimizer
[2021-06-17 15:45:03.976] [jointLog] [info] Marked 0 weighted equivalence classes as degenerate
[2021-06-17 15:45:03.976] [jointLog] [info] iteration = 0 | max rel diff. = 2309.39
[2021-06-17 15:45:04.014] [jointLog] [info] iteration = 100 | max rel diff. = 0.191862
[2021-06-17 15:45:04.021] [jointLog] [info] iteration = 120 | max rel diff. = 0.00888007
[2021-06-17 15:45:04.022] [jointLog] [info] Finished optimizer
[2021-06-17 15:45:04.022] [jointLog] [info] writing output 

[2021-06-17 15:45:04.025] [jointLog] [info] Starting Bootstrapping
[2021-06-17 15:45:04.025] [jointLog] [info] Will draw 50 bootstrap samples
[2021-06-17 15:45:04.025] [jointLog] [info] Optimizing over 4,714 equivalence classes
[2021-06-17 15:45:04.025] [jointLog] [info] Marked 0 weighted equivalence classes as degenerate
[2021-06-17 15:45:03.963] [fileLog] [info] 
At end of round 0
==================
Observed 52142738 total fragments (52142738 in most recent round)

[2021-06-17 15:45:04.386] [jointLog] [info] wrote 1 bootstraps
[2021-06-17 15:45:04.392] [jointLog] [info] wrote 2 bootstraps
[2021-06-17 15:45:04.399] [jointLog] [info] wrote 3 bootstraps
[2021-06-17 15:45:04.400] [jointLog] [info] wrote 4 bootstraps
[2021-06-17 15:45:04.402] [jointLog] [info] wrote 5 bootstraps
[2021-06-17 15:45:04.406] [jointLog] [info] wrote 6 bootstraps
[2021-06-17 15:45:04.409] [jointLog] [info] wrote 7 bootstraps
[2021-06-17 15:45:04.419] [jointLog] [info] wrote 8 bootstraps
[2021-06-17 15:45:04.421] [jointLog] [info] wrote 9 bootstraps
[2021-06-17 15:45:04.422] [jointLog] [info] wrote 10 bootstraps
[2021-06-17 15:45:04.423] [jointLog] [info] wrote 11 bootstraps
[2021-06-17 15:45:04.429] [jointLog] [info] wrote 12 bootstraps
[2021-06-17 15:45:04.432] [jointLog] [info] wrote 13 bootstraps
[2021-06-17 15:45:04.444] [jointLog] [info] wrote 14 bootstraps
[2021-06-17 15:45:04.445] [jointLog] [info] wrote 15 bootstraps
[2021-06-17 15:45:04.464] [jointLog] [info] wrote 16 bootstraps
[2021-06-17 15:45:04.465] [jointLog] [info] wrote 17 bootstraps
[2021-06-17 15:45:04.474] [jointLog] [info] wrote 18 bootstraps
[2021-06-17 15:45:04.482] [jointLog] [info] wrote 19 bootstraps
[2021-06-17 15:45:04.487] [jointLog] [info] wrote 20 bootstraps
[2021-06-17 15:45:04.504] [jointLog] [info] wrote 21 bootstraps
[2021-06-17 15:45:04.507] [jointLog] [info] wrote 22 bootstraps
[2021-06-17 15:45:04.532] [jointLog] [info] wrote 23 bootstraps
[2021-06-17 15:45:04.753] [jointLog] [info] wrote 24 bootstraps
[2021-06-17 15:45:04.754] [jointLog] [info] wrote 25 bootstraps
[2021-06-17 15:45:04.760] [jointLog] [info] wrote 26 bootstraps
[2021-06-17 15:45:04.761] [jointLog] [info] wrote 27 bootstraps
[2021-06-17 15:45:04.762] [jointLog] [info] wrote 28 bootstraps
[2021-06-17 15:45:04.765] [jointLog] [info] wrote 29 bootstraps
[2021-06-17 15:45:04.771] [jointLog] [info] wrote 30 bootstraps
[2021-06-17 15:45:04.782] [jointLog] [info] wrote 31 bootstraps
[2021-06-17 15:45:04.784] [jointLog] [info] wrote 32 bootstraps
[2021-06-17 15:45:04.794] [jointLog] [info] wrote 33 bootstraps
[2021-06-17 15:45:04.802] [jointLog] [info] wrote 34 bootstraps
[2021-06-17 15:45:04.804] [jointLog] [info] wrote 35 bootstraps
[2021-06-17 15:45:04.805] [jointLog] [info] wrote 36 bootstraps
[2021-06-17 15:45:04.818] [jointLog] [info] wrote 37 bootstraps
[2021-06-17 15:45:04.822] [jointLog] [info] wrote 38 bootstraps
[2021-06-17 15:45:04.824] [jointLog] [info] wrote 39 bootstraps
[2021-06-17 15:45:04.825] [jointLog] [info] wrote 40 bootstraps
[2021-06-17 15:45:04.830] [jointLog] [info] wrote 41 bootstraps
[2021-06-17 15:45:04.850] [jointLog] [info] wrote 42 bootstraps
[2021-06-17 15:45:04.851] [jointLog] [info] wrote 43 bootstraps
[2021-06-17 15:45:04.863] [jointLog] [info] wrote 44 bootstraps
[2021-06-17 15:45:04.876] [jointLog] [info] wrote 45 bootstraps
[2021-06-17 15:45:04.909] [jointLog] [info] wrote 46 bootstraps
[2021-06-17 15:45:05.092] [jointLog] [info] wrote 47 bootstraps
[2021-06-17 15:45:05.095] [jointLog] [info] wrote 48 bootstraps
[2021-06-17 15:45:05.100] [jointLog] [info] wrote 49 bootstraps
[2021-06-17 15:45:05.116] [jointLog] [info] wrote 50 bootstraps
[2021-06-17 15:45:05.117] [jointLog] [info] Finished Bootstrapping
