[2018-10-25 12:22:39.917] [jointLog] [info] Fragment incompatibility prior below threshold.  Incompatible fragments will be ignored.
[2018-10-25 12:22:39.917] [jointLog] [info] parsing read library format
[2018-10-25 12:22:39.917] [jointLog] [info] There is 1 library.
[2018-10-25 12:22:39.957] [jointLog] [info] Loading Quasi index
[2018-10-25 12:22:39.958] [jointLog] [info] Loading 32-bit quasi index
[2018-10-25 12:22:48.859] [jointLog] [info] done
[2018-10-25 12:22:48.859] [jointLog] [info] Index contained 101,973 targets
[2018-10-25 12:22:49.908] [jointLog] [info] Automatically detected most likely library type as ISR
[2018-10-25 12:29:40.736] [jointLog] [info] Thread saw mini-batch with a maximum of 3.34% zero probability fragments
[2018-10-25 12:29:40.737] [jointLog] [info] Thread saw mini-batch with a maximum of 3.52% zero probability fragments
[2018-10-25 12:29:40.742] [jointLog] [info] Thread saw mini-batch with a maximum of 3.48% zero probability fragments
[2018-10-25 12:29:40.768] [jointLog] [info] Thread saw mini-batch with a maximum of 3.44% zero probability fragments
[2018-10-25 12:29:40.847] [jointLog] [info] Thread saw mini-batch with a maximum of 3.58% zero probability fragments
[2018-10-25 12:29:40.893] [jointLog] [info] Thread saw mini-batch with a maximum of 3.42% zero probability fragments
[2018-10-25 12:29:40.982] [jointLog] [info] Computed 56,639 rich equivalence classes for further processing
[2018-10-25 12:29:40.982] [jointLog] [info] Counted 25,750,507 total reads in the equivalence classes 
[2018-10-25 12:29:40.986] [jointLog] [info] Mapping rate = 61.3452%

[2018-10-25 12:29:40.986] [jointLog] [info] finished quantifyLibrary()
[2018-10-25 12:29:40.997] [jointLog] [info] Starting optimizer
[2018-10-25 12:29:41.046] [jointLog] [info] Marked 0 weighted equivalence classes as degenerate
[2018-10-25 12:29:41.051] [jointLog] [info] iteration = 0 | max rel diff. = 4353.47
[2018-10-25 12:29:40.983] [fileLog] [info] 
At end of round 0
==================
Observed 41976399 total fragments (41976399 in most recent round)

[2018-10-25 12:29:41.535] [jointLog] [info] iteration = 100 | max rel diff. = 18.0423
[2018-10-25 12:29:42.018] [jointLog] [info] iteration = 200 | max rel diff. = 1.40527
[2018-10-25 12:29:42.501] [jointLog] [info] iteration = 300 | max rel diff. = 1.8156
[2018-10-25 12:29:42.985] [jointLog] [info] iteration = 400 | max rel diff. = 0.261998
[2018-10-25 12:29:43.467] [jointLog] [info] iteration = 500 | max rel diff. = 0.205461
[2018-10-25 12:29:43.775] [jointLog] [info] iteration = 565 | max rel diff. = 0.00635573
[2018-10-25 12:29:43.787] [jointLog] [info] Finished optimizer
[2018-10-25 12:29:43.787] [jointLog] [info] writing output 

[2018-10-25 12:29:44.143] [jointLog] [info] Starting Bootstrapping
[2018-10-25 12:29:44.155] [jointLog] [info] Will draw 50 bootstrap samples
[2018-10-25 12:29:44.155] [jointLog] [info] Optimizing over 56,639 equivalence classes
[2018-10-25 12:29:44.160] [jointLog] [info] Marked 0 weighted equivalence classes as degenerate
[2018-10-25 12:29:56.143] [jointLog] [info] wrote 1 bootstraps
[2018-10-25 12:29:57.171] [jointLog] [info] wrote 2 bootstraps
[2018-10-25 12:29:57.793] [jointLog] [info] wrote 3 bootstraps
[2018-10-25 12:30:00.111] [jointLog] [info] wrote 4 bootstraps
[2018-10-25 12:30:00.367] [jointLog] [info] wrote 5 bootstraps
[2018-10-25 12:30:10.479] [jointLog] [info] wrote 6 bootstraps
[2018-10-25 12:30:14.044] [jointLog] [info] wrote 7 bootstraps
[2018-10-25 12:30:14.542] [jointLog] [info] wrote 8 bootstraps
[2018-10-25 12:30:16.754] [jointLog] [info] wrote 9 bootstraps
[2018-10-25 12:30:16.790] [jointLog] [info] wrote 10 bootstraps
[2018-10-25 12:30:24.959] [jointLog] [info] wrote 11 bootstraps
[2018-10-25 12:30:28.830] [jointLog] [info] wrote 12 bootstraps
[2018-10-25 12:30:33.118] [jointLog] [info] wrote 13 bootstraps
[2018-10-25 12:30:34.252] [jointLog] [info] wrote 14 bootstraps
[2018-10-25 12:30:35.495] [jointLog] [info] wrote 15 bootstraps
[2018-10-25 12:30:41.280] [jointLog] [info] wrote 16 bootstraps
[2018-10-25 12:30:45.691] [jointLog] [info] wrote 17 bootstraps
[2018-10-25 12:30:45.842] [jointLog] [info] wrote 18 bootstraps
[2018-10-25 12:30:47.545] [jointLog] [info] wrote 19 bootstraps
[2018-10-25 12:30:51.203] [jointLog] [info] wrote 20 bootstraps
[2018-10-25 12:30:57.874] [jointLog] [info] wrote 21 bootstraps
[2018-10-25 12:30:58.471] [jointLog] [info] wrote 22 bootstraps
[2018-10-25 12:30:58.939] [jointLog] [info] wrote 23 bootstraps
[2018-10-25 12:31:05.159] [jointLog] [info] wrote 24 bootstraps
[2018-10-25 12:31:07.873] [jointLog] [info] wrote 25 bootstraps
[2018-10-25 12:31:09.817] [jointLog] [info] wrote 26 bootstraps
[2018-10-25 12:31:15.135] [jointLog] [info] wrote 27 bootstraps
[2018-10-25 12:31:18.342] [jointLog] [info] wrote 28 bootstraps
[2018-10-25 12:31:23.768] [jointLog] [info] wrote 29 bootstraps
[2018-10-25 12:31:24.512] [jointLog] [info] wrote 30 bootstraps
[2018-10-25 12:31:25.301] [jointLog] [info] wrote 31 bootstraps
[2018-10-25 12:31:27.671] [jointLog] [info] wrote 32 bootstraps
[2018-10-25 12:31:29.252] [jointLog] [info] wrote 33 bootstraps
[2018-10-25 12:31:36.001] [jointLog] [info] wrote 34 bootstraps
[2018-10-25 12:31:38.578] [jointLog] [info] wrote 35 bootstraps
[2018-10-25 12:31:40.409] [jointLog] [info] wrote 36 bootstraps
[2018-10-25 12:31:42.733] [jointLog] [info] wrote 37 bootstraps
[2018-10-25 12:31:48.790] [jointLog] [info] wrote 38 bootstraps
[2018-10-25 12:31:49.286] [jointLog] [info] wrote 39 bootstraps
[2018-10-25 12:31:51.769] [jointLog] [info] wrote 40 bootstraps
[2018-10-25 12:31:52.630] [jointLog] [info] wrote 41 bootstraps
[2018-10-25 12:31:56.299] [jointLog] [info] wrote 42 bootstraps
[2018-10-25 12:32:04.369] [jointLog] [info] wrote 43 bootstraps
[2018-10-25 12:32:05.312] [jointLog] [info] wrote 44 bootstraps
[2018-10-25 12:32:06.491] [jointLog] [info] wrote 45 bootstraps
[2018-10-25 12:32:06.766] [jointLog] [info] wrote 46 bootstraps
[2018-10-25 12:32:13.006] [jointLog] [info] wrote 47 bootstraps
[2018-10-25 12:32:17.698] [jointLog] [info] wrote 48 bootstraps
[2018-10-25 12:32:19.936] [jointLog] [info] wrote 49 bootstraps
[2018-10-25 12:32:22.746] [jointLog] [info] wrote 50 bootstraps
[2018-10-25 12:32:22.755] [jointLog] [info] Finished Bootstrapping
